============================================================
Time  2024/03/27 15:50:03 018 
============================================================
[2024/03/27 15:50:03 018] tts        811  SYS_MSG_REGCB param0 =  msp_status_cb  param1 =  func(74016610) 
[2024/03/27 15:50:03 021] config     43   use general cloud  
[2024/03/27 15:50:03 027] tts_cloud  1438 SYS_MSG_REGCB_CLOUD param0 =   msp_status_cb  param1 =  func(74016610) 
[2024/03/27 15:50:03 027] tts        782  TTS_MSG_SSB  
[2024/03/27 15:50:03 027] tts        434  params =  engine_type = local,voice_name=xiaoyan, text_encoding = UTF8, tts_res_path = fo|res/tts/xiaoyan.jet;fo|res/tts/common.jet, sample_rate = 16000, speed = 50, volume = 50, pitch = 50, rdn = 2  
[2024/03/27 15:50:03 028] tts        273  auf=audio/L16;rate=16000  
[2024/03/27 15:50:03 028] tts        273  auf=audio/L16;rate=16000  
[2024/03/27 15:50:03 028] tts        471  ssb|use local  
[2024/03/27 15:50:03 028] tts        385  local_session_begin  
[2024/03/27 15:50:03 030] tts        789  TTS_MSG_SYN  0  
[2024/03/27 15:50:03 031] tts        514  synth|use local  
[2024/03/27 15:50:03 031] tts        792  TTS_MSG_GETAUDIO  0  
[2024/03/27 15:50:03 032] tts        557  get audio|use local  
[2024/03/27 15:50:03 032] tts        599  0  nil  1  
[2024/03/27 15:50:03 033] tts        792  TTS_MSG_GETAUDIO  0  
[2024/03/27 15:50:03 033] tts        557  get audio|use local  
[2024/03/27 15:50:03 033] tts        599  0  nil  1  
[2024/03/27 15:50:03 034] tts        792  TTS_MSG_GETAUDIO  0  
[2024/03/27 15:50:03 034] tts        557  get audio|use local  
[2024/03/27 15:50:03 034] tts        599  0  nil  1  
[2024/03/27 15:50:03 035] tts        792  TTS_MSG_GETAUDIO  0  
[2024/03/27 15:50:03 035] tts        557  get audio|use local  
[2024/03/27 15:50:03 035] tts        599  0  nil  1  
[2024/03/27 15:50:03 035] tts        792  TTS_MSG_GETAUDIO  0  
[2024/03/27 15:50:03 035] tts        557  get audio|use local  
[2024/03/27 15:50:03 035] tts        599  0  nil  1  
[2024/03/27 15:50:03 036] tts        792  TTS_MSG_GETAUDIO  0  
[2024/03/27 15:50:03 036] tts        557  get audio|use local  
[2024/03/27 15:50:03 036] tts        599  0  nil  1  
[2024/03/27 15:50:03 037] tts        792  TTS_MSG_GETAUDIO  0  
[2024/03/27 15:50:03 037] tts        557  get audio|use local  
[2024/03/27 15:50:03 037] tts        599  0  nil  1  
[2024/03/27 15:50:03 038] tts        792  TTS_MSG_GETAUDIO  0  
[2024/03/27 15:50:03 038] tts        557  get audio|use local  
[2024/03/27 15:50:03 038] tts        599  0  nil  1  
[2024/03/27 15:50:03 038] tts        792  TTS_MSG_GETAUDIO  0  
[2024/03/27 15:50:03 038] tts        557  get audio|use local  
[2024/03/27 15:50:03 039] tts        599  0  nil  1  
[2024/03/27 15:50:03 039] tts        792  TTS_MSG_GETAUDIO  0  
[2024/03/27 15:50:03 039] tts        557  get audio|use local  
[2024/03/27 15:50:03 039] tts        599  0  nil  1  
[2024/03/27 15:50:03 040] tts        792  TTS_MSG_GETAUDIO  0  
[2024/03/27 15:50:03 040] tts        557  get audio|use local  
[2024/03/27 15:50:03 040] tts        599  0  nil  1  
[2024/03/27 15:50:03 041] tts        792  TTS_MSG_GETAUDIO  0  
[2024/03/27 15:50:03 041] tts        557  get audio|use local  
[2024/03/27 15:50:03 041] tts        599  0  nil  1  
[2024/03/27 15:50:03 042] tts        792  TTS_MSG_GETAUDIO  0  
[2024/03/27 15:50:03 043] tts        557  get audio|use local  
[2024/03/27 15:50:03 043] tts        599  0  nil  1  
[2024/03/27 15:50:03 043] tts        792  TTS_MSG_GETAUDIO  0  
[2024/03/27 15:50:03 043] tts        557  get audio|use local  
[2024/03/27 15:50:03 044] tts        599  0  nil  1  
[2024/03/27 15:50:03 044] tts        792  TTS_MSG_GETAUDIO  0  
[2024/03/27 15:50:03 044] tts        557  get audio|use local  
[2024/03/27 15:50:03 045] tts        599  0  nil  1  
[2024/03/27 15:50:03 045] tts        792  TTS_MSG_GETAUDIO  0  
[2024/03/27 15:50:03 045] tts        557  get audio|use local  
[2024/03/27 15:50:03 045] tts        599  0  nil  1  
[2024/03/27 15:50:03 046] tts        792  TTS_MSG_GETAUDIO  0  
[2024/03/27 15:50:03 046] tts        557  get audio|use local  
[2024/03/27 15:50:03 046] tts        599  0  nil  1  
[2024/03/27 15:50:03 047] tts        792  TTS_MSG_GETAUDIO  0  
[2024/03/27 15:50:03 047] tts        557  get audio|use local  
[2024/03/27 15:50:03 047] tts        599  0  nil  1  
[2024/03/27 15:50:03 047] tts        792  TTS_MSG_GETAUDIO  0  
[2024/03/27 15:50:03 047] tts        557  get audio|use local  
[2024/03/27 15:50:03 047] tts        599  0  nil  1  
[2024/03/27 15:50:03 048] tts        792  TTS_MSG_GETAUDIO  0  
[2024/03/27 15:50:03 048] tts        557  get audio|use local  
[2024/03/27 15:50:03 048] tts        599  0  nil  1  
[2024/03/27 15:50:03 049] tts        792  TTS_MSG_GETAUDIO  0  
[2024/03/27 15:50:03 049] tts        557  get audio|use local  
[2024/03/27 15:50:03 049] tts        599  0  nil  1  
[2024/03/27 15:50:03 050] tts        792  TTS_MSG_GETAUDIO  0  
[2024/03/27 15:50:03 050] tts        557  get audio|use local  
[2024/03/27 15:50:03 050] tts        599  0  nil  1  
[2024/03/27 15:50:03 051] tts        792  TTS_MSG_GETAUDIO  0  
[2024/03/27 15:50:03 051] tts        557  get audio|use local  
[2024/03/27 15:50:03 051] tts        599  0  nil  1  
[2024/03/27 15:50:03 051] tts        792  TTS_MSG_GETAUDIO  0  
[2024/03/27 15:50:03 051] tts        557  get audio|use local  
[2024/03/27 15:50:03 051] tts        599  0  nil  1  
[2024/03/27 15:50:03 052] tts        792  TTS_MSG_GETAUDIO  0  
[2024/03/27 15:50:03 053] tts        557  get audio|use local  
[2024/03/27 15:50:03 053] tts        599  0  nil  1  
[2024/03/27 15:50:03 053] tts        792  TTS_MSG_GETAUDIO  0  
[2024/03/27 15:50:03 053] tts        557  get audio|use local  
[2024/03/27 15:50:03 053] tts        599  0  nil  1  
[2024/03/27 15:50:03 053] tts        792  TTS_MSG_GETAUDIO  0  
[2024/03/27 15:50:03 054] tts        557  get audio|use local  
[2024/03/27 15:50:03 054] tts        599  0  nil  1  
[2024/03/27 15:50:03 054] tts        792  TTS_MSG_GETAUDIO  0  
[2024/03/27 15:50:03 054] tts        557  get audio|use local  
[2024/03/27 15:50:03 054] tts        599  0  nil  1  
[2024/03/27 15:50:03 055] tts        792  TTS_MSG_GETAUDIO  0  
[2024/03/27 15:50:03 055] tts        557  get audio|use local  
[2024/03/27 15:50:03 055] tts        599  0  nil  1  
[2024/03/27 15:50:03 055] tts        792  TTS_MSG_GETAUDIO  0  
[2024/03/27 15:50:03 055] tts        557  get audio|use local  
[2024/03/27 15:50:03 055] tts        599  0  nil  1  
[2024/03/27 15:50:03 056] tts        792  TTS_MSG_GETAUDIO  0  
[2024/03/27 15:50:03 056] tts        557  get audio|use local  
[2024/03/27 15:50:03 056] tts        599  0  nil  1  
[2024/03/27 15:50:03 056] tts        792  TTS_MSG_GETAUDIO  0  
[2024/03/27 15:50:03 056] tts        557  get audio|use local  
[2024/03/27 15:50:03 056] tts        599  0  nil  1  
[2024/03/27 15:50:03 057] tts        792  TTS_MSG_GETAUDIO  0  
[2024/03/27 15:50:03 057] tts        557  get audio|use local  
[2024/03/27 15:50:03 057] tts        599  0  nil  1  
[2024/03/27 15:50:03 057] tts        792  TTS_MSG_GETAUDIO  0  
[2024/03/27 15:50:03 057] tts        557  get audio|use local  
[2024/03/27 15:50:03 057] tts        599  0  nil  1  
[2024/03/27 15:50:03 058] tts        792  TTS_MSG_GETAUDIO  0  
[2024/03/27 15:50:03 058] tts        557  get audio|use local  
[2024/03/27 15:50:03 058] tts        599  0  nil  1  
[2024/03/27 15:50:03 058] tts        792  TTS_MSG_GETAUDIO  0  
[2024/03/27 15:50:03 058] tts        557  get audio|use local  
[2024/03/27 15:50:03 058] tts        599  0  nil  1  
[2024/03/27 15:50:03 059] tts        792  TTS_MSG_GETAUDIO  0  
[2024/03/27 15:50:03 059] tts        557  get audio|use local  
[2024/03/27 15:50:03 059] tts        599  0  nil  1  
[2024/03/27 15:50:03 059] tts        792  TTS_MSG_GETAUDIO  0  
[2024/03/27 15:50:03 059] tts        557  get audio|use local  
[2024/03/27 15:50:03 059] tts        599  0  nil  1  
[2024/03/27 15:50:03 060] tts        792  TTS_MSG_GETAUDIO  0  
[2024/03/27 15:50:03 060] tts        557  get audio|use local  
[2024/03/27 15:50:03 060] tts        599  0  nil  1  
[2024/03/27 15:50:03 060] tts        792  TTS_MSG_GETAUDIO  0  
[2024/03/27 15:50:03 060] tts        557  get audio|use local  
[2024/03/27 15:50:03 060] tts        599  0  nil  1  
[2024/03/27 15:50:03 061] tts        792  TTS_MSG_GETAUDIO  0  
[2024/03/27 15:50:03 061] tts        557  get audio|use local  
[2024/03/27 15:50:03 061] tts        599  0  nil  1  
[2024/03/27 15:50:03 061] tts        792  TTS_MSG_GETAUDIO  0  
[2024/03/27 15:50:03 061] tts        557  get audio|use local  
[2024/03/27 15:50:03 061] tts        599  0  nil  1  
[2024/03/27 15:50:03 061] tts        792  TTS_MSG_GETAUDIO  0  
[2024/03/27 15:50:03 061] tts        557  get audio|use local  
[2024/03/27 15:50:03 061] tts        599  0  nil  1  
[2024/03/27 15:50:03 062] tts        792  TTS_MSG_GETAUDIO  0  
[2024/03/27 15:50:03 062] tts        557  get audio|use local  
[2024/03/27 15:50:03 062] tts        599  0  nil  1  
[2024/03/27 15:50:03 062] tts        792  TTS_MSG_GETAUDIO  0  
[2024/03/27 15:50:03 062] tts        557  get audio|use local  
[2024/03/27 15:50:03 062] tts        599  0  nil  1  
[2024/03/27 15:50:03 062] tts        792  TTS_MSG_GETAUDIO  0  
[2024/03/27 15:50:03 062] tts        557  get audio|use local  
[2024/03/27 15:50:03 062] tts        599  0  nil  1  
[2024/03/27 15:50:03 063] tts        792  TTS_MSG_GETAUDIO  0  
[2024/03/27 15:50:03 063] tts        557  get audio|use local  
[2024/03/27 15:50:03 063] tts        599  0  nil  1  
[2024/03/27 15:50:03 063] tts        792  TTS_MSG_GETAUDIO  0  
[2024/03/27 15:50:03 063] tts        557  get audio|use local  
[2024/03/27 15:50:03 063] tts        599  0  nil  1  
[2024/03/27 15:50:03 063] tts        792  TTS_MSG_GETAUDIO  0  
[2024/03/27 15:50:03 063] tts        557  get audio|use local  
[2024/03/27 15:50:03 063] tts        599  0  nil  1  
[2024/03/27 15:50:03 064] tts        792  TTS_MSG_GETAUDIO  0  
[2024/03/27 15:50:03 064] tts        557  get audio|use local  
[2024/03/27 15:50:03 064] tts        599  0  nil  1  
[2024/03/27 15:50:03 064] tts        792  TTS_MSG_GETAUDIO  0  
[2024/03/27 15:50:03 064] tts        557  get audio|use local  
[2024/03/27 15:50:03 064] tts        599  0  nil  1  
[2024/03/27 15:50:03 064] tts        792  TTS_MSG_GETAUDIO  0  
[2024/03/27 15:50:03 064] tts        557  get audio|use local  
[2024/03/27 15:50:03 064] tts        599  0  nil  1  
[2024/03/27 15:50:03 065] tts        792  TTS_MSG_GETAUDIO  0  
[2024/03/27 15:50:03 065] tts        557  get audio|use local  
[2024/03/27 15:50:03 065] tts        599  0  nil  1  
[2024/03/27 15:50:03 065] tts        792  TTS_MSG_GETAUDIO  0  
[2024/03/27 15:50:03 065] tts        557  get audio|use local  
[2024/03/27 15:50:03 065] tts        599  0  nil  1  
[2024/03/27 15:50:03 065] tts        792  TTS_MSG_GETAUDIO  0  
[2024/03/27 15:50:03 065] tts        557  get audio|use local  
[2024/03/27 15:50:03 065] tts        599  0  nil  1  
[2024/03/27 15:50:03 066] tts        792  TTS_MSG_GETAUDIO  0  
[2024/03/27 15:50:03 066] tts        557  get audio|use local  
[2024/03/27 15:50:03 066] tts        599  0  nil  1  
[2024/03/27 15:50:03 066] tts        792  TTS_MSG_GETAUDIO  0  
[2024/03/27 15:50:03 066] tts        557  get audio|use local  
[2024/03/27 15:50:03 066] tts        599  0  nil  1  
[2024/03/27 15:50:03 066] tts        792  TTS_MSG_GETAUDIO  0  
[2024/03/27 15:50:03 066] tts        557  get audio|use local  
[2024/03/27 15:50:03 066] tts        599  0  nil  1  
[2024/03/27 15:50:03 067] tts        792  TTS_MSG_GETAUDIO  0  
[2024/03/27 15:50:03 067] tts        557  get audio|use local  
[2024/03/27 15:50:03 067] tts        599  0  nil  1  
[2024/03/27 15:50:03 067] tts        792  TTS_MSG_GETAUDIO  0  
[2024/03/27 15:50:03 067] tts        557  get audio|use local  
[2024/03/27 15:50:03 067] tts        599  0  nil  1  
[2024/03/27 15:50:03 067] tts        792  TTS_MSG_GETAUDIO  0  
[2024/03/27 15:50:03 067] tts        557  get audio|use local  
[2024/03/27 15:50:03 067] tts        599  0  nil  1  
[2024/03/27 15:50:03 068] tts        792  TTS_MSG_GETAUDIO  0  
[2024/03/27 15:50:03 068] tts        557  get audio|use local  
[2024/03/27 15:50:03 068] tts        599  0  nil  1  
[2024/03/27 15:50:03 068] tts        792  TTS_MSG_GETAUDIO  0  
[2024/03/27 15:50:03 068] tts        557  get audio|use local  
[2024/03/27 15:50:03 068] tts        599  0  nil  1  
[2024/03/27 15:50:03 068] tts        792  TTS_MSG_GETAUDIO  0  
[2024/03/27 15:50:03 068] tts        557  get audio|use local  
[2024/03/27 15:50:03 068] tts        599  0  nil  1  
[2024/03/27 15:50:03 069] tts        792  TTS_MSG_GETAUDIO  0  
[2024/03/27 15:50:03 069] tts        557  get audio|use local  
[2024/03/27 15:50:03 069] tts        599  0  nil  1  
[2024/03/27 15:50:03 069] tts        792  TTS_MSG_GETAUDIO  0  
[2024/03/27 15:50:03 069] tts        557  get audio|use local  
[2024/03/27 15:50:03 069] tts        599  0  nil  1  
[2024/03/27 15:50:03 069] tts        792  TTS_MSG_GETAUDIO  0  
[2024/03/27 15:50:03 069] tts        557  get audio|use local  
[2024/03/27 15:50:03 069] tts        599  0  nil  1  
[2024/03/27 15:50:03 069] tts        792  TTS_MSG_GETAUDIO  0  
[2024/03/27 15:50:03 070] tts        557  get audio|use local  
[2024/03/27 15:50:03 070] tts        599  0  nil  1  
[2024/03/27 15:50:03 070] tts        792  TTS_MSG_GETAUDIO  0  
[2024/03/27 15:50:03 070] tts        557  get audio|use local  
[2024/03/27 15:50:03 070] tts        599  0  nil  1  
[2024/03/27 15:50:03 070] tts        792  TTS_MSG_GETAUDIO  0  
[2024/03/27 15:50:03 070] tts        557  get audio|use local  
[2024/03/27 15:50:03 070] tts        599  0  nil  1  
[2024/03/27 15:50:03 070] tts        792  TTS_MSG_GETAUDIO  0  
[2024/03/27 15:50:03 070] tts        557  get audio|use local  
[2024/03/27 15:50:03 070] tts        599  0  nil  1  
[2024/03/27 15:50:03 070] tts        792  TTS_MSG_GETAUDIO  0  
[2024/03/27 15:50:03 070] tts        557  get audio|use local  
[2024/03/27 15:50:03 070] tts        599  0  nil  1  
[2024/03/27 15:50:03 071] tts        792  TTS_MSG_GETAUDIO  0  
[2024/03/27 15:50:03 071] tts        557  get audio|use local  
[2024/03/27 15:50:03 071] tts        599  0  nil  1  
[2024/03/27 15:50:03 071] tts        792  TTS_MSG_GETAUDIO  0  
[2024/03/27 15:50:03 071] tts        557  get audio|use local  
[2024/03/27 15:50:03 071] tts        599  0  nil  1  
[2024/03/27 15:50:03 071] tts        792  TTS_MSG_GETAUDIO  0  
[2024/03/27 15:50:03 071] tts        557  get audio|use local  
[2024/03/27 15:50:03 071] tts        599  0  nil  1  
[2024/03/27 15:50:03 071] tts        792  TTS_MSG_GETAUDIO  0  
[2024/03/27 15:50:03 071] tts        557  get audio|use local  
[2024/03/27 15:50:03 071] tts        599  0  nil  1  
[2024/03/27 15:50:03 071] tts        792  TTS_MSG_GETAUDIO  0  
[2024/03/27 15:50:03 071] tts        557  get audio|use local  
[2024/03/27 15:50:03 071] tts        599  0  nil  1  
[2024/03/27 15:50:03 071] tts        792  TTS_MSG_GETAUDIO  0  
[2024/03/27 15:50:03 071] tts        557  get audio|use local  
[2024/03/27 15:50:03 071] tts        599  0  nil  1  
[2024/03/27 15:50:03 072] tts        792  TTS_MSG_GETAUDIO  0  
[2024/03/27 15:50:03 072] tts        557  get audio|use local  
[2024/03/27 15:50:03 072] tts        599  0  nil  1  
[2024/03/27 15:50:03 072] tts        792  TTS_MSG_GETAUDIO  0  
[2024/03/27 15:50:03 072] tts        557  get audio|use local  
[2024/03/27 15:50:03 072] tts        599  0  nil  1  
[2024/03/27 15:50:03 073] tts        792  TTS_MSG_GETAUDIO  0  
[2024/03/27 15:50:03 073] tts        557  get audio|use local  
[2024/03/27 15:50:03 073] tts        599  0  nil  1  
[2024/03/27 15:50:03 073] tts        792  TTS_MSG_GETAUDIO  0  
[2024/03/27 15:50:03 073] tts        557  get audio|use local  
[2024/03/27 15:50:03 073] tts        599  0  nil  1  
[2024/03/27 15:50:03 073] tts        792  TTS_MSG_GETAUDIO  0  
[2024/03/27 15:50:03 073] tts        557  get audio|use local  
[2024/03/27 15:50:03 073] tts        599  0  nil  1  
[2024/03/27 15:50:03 074] tts        792  TTS_MSG_GETAUDIO  0  
[2024/03/27 15:50:03 074] tts        557  get audio|use local  
[2024/03/27 15:50:03 074] tts        599  0  nil  1  
[2024/03/27 15:50:03 074] tts        792  TTS_MSG_GETAUDIO  0  
[2024/03/27 15:50:03 074] tts        557  get audio|use local  
[2024/03/27 15:50:03 074] tts        599  0  nil  1  
[2024/03/27 15:50:03 074] tts        792  TTS_MSG_GETAUDIO  0  
[2024/03/27 15:50:03 074] tts        557  get audio|use local  
[2024/03/27 15:50:03 074] tts        599  0  nil  1  
[2024/03/27 15:50:03 075] tts        792  TTS_MSG_GETAUDIO  0  
[2024/03/27 15:50:03 075] tts        557  get audio|use local  
[2024/03/27 15:50:03 075] tts        599  0  nil  1  
[2024/03/27 15:50:03 075] tts        792  TTS_MSG_GETAUDIO  0  
[2024/03/27 15:50:03 075] tts        557  get audio|use local  
[2024/03/27 15:50:03 075] tts        599  0  nil  1  
[2024/03/27 15:50:03 075] tts        792  TTS_MSG_GETAUDIO  0  
[2024/03/27 15:50:03 075] tts        557  get audio|use local  
[2024/03/27 15:50:03 075] tts        599  0  nil  1  
[2024/03/27 15:50:03 075] tts        792  TTS_MSG_GETAUDIO  0  
[2024/03/27 15:50:03 076] tts        557  get audio|use local  
[2024/03/27 15:50:03 076] tts        599  0  nil  1  
[2024/03/27 15:50:03 076] tts        792  TTS_MSG_GETAUDIO  0  
[2024/03/27 15:50:03 076] tts        557  get audio|use local  
[2024/03/27 15:50:03 076] tts        599  0  nil  1  
[2024/03/27 15:50:03 076] tts        792  TTS_MSG_GETAUDIO  0  
[2024/03/27 15:50:03 076] tts        557  get audio|use local  
[2024/03/27 15:50:03 076] tts        599  0  nil  1  
[2024/03/27 15:50:03 077] tts        792  TTS_MSG_GETAUDIO  0  
[2024/03/27 15:50:03 077] tts        557  get audio|use local  
[2024/03/27 15:50:03 077] tts        599  0  nil  1  
[2024/03/27 15:50:03 077] tts        792  TTS_MSG_GETAUDIO  0  
[2024/03/27 15:50:03 077] tts        557  get audio|use local  
[2024/03/27 15:50:03 077] tts        599  0  nil  1  
[2024/03/27 15:50:03 077] tts        301  TTS_LOCAL_CB_BEGIN  
[2024/03/27 15:50:03 077] tts        792  TTS_MSG_GETAUDIO  0  
[2024/03/27 15:50:03 077] tts        557  get audio|use local  
[2024/03/27 15:50:03 077] tts        599  0  nil  1  
[2024/03/27 15:50:03 077] tts        792  TTS_MSG_GETAUDIO  0  
[2024/03/27 15:50:03 077] tts        557  get audio|use local  
[2024/03/27 15:50:03 077] tts        599  0  nil  1  
[2024/03/27 15:50:03 078] tts        792  TTS_MSG_GETAUDIO  0  
[2024/03/27 15:50:03 078] tts        557  get audio|use local  
[2024/03/27 15:50:03 078] tts        599  0  nil  1  
[2024/03/27 15:50:03 078] tts        792  TTS_MSG_GETAUDIO  0  
[2024/03/27 15:50:03 078] tts        557  get audio|use local  
[2024/03/27 15:50:03 078] tts        599  0  nil  1  
[2024/03/27 15:50:03 078] tts        792  TTS_MSG_GETAUDIO  0  
[2024/03/27 15:50:03 078] tts        557  get audio|use local  
[2024/03/27 15:50:03 078] tts        599  0  nil  1  
[2024/03/27 15:50:03 078] tts        792  TTS_MSG_GETAUDIO  0  
[2024/03/27 15:50:03 078] tts        557  get audio|use local  
[2024/03/27 15:50:03 078] tts        599  0  nil  1  
[2024/03/27 15:50:03 078] tts        792  TTS_MSG_GETAUDIO  0  
[2024/03/27 15:50:03 078] tts        557  get audio|use local  
[2024/03/27 15:50:03 078] tts        599  0  nil  1  
[2024/03/27 15:50:03 078] tts        792  TTS_MSG_GETAUDIO  0  
[2024/03/27 15:50:03 078] tts        557  get audio|use local  
[2024/03/27 15:50:03 078] tts        599  0  nil  1  
[2024/03/27 15:50:03 079] tts        792  TTS_MSG_GETAUDIO  0  
[2024/03/27 15:50:03 079] tts        557  get audio|use local  
[2024/03/27 15:50:03 079] tts        599  0  nil  1  
[2024/03/27 15:50:03 079] tts        317  TTS_LOCAL_CB_OUTPUT  101  udata(74089b98) 15  
[2024/03/27 15:50:03 079] tts        321  udata(74089b98) 15  
[2024/03/27 15:50:03 079] tts        792  TTS_MSG_GETAUDIO  0  
[2024/03/27 15:50:03 079] tts        557  get audio|use local  
[2024/03/27 15:50:03 079] tts        570  local audiolen:  140  ,ced:  15  
[2024/03/27 15:50:03 079] tts        599  0  udata(74089d98) 1  
[2024/03/27 15:50:03 079] tts        792  TTS_MSG_GETAUDIO  0  
[2024/03/27 15:50:03 079] tts        557  get audio|use local  
[2024/03/27 15:50:03 079] tts        599  0  nil  1  
[2024/03/27 15:50:03 079] tts        792  TTS_MSG_GETAUDIO  0  
[2024/03/27 15:50:03 079] tts        557  get audio|use local  
[2024/03/27 15:50:03 079] tts        599  0  nil  1  
[2024/03/27 15:50:03 080] tts        317  TTS_LOCAL_CB_OUTPUT  101  udata(74089de8) 15  
[2024/03/27 15:50:03 080] tts        321  udata(74089de8) 15  
[2024/03/27 15:50:03 080] tts        792  TTS_MSG_GETAUDIO  0  
[2024/03/27 15:50:03 080] tts        557  get audio|use local  
[2024/03/27 15:50:03 080] tts        570  local audiolen:  9926  ,ced:  15  
[2024/03/27 15:50:03 080] tts        599  0  udata(7406c9a8) 1  
[2024/03/27 15:50:03 080] tts        792  TTS_MSG_GETAUDIO  0  
[2024/03/27 15:50:03 080] tts        557  get audio|use local  
[2024/03/27 15:50:03 080] tts        599  0  nil  1  
[2024/03/27 15:50:03 080] tts        317  TTS_LOCAL_CB_OUTPUT  101  udata(74089a98) 15  
[2024/03/27 15:50:03 080] tts        321  udata(74089a98) 15  
[2024/03/27 15:50:03 080] tts        792  TTS_MSG_GETAUDIO  0  
[2024/03/27 15:50:03 080] tts        557  get audio|use local  
[2024/03/27 15:50:03 080] tts        570  local audiolen:  5486  ,ced:  15  
[2024/03/27 15:50:03 080] tts        599  0  udata(74089f38) 1  
[2024/03/27 15:50:03 080] tts        792  TTS_MSG_GETAUDIO  0  
[2024/03/27 15:50:03 081] tts        557  get audio|use local  
[2024/03/27 15:50:03 081] tts        599  0  nil  1  
[2024/03/27 15:50:03 081] tts        317  TTS_LOCAL_CB_OUTPUT  101  udata(74072c78) 15  
[2024/03/27 15:50:03 081] tts        321  udata(74072c78) 15  
[2024/03/27 15:50:03 081] tts        792  TTS_MSG_GETAUDIO  0  
[2024/03/27 15:50:03 081] tts        557  get audio|use local  
[2024/03/27 15:50:03 081] tts        570  local audiolen:  5468  ,ced:  15  
[2024/03/27 15:50:03 081] tts        599  0  udata(74072dc8) 1  
[2024/03/27 15:50:03 081] tts        792  TTS_MSG_GETAUDIO  0  
[2024/03/27 15:50:03 081] tts        557  get audio|use local  
[2024/03/27 15:50:03 081] tts        599  0  nil  1  
[2024/03/27 15:50:03 081] tts        792  TTS_MSG_GETAUDIO  0  
[2024/03/27 15:50:03 081] tts        557  get audio|use local  
[2024/03/27 15:50:03 081] tts        599  0  nil  1  
[2024/03/27 15:50:03 081] tts        792  TTS_MSG_GETAUDIO  0  
[2024/03/27 15:50:03 081] tts        557  get audio|use local  
[2024/03/27 15:50:03 081] tts        599  0  nil  1  
[2024/03/27 15:50:03 081] tts        317  TTS_LOCAL_CB_OUTPUT  101  udata(74072e18) 15  
[2024/03/27 15:50:03 081] tts        321  udata(74072e18) 15  
[2024/03/27 15:50:03 081] tts        792  TTS_MSG_GETAUDIO  0  
[2024/03/27 15:50:03 081] tts        557  get audio|use local  
[2024/03/27 15:50:03 081] tts        570  local audiolen:  9372  ,ced:  15  
[2024/03/27 15:50:03 081] tts        599  0  udata(74072f18) 1  
[2024/03/27 15:50:03 082] tts        792  TTS_MSG_GETAUDIO  0  
[2024/03/27 15:50:03 082] tts        557  get audio|use local  
[2024/03/27 15:50:03 082] tts        599  0  nil  1  
[2024/03/27 15:50:03 082] tts        317  TTS_LOCAL_CB_OUTPUT  101  udata(74072f68) 15  
[2024/03/27 15:50:03 082] tts        321  udata(74072f68) 15  
[2024/03/27 15:50:03 082] tts        303  0  0  
[2024/03/27 15:50:03 082] tts        314  TTS_LOCAL_CB_END,  2  
[2024/03/27 15:50:03 082] tts        792  TTS_MSG_GETAUDIO  0  
[2024/03/27 15:50:03 082] tts        557  get audio|use local  
[2024/03/27 15:50:03 082] tts        570  local audiolen:  8702  ,ced:  15  
[2024/03/27 15:50:03 082] tts        599  0  udata(740731e8) 2  
[2024/03/27 15:50:03 082] tts        795  TTS_MSG_SSE  
[2024/03/27 15:50:03 082] tts        693  sse|use local  
[2024/03/27 15:50:03 083] tts        711  tts exit  
