============================================================
Time  2024/03/27 15:55:54 696 
============================================================
[2024/03/27 15:55:54 696] tts        811  SYS_MSG_REGCB param0 =  msp_status_cb  param1 =  func(540167f0) 
[2024/03/27 15:55:54 699] config     43   use general cloud  
[2024/03/27 15:55:54 701] tts_cloud  1438 SYS_MSG_REGCB_CLOUD param0 =   msp_status_cb  param1 =  func(540167f0) 
[2024/03/27 15:55:54 701] tts        782  TTS_MSG_SSB  
[2024/03/27 15:55:54 701] tts        434  params =  engine_type = local,voice_name=xiaoyan, text_encoding = UTF8, tts_res_path = fo|res/tts/xiaoyan.jet;fo|res/tts/common.jet, sample_rate = 16000, speed = 50, volume = 50, pitch = 50, rdn = 2  
[2024/03/27 15:55:54 701] tts        273  auf=audio/L16;rate=16000  
[2024/03/27 15:55:54 701] tts        273  auf=audio/L16;rate=16000  
[2024/03/27 15:55:54 701] tts        471  ssb|use local  
[2024/03/27 15:55:54 701] tts        385  local_session_begin  
[2024/03/27 15:55:54 701] tts        789  TTS_MSG_SYN  0  
[2024/03/27 15:55:54 701] tts        514  synth|use local  
[2024/03/27 15:55:54 702] tts        792  TTS_MSG_GETAUDIO  0  
[2024/03/27 15:55:54 702] tts        557  get audio|use local  
[2024/03/27 15:55:54 702] tts        599  0  nil  1  
[2024/03/27 15:55:54 702] tts        792  TTS_MSG_GETAUDIO  0  
[2024/03/27 15:55:54 702] tts        557  get audio|use local  
[2024/03/27 15:55:54 702] tts        599  0  nil  1  
[2024/03/27 15:55:54 702] tts        792  TTS_MSG_GETAUDIO  0  
[2024/03/27 15:55:54 702] tts        557  get audio|use local  
[2024/03/27 15:55:54 702] tts        599  0  nil  1  
[2024/03/27 15:55:54 702] tts        792  TTS_MSG_GETAUDIO  0  
[2024/03/27 15:55:54 702] tts        557  get audio|use local  
[2024/03/27 15:55:54 702] tts        599  0  nil  1  
[2024/03/27 15:55:54 703] tts        792  TTS_MSG_GETAUDIO  0  
[2024/03/27 15:55:54 703] tts        557  get audio|use local  
[2024/03/27 15:55:54 703] tts        599  0  nil  1  
[2024/03/27 15:55:54 703] tts        792  TTS_MSG_GETAUDIO  0  
[2024/03/27 15:55:54 703] tts        557  get audio|use local  
[2024/03/27 15:55:54 703] tts        599  0  nil  1  
[2024/03/27 15:55:54 703] tts        792  TTS_MSG_GETAUDIO  0  
[2024/03/27 15:55:54 703] tts        557  get audio|use local  
[2024/03/27 15:55:54 703] tts        599  0  nil  1  
[2024/03/27 15:55:54 703] tts        792  TTS_MSG_GETAUDIO  0  
[2024/03/27 15:55:54 703] tts        557  get audio|use local  
[2024/03/27 15:55:54 703] tts        599  0  nil  1  
[2024/03/27 15:55:54 703] tts        792  TTS_MSG_GETAUDIO  0  
[2024/03/27 15:55:54 703] tts        557  get audio|use local  
[2024/03/27 15:55:54 703] tts        599  0  nil  1  
[2024/03/27 15:55:54 703] tts        792  TTS_MSG_GETAUDIO  0  
[2024/03/27 15:55:54 704] tts        557  get audio|use local  
[2024/03/27 15:55:54 704] tts        599  0  nil  1  
[2024/03/27 15:55:54 704] tts        792  TTS_MSG_GETAUDIO  0  
[2024/03/27 15:55:54 704] tts        557  get audio|use local  
[2024/03/27 15:55:54 704] tts        599  0  nil  1  
[2024/03/27 15:55:54 704] tts        792  TTS_MSG_GETAUDIO  0  
[2024/03/27 15:55:54 704] tts        557  get audio|use local  
[2024/03/27 15:55:54 704] tts        599  0  nil  1  
[2024/03/27 15:55:54 704] tts        792  TTS_MSG_GETAUDIO  0  
[2024/03/27 15:55:54 704] tts        557  get audio|use local  
[2024/03/27 15:55:54 704] tts        599  0  nil  1  
[2024/03/27 15:55:54 704] tts        792  TTS_MSG_GETAUDIO  0  
[2024/03/27 15:55:54 704] tts        557  get audio|use local  
[2024/03/27 15:55:54 704] tts        599  0  nil  1  
[2024/03/27 15:55:54 704] tts        792  TTS_MSG_GETAUDIO  0  
[2024/03/27 15:55:54 704] tts        557  get audio|use local  
[2024/03/27 15:55:54 704] tts        599  0  nil  1  
[2024/03/27 15:55:54 705] tts        792  TTS_MSG_GETAUDIO  0  
[2024/03/27 15:55:54 705] tts        557  get audio|use local  
[2024/03/27 15:55:54 705] tts        599  0  nil  1  
[2024/03/27 15:55:54 705] tts        792  TTS_MSG_GETAUDIO  0  
[2024/03/27 15:55:54 705] tts        557  get audio|use local  
[2024/03/27 15:55:54 705] tts        599  0  nil  1  
[2024/03/27 15:55:54 705] tts        792  TTS_MSG_GETAUDIO  0  
[2024/03/27 15:55:54 705] tts        557  get audio|use local  
[2024/03/27 15:55:54 705] tts        599  0  nil  1  
[2024/03/27 15:55:54 705] tts        792  TTS_MSG_GETAUDIO  0  
[2024/03/27 15:55:54 705] tts        557  get audio|use local  
[2024/03/27 15:55:54 705] tts        599  0  nil  1  
[2024/03/27 15:55:54 705] tts        792  TTS_MSG_GETAUDIO  0  
[2024/03/27 15:55:54 706] tts        557  get audio|use local  
[2024/03/27 15:55:54 706] tts        599  0  nil  1  
[2024/03/27 15:55:54 706] tts        792  TTS_MSG_GETAUDIO  0  
[2024/03/27 15:55:54 706] tts        557  get audio|use local  
[2024/03/27 15:55:54 706] tts        599  0  nil  1  
[2024/03/27 15:55:54 706] tts        792  TTS_MSG_GETAUDIO  0  
[2024/03/27 15:55:54 706] tts        557  get audio|use local  
[2024/03/27 15:55:54 706] tts        599  0  nil  1  
[2024/03/27 15:55:54 706] tts        792  TTS_MSG_GETAUDIO  0  
[2024/03/27 15:55:54 706] tts        557  get audio|use local  
[2024/03/27 15:55:54 706] tts        599  0  nil  1  
[2024/03/27 15:55:54 706] tts        792  TTS_MSG_GETAUDIO  0  
[2024/03/27 15:55:54 707] tts        557  get audio|use local  
[2024/03/27 15:55:54 707] tts        599  0  nil  1  
[2024/03/27 15:55:54 707] tts        792  TTS_MSG_GETAUDIO  0  
[2024/03/27 15:55:54 707] tts        557  get audio|use local  
[2024/03/27 15:55:54 707] tts        599  0  nil  1  
[2024/03/27 15:55:54 707] tts        792  TTS_MSG_GETAUDIO  0  
[2024/03/27 15:55:54 707] tts        557  get audio|use local  
[2024/03/27 15:55:54 707] tts        599  0  nil  1  
[2024/03/27 15:55:54 707] tts        792  TTS_MSG_GETAUDIO  0  
[2024/03/27 15:55:54 707] tts        557  get audio|use local  
[2024/03/27 15:55:54 707] tts        599  0  nil  1  
[2024/03/27 15:55:54 707] tts        792  TTS_MSG_GETAUDIO  0  
[2024/03/27 15:55:54 707] tts        557  get audio|use local  
[2024/03/27 15:55:54 707] tts        599  0  nil  1  
[2024/03/27 15:55:54 707] tts        792  TTS_MSG_GETAUDIO  0  
[2024/03/27 15:55:54 707] tts        557  get audio|use local  
[2024/03/27 15:55:54 707] tts        599  0  nil  1  
[2024/03/27 15:55:54 707] tts        792  TTS_MSG_GETAUDIO  0  
[2024/03/27 15:55:54 707] tts        557  get audio|use local  
[2024/03/27 15:55:54 707] tts        599  0  nil  1  
[2024/03/27 15:55:54 707] tts        792  TTS_MSG_GETAUDIO  0  
[2024/03/27 15:55:54 707] tts        557  get audio|use local  
[2024/03/27 15:55:54 707] tts        599  0  nil  1  
[2024/03/27 15:55:54 708] tts        792  TTS_MSG_GETAUDIO  0  
[2024/03/27 15:55:54 708] tts        557  get audio|use local  
[2024/03/27 15:55:54 708] tts        599  0  nil  1  
[2024/03/27 15:55:54 708] tts        792  TTS_MSG_GETAUDIO  0  
[2024/03/27 15:55:54 708] tts        557  get audio|use local  
[2024/03/27 15:55:54 708] tts        599  0  nil  1  
[2024/03/27 15:55:54 708] tts        792  TTS_MSG_GETAUDIO  0  
[2024/03/27 15:55:54 708] tts        557  get audio|use local  
[2024/03/27 15:55:54 708] tts        599  0  nil  1  
[2024/03/27 15:55:54 708] tts        792  TTS_MSG_GETAUDIO  0  
[2024/03/27 15:55:54 708] tts        557  get audio|use local  
[2024/03/27 15:55:54 708] tts        599  0  nil  1  
[2024/03/27 15:55:54 708] tts        792  TTS_MSG_GETAUDIO  0  
[2024/03/27 15:55:54 708] tts        557  get audio|use local  
[2024/03/27 15:55:54 709] tts        599  0  nil  1  
[2024/03/27 15:55:54 709] tts        792  TTS_MSG_GETAUDIO  0  
[2024/03/27 15:55:54 709] tts        557  get audio|use local  
[2024/03/27 15:55:54 709] tts        599  0  nil  1  
[2024/03/27 15:55:54 709] tts        792  TTS_MSG_GETAUDIO  0  
[2024/03/27 15:55:54 709] tts        557  get audio|use local  
[2024/03/27 15:55:54 709] tts        599  0  nil  1  
[2024/03/27 15:55:54 709] tts        792  TTS_MSG_GETAUDIO  0  
[2024/03/27 15:55:54 709] tts        557  get audio|use local  
[2024/03/27 15:55:54 709] tts        599  0  nil  1  
[2024/03/27 15:55:54 709] tts        792  TTS_MSG_GETAUDIO  0  
[2024/03/27 15:55:54 709] tts        557  get audio|use local  
[2024/03/27 15:55:54 709] tts        599  0  nil  1  
[2024/03/27 15:55:54 710] tts        792  TTS_MSG_GETAUDIO  0  
[2024/03/27 15:55:54 710] tts        557  get audio|use local  
[2024/03/27 15:55:54 710] tts        599  0  nil  1  
[2024/03/27 15:55:54 710] tts        792  TTS_MSG_GETAUDIO  0  
[2024/03/27 15:55:54 710] tts        557  get audio|use local  
[2024/03/27 15:55:54 710] tts        599  0  nil  1  
[2024/03/27 15:55:54 710] tts        792  TTS_MSG_GETAUDIO  0  
[2024/03/27 15:55:54 710] tts        557  get audio|use local  
[2024/03/27 15:55:54 710] tts        599  0  nil  1  
[2024/03/27 15:55:54 710] tts        792  TTS_MSG_GETAUDIO  0  
[2024/03/27 15:55:54 710] tts        557  get audio|use local  
[2024/03/27 15:55:54 710] tts        599  0  nil  1  
[2024/03/27 15:55:54 711] tts        792  TTS_MSG_GETAUDIO  0  
[2024/03/27 15:55:54 711] tts        557  get audio|use local  
[2024/03/27 15:55:54 711] tts        599  0  nil  1  
[2024/03/27 15:55:54 711] tts        792  TTS_MSG_GETAUDIO  0  
[2024/03/27 15:55:54 711] tts        557  get audio|use local  
[2024/03/27 15:55:54 711] tts        599  0  nil  1  
[2024/03/27 15:55:54 711] tts        792  TTS_MSG_GETAUDIO  0  
[2024/03/27 15:55:54 711] tts        557  get audio|use local  
[2024/03/27 15:55:54 711] tts        599  0  nil  1  
[2024/03/27 15:55:54 711] tts        792  TTS_MSG_GETAUDIO  0  
[2024/03/27 15:55:54 711] tts        557  get audio|use local  
[2024/03/27 15:55:54 711] tts        599  0  nil  1  
[2024/03/27 15:55:54 711] tts        792  TTS_MSG_GETAUDIO  0  
[2024/03/27 15:55:54 712] tts        557  get audio|use local  
[2024/03/27 15:55:54 712] tts        599  0  nil  1  
[2024/03/27 15:55:54 712] tts        792  TTS_MSG_GETAUDIO  0  
[2024/03/27 15:55:54 712] tts        557  get audio|use local  
[2024/03/27 15:55:54 712] tts        599  0  nil  1  
[2024/03/27 15:55:54 712] tts        792  TTS_MSG_GETAUDIO  0  
[2024/03/27 15:55:54 712] tts        557  get audio|use local  
[2024/03/27 15:55:54 712] tts        599  0  nil  1  
[2024/03/27 15:55:54 713] tts        792  TTS_MSG_GETAUDIO  0  
[2024/03/27 15:55:54 713] tts        557  get audio|use local  
[2024/03/27 15:55:54 713] tts        599  0  nil  1  
[2024/03/27 15:55:54 713] tts        792  TTS_MSG_GETAUDIO  0  
[2024/03/27 15:55:54 713] tts        557  get audio|use local  
[2024/03/27 15:55:54 713] tts        599  0  nil  1  
[2024/03/27 15:55:54 713] tts        792  TTS_MSG_GETAUDIO  0  
[2024/03/27 15:55:54 713] tts        557  get audio|use local  
[2024/03/27 15:55:54 713] tts        599  0  nil  1  
[2024/03/27 15:55:54 713] tts        792  TTS_MSG_GETAUDIO  0  
[2024/03/27 15:55:54 713] tts        557  get audio|use local  
[2024/03/27 15:55:54 713] tts        599  0  nil  1  
[2024/03/27 15:55:54 713] tts        792  TTS_MSG_GETAUDIO  0  
[2024/03/27 15:55:54 713] tts        557  get audio|use local  
[2024/03/27 15:55:54 713] tts        599  0  nil  1  
[2024/03/27 15:55:54 713] tts        792  TTS_MSG_GETAUDIO  0  
[2024/03/27 15:55:54 713] tts        557  get audio|use local  
[2024/03/27 15:55:54 713] tts        599  0  nil  1  
[2024/03/27 15:55:54 713] tts        792  TTS_MSG_GETAUDIO  0  
[2024/03/27 15:55:54 713] tts        557  get audio|use local  
[2024/03/27 15:55:54 713] tts        599  0  nil  1  
[2024/03/27 15:55:54 714] tts        792  TTS_MSG_GETAUDIO  0  
[2024/03/27 15:55:54 714] tts        557  get audio|use local  
[2024/03/27 15:55:54 714] tts        599  0  nil  1  
[2024/03/27 15:55:54 714] tts        792  TTS_MSG_GETAUDIO  0  
[2024/03/27 15:55:54 714] tts        557  get audio|use local  
[2024/03/27 15:55:54 714] tts        599  0  nil  1  
[2024/03/27 15:55:54 714] tts        792  TTS_MSG_GETAUDIO  0  
[2024/03/27 15:55:54 714] tts        557  get audio|use local  
[2024/03/27 15:55:54 714] tts        599  0  nil  1  
[2024/03/27 15:55:54 714] tts        792  TTS_MSG_GETAUDIO  0  
[2024/03/27 15:55:54 714] tts        557  get audio|use local  
[2024/03/27 15:55:54 714] tts        599  0  nil  1  
[2024/03/27 15:55:54 714] tts        792  TTS_MSG_GETAUDIO  0  
[2024/03/27 15:55:54 714] tts        557  get audio|use local  
[2024/03/27 15:55:54 714] tts        599  0  nil  1  
[2024/03/27 15:55:54 714] tts        792  TTS_MSG_GETAUDIO  0  
[2024/03/27 15:55:54 714] tts        557  get audio|use local  
[2024/03/27 15:55:54 714] tts        599  0  nil  1  
[2024/03/27 15:55:54 714] tts        792  TTS_MSG_GETAUDIO  0  
[2024/03/27 15:55:54 714] tts        557  get audio|use local  
[2024/03/27 15:55:54 714] tts        599  0  nil  1  
[2024/03/27 15:55:54 714] tts        792  TTS_MSG_GETAUDIO  0  
[2024/03/27 15:55:54 714] tts        557  get audio|use local  
[2024/03/27 15:55:54 714] tts        599  0  nil  1  
[2024/03/27 15:55:54 714] tts        792  TTS_MSG_GETAUDIO  0  
[2024/03/27 15:55:54 714] tts        557  get audio|use local  
[2024/03/27 15:55:54 714] tts        599  0  nil  1  
[2024/03/27 15:55:54 714] tts        792  TTS_MSG_GETAUDIO  0  
[2024/03/27 15:55:54 714] tts        557  get audio|use local  
[2024/03/27 15:55:54 714] tts        599  0  nil  1  
[2024/03/27 15:55:54 715] tts        792  TTS_MSG_GETAUDIO  0  
[2024/03/27 15:55:54 715] tts        557  get audio|use local  
[2024/03/27 15:55:54 715] tts        599  0  nil  1  
[2024/03/27 15:55:54 715] tts        792  TTS_MSG_GETAUDIO  0  
[2024/03/27 15:55:54 715] tts        557  get audio|use local  
[2024/03/27 15:55:54 715] tts        599  0  nil  1  
[2024/03/27 15:55:54 715] tts        792  TTS_MSG_GETAUDIO  0  
[2024/03/27 15:55:54 715] tts        557  get audio|use local  
[2024/03/27 15:55:54 715] tts        599  0  nil  1  
[2024/03/27 15:55:54 715] tts        792  TTS_MSG_GETAUDIO  0  
[2024/03/27 15:55:54 715] tts        557  get audio|use local  
[2024/03/27 15:55:54 715] tts        599  0  nil  1  
[2024/03/27 15:55:54 715] tts        792  TTS_MSG_GETAUDIO  0  
[2024/03/27 15:55:54 715] tts        557  get audio|use local  
[2024/03/27 15:55:54 715] tts        599  0  nil  1  
[2024/03/27 15:55:54 715] tts        792  TTS_MSG_GETAUDIO  0  
[2024/03/27 15:55:54 715] tts        557  get audio|use local  
[2024/03/27 15:55:54 715] tts        599  0  nil  1  
[2024/03/27 15:55:54 715] tts        792  TTS_MSG_GETAUDIO  0  
[2024/03/27 15:55:54 715] tts        557  get audio|use local  
[2024/03/27 15:55:54 715] tts        599  0  nil  1  
[2024/03/27 15:55:54 715] tts        792  TTS_MSG_GETAUDIO  0  
[2024/03/27 15:55:54 715] tts        557  get audio|use local  
[2024/03/27 15:55:54 715] tts        599  0  nil  1  
[2024/03/27 15:55:54 715] tts        792  TTS_MSG_GETAUDIO  0  
[2024/03/27 15:55:54 715] tts        557  get audio|use local  
[2024/03/27 15:55:54 715] tts        599  0  nil  1  
[2024/03/27 15:55:54 715] tts        792  TTS_MSG_GETAUDIO  0  
[2024/03/27 15:55:54 715] tts        557  get audio|use local  
[2024/03/27 15:55:54 715] tts        599  0  nil  1  
[2024/03/27 15:55:54 716] tts        792  TTS_MSG_GETAUDIO  0  
[2024/03/27 15:55:54 716] tts        557  get audio|use local  
[2024/03/27 15:55:54 716] tts        599  0  nil  1  
[2024/03/27 15:55:54 716] tts        792  TTS_MSG_GETAUDIO  0  
[2024/03/27 15:55:54 716] tts        557  get audio|use local  
[2024/03/27 15:55:54 716] tts        599  0  nil  1  
[2024/03/27 15:55:54 716] tts        792  TTS_MSG_GETAUDIO  0  
[2024/03/27 15:55:54 716] tts        557  get audio|use local  
[2024/03/27 15:55:54 716] tts        599  0  nil  1  
[2024/03/27 15:55:54 716] tts        792  TTS_MSG_GETAUDIO  0  
[2024/03/27 15:55:54 716] tts        557  get audio|use local  
[2024/03/27 15:55:54 716] tts        599  0  nil  1  
[2024/03/27 15:55:54 716] tts        792  TTS_MSG_GETAUDIO  0  
[2024/03/27 15:55:54 716] tts        557  get audio|use local  
[2024/03/27 15:55:54 716] tts        599  0  nil  1  
[2024/03/27 15:55:54 716] tts        792  TTS_MSG_GETAUDIO  0  
[2024/03/27 15:55:54 716] tts        557  get audio|use local  
[2024/03/27 15:55:54 716] tts        599  0  nil  1  
[2024/03/27 15:55:54 716] tts        792  TTS_MSG_GETAUDIO  0  
[2024/03/27 15:55:54 716] tts        557  get audio|use local  
[2024/03/27 15:55:54 716] tts        599  0  nil  1  
[2024/03/27 15:55:54 716] tts        792  TTS_MSG_GETAUDIO  0  
[2024/03/27 15:55:54 716] tts        557  get audio|use local  
[2024/03/27 15:55:54 716] tts        599  0  nil  1  
[2024/03/27 15:55:54 716] tts        792  TTS_MSG_GETAUDIO  0  
[2024/03/27 15:55:54 716] tts        557  get audio|use local  
[2024/03/27 15:55:54 716] tts        599  0  nil  1  
[2024/03/27 15:55:54 716] tts        792  TTS_MSG_GETAUDIO  0  
[2024/03/27 15:55:54 716] tts        557  get audio|use local  
[2024/03/27 15:55:54 716] tts        599  0  nil  1  
[2024/03/27 15:55:54 717] tts        792  TTS_MSG_GETAUDIO  0  
[2024/03/27 15:55:54 717] tts        557  get audio|use local  
[2024/03/27 15:55:54 717] tts        599  0  nil  1  
[2024/03/27 15:55:54 717] tts        792  TTS_MSG_GETAUDIO  0  
[2024/03/27 15:55:54 717] tts        557  get audio|use local  
[2024/03/27 15:55:54 717] tts        599  0  nil  1  
[2024/03/27 15:55:54 717] tts        792  TTS_MSG_GETAUDIO  0  
[2024/03/27 15:55:54 717] tts        557  get audio|use local  
[2024/03/27 15:55:54 717] tts        599  0  nil  1  
[2024/03/27 15:55:54 717] tts        792  TTS_MSG_GETAUDIO  0  
[2024/03/27 15:55:54 717] tts        557  get audio|use local  
[2024/03/27 15:55:54 717] tts        599  0  nil  1  
[2024/03/27 15:55:54 717] tts        792  TTS_MSG_GETAUDIO  0  
[2024/03/27 15:55:54 717] tts        557  get audio|use local  
[2024/03/27 15:55:54 717] tts        599  0  nil  1  
[2024/03/27 15:55:54 717] tts        792  TTS_MSG_GETAUDIO  0  
[2024/03/27 15:55:54 717] tts        557  get audio|use local  
[2024/03/27 15:55:54 717] tts        599  0  nil  1  
[2024/03/27 15:55:54 717] tts        792  TTS_MSG_GETAUDIO  0  
[2024/03/27 15:55:54 717] tts        557  get audio|use local  
[2024/03/27 15:55:54 717] tts        599  0  nil  1  
[2024/03/27 15:55:54 717] tts        792  TTS_MSG_GETAUDIO  0  
[2024/03/27 15:55:54 717] tts        557  get audio|use local  
[2024/03/27 15:55:54 717] tts        599  0  nil  1  
[2024/03/27 15:55:54 717] tts        792  TTS_MSG_GETAUDIO  0  
[2024/03/27 15:55:54 717] tts        557  get audio|use local  
[2024/03/27 15:55:54 717] tts        599  0  nil  1  
[2024/03/27 15:55:54 717] tts        792  TTS_MSG_GETAUDIO  0  
[2024/03/27 15:55:54 717] tts        557  get audio|use local  
[2024/03/27 15:55:54 717] tts        599  0  nil  1  
[2024/03/27 15:55:54 717] tts        792  TTS_MSG_GETAUDIO  0  
[2024/03/27 15:55:54 718] tts        557  get audio|use local  
[2024/03/27 15:55:54 718] tts        599  0  nil  1  
[2024/03/27 15:55:54 718] tts        792  TTS_MSG_GETAUDIO  0  
[2024/03/27 15:55:54 718] tts        557  get audio|use local  
[2024/03/27 15:55:54 718] tts        599  0  nil  1  
[2024/03/27 15:55:54 718] tts        792  TTS_MSG_GETAUDIO  0  
[2024/03/27 15:55:54 718] tts        557  get audio|use local  
[2024/03/27 15:55:54 718] tts        599  0  nil  1  
[2024/03/27 15:55:54 718] tts        792  TTS_MSG_GETAUDIO  0  
[2024/03/27 15:55:54 718] tts        557  get audio|use local  
[2024/03/27 15:55:54 718] tts        599  0  nil  1  
[2024/03/27 15:55:54 718] tts        792  TTS_MSG_GETAUDIO  0  
[2024/03/27 15:55:54 718] tts        557  get audio|use local  
[2024/03/27 15:55:54 718] tts        599  0  nil  1  
[2024/03/27 15:55:54 718] tts        792  TTS_MSG_GETAUDIO  0  
[2024/03/27 15:55:54 718] tts        557  get audio|use local  
[2024/03/27 15:55:54 718] tts        599  0  nil  1  
[2024/03/27 15:55:54 718] tts        792  TTS_MSG_GETAUDIO  0  
[2024/03/27 15:55:54 718] tts        557  get audio|use local  
[2024/03/27 15:55:54 718] tts        599  0  nil  1  
[2024/03/27 15:55:54 718] tts        792  TTS_MSG_GETAUDIO  0  
[2024/03/27 15:55:54 718] tts        557  get audio|use local  
[2024/03/27 15:55:54 718] tts        599  0  nil  1  
[2024/03/27 15:55:54 718] tts        792  TTS_MSG_GETAUDIO  0  
[2024/03/27 15:55:54 718] tts        557  get audio|use local  
[2024/03/27 15:55:54 718] tts        599  0  nil  1  
[2024/03/27 15:55:54 718] tts        792  TTS_MSG_GETAUDIO  0  
[2024/03/27 15:55:54 718] tts        557  get audio|use local  
[2024/03/27 15:55:54 718] tts        599  0  nil  1  
[2024/03/27 15:55:54 718] tts        792  TTS_MSG_GETAUDIO  0  
[2024/03/27 15:55:54 718] tts        557  get audio|use local  
[2024/03/27 15:55:54 718] tts        599  0  nil  1  
[2024/03/27 15:55:54 719] tts        792  TTS_MSG_GETAUDIO  0  
[2024/03/27 15:55:54 719] tts        557  get audio|use local  
[2024/03/27 15:55:54 719] tts        599  0  nil  1  
[2024/03/27 15:55:54 719] tts        792  TTS_MSG_GETAUDIO  0  
[2024/03/27 15:55:54 719] tts        557  get audio|use local  
[2024/03/27 15:55:54 719] tts        599  0  nil  1  
[2024/03/27 15:55:54 719] tts        792  TTS_MSG_GETAUDIO  0  
[2024/03/27 15:55:54 719] tts        557  get audio|use local  
[2024/03/27 15:55:54 719] tts        599  0  nil  1  
[2024/03/27 15:55:54 719] tts        792  TTS_MSG_GETAUDIO  0  
[2024/03/27 15:55:54 719] tts        557  get audio|use local  
[2024/03/27 15:55:54 719] tts        599  0  nil  1  
[2024/03/27 15:55:54 719] tts        792  TTS_MSG_GETAUDIO  0  
[2024/03/27 15:55:54 719] tts        557  get audio|use local  
[2024/03/27 15:55:54 719] tts        599  0  nil  1  
[2024/03/27 15:55:54 719] tts        792  TTS_MSG_GETAUDIO  0  
[2024/03/27 15:55:54 719] tts        557  get audio|use local  
[2024/03/27 15:55:54 719] tts        599  0  nil  1  
[2024/03/27 15:55:54 719] tts        792  TTS_MSG_GETAUDIO  0  
[2024/03/27 15:55:54 719] tts        557  get audio|use local  
[2024/03/27 15:55:54 719] tts        599  0  nil  1  
[2024/03/27 15:55:54 719] tts        792  TTS_MSG_GETAUDIO  0  
[2024/03/27 15:55:54 719] tts        557  get audio|use local  
[2024/03/27 15:55:54 719] tts        599  0  nil  1  
[2024/03/27 15:55:54 719] tts        792  TTS_MSG_GETAUDIO  0  
[2024/03/27 15:55:54 719] tts        557  get audio|use local  
[2024/03/27 15:55:54 719] tts        599  0  nil  1  
[2024/03/27 15:55:54 719] tts        792  TTS_MSG_GETAUDIO  0  
[2024/03/27 15:55:54 719] tts        557  get audio|use local  
[2024/03/27 15:55:54 719] tts        599  0  nil  1  
[2024/03/27 15:55:54 720] tts        792  TTS_MSG_GETAUDIO  0  
[2024/03/27 15:55:54 720] tts        557  get audio|use local  
[2024/03/27 15:55:54 720] tts        599  0  nil  1  
[2024/03/27 15:55:54 720] tts        792  TTS_MSG_GETAUDIO  0  
[2024/03/27 15:55:54 720] tts        557  get audio|use local  
[2024/03/27 15:55:54 720] tts        599  0  nil  1  
[2024/03/27 15:55:54 720] tts        792  TTS_MSG_GETAUDIO  0  
[2024/03/27 15:55:54 720] tts        557  get audio|use local  
[2024/03/27 15:55:54 720] tts        599  0  nil  1  
[2024/03/27 15:55:54 720] tts        792  TTS_MSG_GETAUDIO  0  
[2024/03/27 15:55:54 720] tts        557  get audio|use local  
[2024/03/27 15:55:54 720] tts        599  0  nil  1  
[2024/03/27 15:55:54 720] tts        792  TTS_MSG_GETAUDIO  0  
[2024/03/27 15:55:54 720] tts        557  get audio|use local  
[2024/03/27 15:55:54 720] tts        599  0  nil  1  
[2024/03/27 15:55:54 720] tts        792  TTS_MSG_GETAUDIO  0  
[2024/03/27 15:55:54 720] tts        557  get audio|use local  
[2024/03/27 15:55:54 720] tts        599  0  nil  1  
[2024/03/27 15:55:54 720] tts        792  TTS_MSG_GETAUDIO  0  
[2024/03/27 15:55:54 720] tts        557  get audio|use local  
[2024/03/27 15:55:54 720] tts        599  0  nil  1  
[2024/03/27 15:55:54 720] tts        792  TTS_MSG_GETAUDIO  0  
[2024/03/27 15:55:54 720] tts        557  get audio|use local  
[2024/03/27 15:55:54 720] tts        599  0  nil  1  
[2024/03/27 15:55:54 720] tts        792  TTS_MSG_GETAUDIO  0  
[2024/03/27 15:55:54 720] tts        557  get audio|use local  
[2024/03/27 15:55:54 720] tts        599  0  nil  1  
[2024/03/27 15:55:54 720] tts        792  TTS_MSG_GETAUDIO  0  
[2024/03/27 15:55:54 720] tts        557  get audio|use local  
[2024/03/27 15:55:54 720] tts        599  0  nil  1  
[2024/03/27 15:55:54 721] tts        792  TTS_MSG_GETAUDIO  0  
[2024/03/27 15:55:54 721] tts        557  get audio|use local  
[2024/03/27 15:55:54 721] tts        599  0  nil  1  
[2024/03/27 15:55:54 721] tts        792  TTS_MSG_GETAUDIO  0  
[2024/03/27 15:55:54 721] tts        557  get audio|use local  
[2024/03/27 15:55:54 721] tts        599  0  nil  1  
[2024/03/27 15:55:54 721] tts        792  TTS_MSG_GETAUDIO  0  
[2024/03/27 15:55:54 721] tts        557  get audio|use local  
[2024/03/27 15:55:54 721] tts        599  0  nil  1  
[2024/03/27 15:55:54 721] tts        792  TTS_MSG_GETAUDIO  0  
[2024/03/27 15:55:54 721] tts        557  get audio|use local  
[2024/03/27 15:55:54 721] tts        599  0  nil  1  
[2024/03/27 15:55:54 721] tts        792  TTS_MSG_GETAUDIO  0  
[2024/03/27 15:55:54 721] tts        557  get audio|use local  
[2024/03/27 15:55:54 721] tts        599  0  nil  1  
[2024/03/27 15:55:54 721] tts        792  TTS_MSG_GETAUDIO  0  
[2024/03/27 15:55:54 721] tts        557  get audio|use local  
[2024/03/27 15:55:54 721] tts        599  0  nil  1  
[2024/03/27 15:55:54 721] tts        792  TTS_MSG_GETAUDIO  0  
[2024/03/27 15:55:54 721] tts        557  get audio|use local  
[2024/03/27 15:55:54 721] tts        599  0  nil  1  
[2024/03/27 15:55:54 721] tts        792  TTS_MSG_GETAUDIO  0  
[2024/03/27 15:55:54 721] tts        557  get audio|use local  
[2024/03/27 15:55:54 721] tts        599  0  nil  1  
[2024/03/27 15:55:54 721] tts        792  TTS_MSG_GETAUDIO  0  
[2024/03/27 15:55:54 721] tts        557  get audio|use local  
[2024/03/27 15:55:54 721] tts        599  0  nil  1  
[2024/03/27 15:55:54 721] tts        792  TTS_MSG_GETAUDIO  0  
[2024/03/27 15:55:54 721] tts        557  get audio|use local  
[2024/03/27 15:55:54 721] tts        599  0  nil  1  
[2024/03/27 15:55:54 722] tts        792  TTS_MSG_GETAUDIO  0  
[2024/03/27 15:55:54 722] tts        557  get audio|use local  
[2024/03/27 15:55:54 722] tts        599  0  nil  1  
[2024/03/27 15:55:54 722] tts        792  TTS_MSG_GETAUDIO  0  
[2024/03/27 15:55:54 722] tts        557  get audio|use local  
[2024/03/27 15:55:54 722] tts        599  0  nil  1  
[2024/03/27 15:55:54 722] tts        792  TTS_MSG_GETAUDIO  0  
[2024/03/27 15:55:54 722] tts        557  get audio|use local  
[2024/03/27 15:55:54 722] tts        599  0  nil  1  
[2024/03/27 15:55:54 722] tts        792  TTS_MSG_GETAUDIO  0  
[2024/03/27 15:55:54 722] tts        557  get audio|use local  
[2024/03/27 15:55:54 722] tts        599  0  nil  1  
[2024/03/27 15:55:54 722] tts        792  TTS_MSG_GETAUDIO  0  
[2024/03/27 15:55:54 722] tts        557  get audio|use local  
[2024/03/27 15:55:54 722] tts        599  0  nil  1  
[2024/03/27 15:55:54 722] tts        792  TTS_MSG_GETAUDIO  0  
[2024/03/27 15:55:54 722] tts        557  get audio|use local  
[2024/03/27 15:55:54 722] tts        599  0  nil  1  
[2024/03/27 15:55:54 722] tts        792  TTS_MSG_GETAUDIO  0  
[2024/03/27 15:55:54 722] tts        557  get audio|use local  
[2024/03/27 15:55:54 722] tts        599  0  nil  1  
[2024/03/27 15:55:54 722] tts        792  TTS_MSG_GETAUDIO  0  
[2024/03/27 15:55:54 722] tts        557  get audio|use local  
[2024/03/27 15:55:54 722] tts        599  0  nil  1  
[2024/03/27 15:55:54 722] tts        792  TTS_MSG_GETAUDIO  0  
[2024/03/27 15:55:54 722] tts        557  get audio|use local  
[2024/03/27 15:55:54 722] tts        599  0  nil  1  
[2024/03/27 15:55:54 722] tts        792  TTS_MSG_GETAUDIO  0  
[2024/03/27 15:55:54 722] tts        557  get audio|use local  
[2024/03/27 15:55:54 722] tts        599  0  nil  1  
[2024/03/27 15:55:54 722] tts        792  TTS_MSG_GETAUDIO  0  
[2024/03/27 15:55:54 723] tts        557  get audio|use local  
[2024/03/27 15:55:54 723] tts        599  0  nil  1  
[2024/03/27 15:55:54 723] tts        792  TTS_MSG_GETAUDIO  0  
[2024/03/27 15:55:54 723] tts        557  get audio|use local  
[2024/03/27 15:55:54 723] tts        599  0  nil  1  
[2024/03/27 15:55:54 723] tts        792  TTS_MSG_GETAUDIO  0  
[2024/03/27 15:55:54 723] tts        557  get audio|use local  
[2024/03/27 15:55:54 723] tts        599  0  nil  1  
[2024/03/27 15:55:54 723] tts        792  TTS_MSG_GETAUDIO  0  
[2024/03/27 15:55:54 723] tts        557  get audio|use local  
[2024/03/27 15:55:54 723] tts        599  0  nil  1  
[2024/03/27 15:55:54 723] tts        792  TTS_MSG_GETAUDIO  0  
[2024/03/27 15:55:54 723] tts        557  get audio|use local  
[2024/03/27 15:55:54 723] tts        599  0  nil  1  
[2024/03/27 15:55:54 723] tts        792  TTS_MSG_GETAUDIO  0  
[2024/03/27 15:55:54 723] tts        557  get audio|use local  
[2024/03/27 15:55:54 723] tts        599  0  nil  1  
[2024/03/27 15:55:54 723] tts        792  TTS_MSG_GETAUDIO  0  
[2024/03/27 15:55:54 723] tts        557  get audio|use local  
[2024/03/27 15:55:54 723] tts        599  0  nil  1  
[2024/03/27 15:55:54 723] tts        792  TTS_MSG_GETAUDIO  0  
[2024/03/27 15:55:54 723] tts        557  get audio|use local  
[2024/03/27 15:55:54 723] tts        599  0  nil  1  
[2024/03/27 15:55:54 723] tts        792  TTS_MSG_GETAUDIO  0  
[2024/03/27 15:55:54 723] tts        557  get audio|use local  
[2024/03/27 15:55:54 723] tts        599  0  nil  1  
[2024/03/27 15:55:54 723] tts        792  TTS_MSG_GETAUDIO  0  
[2024/03/27 15:55:54 723] tts        557  get audio|use local  
[2024/03/27 15:55:54 723] tts        599  0  nil  1  
[2024/03/27 15:55:54 723] tts        792  TTS_MSG_GETAUDIO  0  
[2024/03/27 15:55:54 723] tts        557  get audio|use local  
[2024/03/27 15:55:54 723] tts        599  0  nil  1  
[2024/03/27 15:55:54 724] tts        792  TTS_MSG_GETAUDIO  0  
[2024/03/27 15:55:54 724] tts        557  get audio|use local  
[2024/03/27 15:55:54 724] tts        599  0  nil  1  
[2024/03/27 15:55:54 724] tts        792  TTS_MSG_GETAUDIO  0  
[2024/03/27 15:55:54 724] tts        557  get audio|use local  
[2024/03/27 15:55:54 724] tts        599  0  nil  1  
[2024/03/27 15:55:54 724] tts        792  TTS_MSG_GETAUDIO  0  
[2024/03/27 15:55:54 724] tts        557  get audio|use local  
[2024/03/27 15:55:54 724] tts        599  0  nil  1  
[2024/03/27 15:55:54 724] tts        792  TTS_MSG_GETAUDIO  0  
[2024/03/27 15:55:54 724] tts        557  get audio|use local  
[2024/03/27 15:55:54 724] tts        599  0  nil  1  
[2024/03/27 15:55:54 724] tts        792  TTS_MSG_GETAUDIO  0  
[2024/03/27 15:55:54 724] tts        557  get audio|use local  
[2024/03/27 15:55:54 724] tts        599  0  nil  1  
[2024/03/27 15:55:54 724] tts        792  TTS_MSG_GETAUDIO  0  
[2024/03/27 15:55:54 724] tts        557  get audio|use local  
[2024/03/27 15:55:54 724] tts        599  0  nil  1  
[2024/03/27 15:55:54 724] tts        792  TTS_MSG_GETAUDIO  0  
[2024/03/27 15:55:54 724] tts        557  get audio|use local  
[2024/03/27 15:55:54 724] tts        599  0  nil  1  
[2024/03/27 15:55:54 724] tts        792  TTS_MSG_GETAUDIO  0  
[2024/03/27 15:55:54 724] tts        557  get audio|use local  
[2024/03/27 15:55:54 724] tts        599  0  nil  1  
[2024/03/27 15:55:54 724] tts        792  TTS_MSG_GETAUDIO  0  
[2024/03/27 15:55:54 724] tts        557  get audio|use local  
[2024/03/27 15:55:54 724] tts        599  0  nil  1  
[2024/03/27 15:55:54 724] tts        792  TTS_MSG_GETAUDIO  0  
[2024/03/27 15:55:54 724] tts        557  get audio|use local  
[2024/03/27 15:55:54 724] tts        599  0  nil  1  
[2024/03/27 15:55:54 725] tts        792  TTS_MSG_GETAUDIO  0  
[2024/03/27 15:55:54 725] tts        557  get audio|use local  
[2024/03/27 15:55:54 725] tts        599  0  nil  1  
[2024/03/27 15:55:54 725] tts        792  TTS_MSG_GETAUDIO  0  
[2024/03/27 15:55:54 725] tts        557  get audio|use local  
[2024/03/27 15:55:54 725] tts        599  0  nil  1  
[2024/03/27 15:55:54 725] tts        792  TTS_MSG_GETAUDIO  0  
[2024/03/27 15:55:54 725] tts        557  get audio|use local  
[2024/03/27 15:55:54 725] tts        599  0  nil  1  
[2024/03/27 15:55:54 725] tts        792  TTS_MSG_GETAUDIO  0  
[2024/03/27 15:55:54 725] tts        557  get audio|use local  
[2024/03/27 15:55:54 725] tts        599  0  nil  1  
[2024/03/27 15:55:54 725] tts        792  TTS_MSG_GETAUDIO  0  
[2024/03/27 15:55:54 725] tts        557  get audio|use local  
[2024/03/27 15:55:54 725] tts        599  0  nil  1  
[2024/03/27 15:55:54 725] tts        792  TTS_MSG_GETAUDIO  0  
[2024/03/27 15:55:54 725] tts        557  get audio|use local  
[2024/03/27 15:55:54 725] tts        599  0  nil  1  
[2024/03/27 15:55:54 725] tts        792  TTS_MSG_GETAUDIO  0  
[2024/03/27 15:55:54 725] tts        557  get audio|use local  
[2024/03/27 15:55:54 725] tts        599  0  nil  1  
[2024/03/27 15:55:54 725] tts        792  TTS_MSG_GETAUDIO  0  
[2024/03/27 15:55:54 725] tts        557  get audio|use local  
[2024/03/27 15:55:54 725] tts        599  0  nil  1  
[2024/03/27 15:55:54 725] tts        792  TTS_MSG_GETAUDIO  0  
[2024/03/27 15:55:54 725] tts        557  get audio|use local  
[2024/03/27 15:55:54 725] tts        599  0  nil  1  
[2024/03/27 15:55:54 725] tts        792  TTS_MSG_GETAUDIO  0  
[2024/03/27 15:55:54 725] tts        557  get audio|use local  
[2024/03/27 15:55:54 725] tts        599  0  nil  1  
[2024/03/27 15:55:54 725] tts        792  TTS_MSG_GETAUDIO  0  
[2024/03/27 15:55:54 726] tts        557  get audio|use local  
[2024/03/27 15:55:54 726] tts        599  0  nil  1  
[2024/03/27 15:55:54 726] tts        792  TTS_MSG_GETAUDIO  0  
[2024/03/27 15:55:54 726] tts        557  get audio|use local  
[2024/03/27 15:55:54 726] tts        599  0  nil  1  
[2024/03/27 15:55:54 726] tts        792  TTS_MSG_GETAUDIO  0  
[2024/03/27 15:55:54 726] tts        557  get audio|use local  
[2024/03/27 15:55:54 726] tts        599  0  nil  1  
[2024/03/27 15:55:54 726] tts        792  TTS_MSG_GETAUDIO  0  
[2024/03/27 15:55:54 726] tts        557  get audio|use local  
[2024/03/27 15:55:54 726] tts        599  0  nil  1  
[2024/03/27 15:55:54 726] tts        792  TTS_MSG_GETAUDIO  0  
[2024/03/27 15:55:54 726] tts        557  get audio|use local  
[2024/03/27 15:55:54 726] tts        599  0  nil  1  
[2024/03/27 15:55:54 726] tts        792  TTS_MSG_GETAUDIO  0  
[2024/03/27 15:55:54 726] tts        557  get audio|use local  
[2024/03/27 15:55:54 726] tts        599  0  nil  1  
[2024/03/27 15:55:54 726] tts        792  TTS_MSG_GETAUDIO  0  
[2024/03/27 15:55:54 726] tts        557  get audio|use local  
[2024/03/27 15:55:54 726] tts        599  0  nil  1  
[2024/03/27 15:55:54 726] tts        792  TTS_MSG_GETAUDIO  0  
[2024/03/27 15:55:54 726] tts        557  get audio|use local  
[2024/03/27 15:55:54 726] tts        599  0  nil  1  
[2024/03/27 15:55:54 726] tts        792  TTS_MSG_GETAUDIO  0  
[2024/03/27 15:55:54 726] tts        557  get audio|use local  
[2024/03/27 15:55:54 726] tts        599  0  nil  1  
[2024/03/27 15:55:54 726] tts        792  TTS_MSG_GETAUDIO  0  
[2024/03/27 15:55:54 726] tts        557  get audio|use local  
[2024/03/27 15:55:54 726] tts        599  0  nil  1  
[2024/03/27 15:55:54 726] tts        792  TTS_MSG_GETAUDIO  0  
[2024/03/27 15:55:54 726] tts        557  get audio|use local  
[2024/03/27 15:55:54 726] tts        599  0  nil  1  
[2024/03/27 15:55:54 727] tts        792  TTS_MSG_GETAUDIO  0  
[2024/03/27 15:55:54 727] tts        557  get audio|use local  
[2024/03/27 15:55:54 727] tts        599  0  nil  1  
[2024/03/27 15:55:54 727] tts        792  TTS_MSG_GETAUDIO  0  
[2024/03/27 15:55:54 727] tts        557  get audio|use local  
[2024/03/27 15:55:54 727] tts        599  0  nil  1  
[2024/03/27 15:55:54 727] tts        792  TTS_MSG_GETAUDIO  0  
[2024/03/27 15:55:54 727] tts        557  get audio|use local  
[2024/03/27 15:55:54 727] tts        599  0  nil  1  
[2024/03/27 15:55:54 727] tts        792  TTS_MSG_GETAUDIO  0  
[2024/03/27 15:55:54 727] tts        557  get audio|use local  
[2024/03/27 15:55:54 727] tts        599  0  nil  1  
[2024/03/27 15:55:54 727] tts        792  TTS_MSG_GETAUDIO  0  
[2024/03/27 15:55:54 727] tts        557  get audio|use local  
[2024/03/27 15:55:54 727] tts        599  0  nil  1  
[2024/03/27 15:55:54 727] tts        792  TTS_MSG_GETAUDIO  0  
[2024/03/27 15:55:54 727] tts        557  get audio|use local  
[2024/03/27 15:55:54 727] tts        599  0  nil  1  
[2024/03/27 15:55:54 727] tts        792  TTS_MSG_GETAUDIO  0  
[2024/03/27 15:55:54 727] tts        557  get audio|use local  
[2024/03/27 15:55:54 727] tts        599  0  nil  1  
[2024/03/27 15:55:54 727] tts        792  TTS_MSG_GETAUDIO  0  
[2024/03/27 15:55:54 727] tts        557  get audio|use local  
[2024/03/27 15:55:54 727] tts        599  0  nil  1  
[2024/03/27 15:55:54 727] tts        792  TTS_MSG_GETAUDIO  0  
[2024/03/27 15:55:54 727] tts        557  get audio|use local  
[2024/03/27 15:55:54 727] tts        599  0  nil  1  
[2024/03/27 15:55:54 727] tts        792  TTS_MSG_GETAUDIO  0  
[2024/03/27 15:55:54 727] tts        557  get audio|use local  
[2024/03/27 15:55:54 727] tts        599  0  nil  1  
[2024/03/27 15:55:54 728] tts        792  TTS_MSG_GETAUDIO  0  
[2024/03/27 15:55:54 728] tts        557  get audio|use local  
[2024/03/27 15:55:54 728] tts        599  0  nil  1  
[2024/03/27 15:55:54 728] tts        792  TTS_MSG_GETAUDIO  0  
[2024/03/27 15:55:54 728] tts        557  get audio|use local  
[2024/03/27 15:55:54 728] tts        599  0  nil  1  
[2024/03/27 15:55:54 728] tts        792  TTS_MSG_GETAUDIO  0  
[2024/03/27 15:55:54 728] tts        557  get audio|use local  
[2024/03/27 15:55:54 728] tts        599  0  nil  1  
[2024/03/27 15:55:54 728] tts        792  TTS_MSG_GETAUDIO  0  
[2024/03/27 15:55:54 728] tts        557  get audio|use local  
[2024/03/27 15:55:54 728] tts        599  0  nil  1  
[2024/03/27 15:55:54 728] tts        792  TTS_MSG_GETAUDIO  0  
[2024/03/27 15:55:54 728] tts        557  get audio|use local  
[2024/03/27 15:55:54 728] tts        599  0  nil  1  
[2024/03/27 15:55:54 728] tts        792  TTS_MSG_GETAUDIO  0  
[2024/03/27 15:55:54 728] tts        557  get audio|use local  
[2024/03/27 15:55:54 728] tts        599  0  nil  1  
[2024/03/27 15:55:54 728] tts        792  TTS_MSG_GETAUDIO  0  
[2024/03/27 15:55:54 728] tts        557  get audio|use local  
[2024/03/27 15:55:54 728] tts        599  0  nil  1  
[2024/03/27 15:55:54 728] tts        792  TTS_MSG_GETAUDIO  0  
[2024/03/27 15:55:54 728] tts        557  get audio|use local  
[2024/03/27 15:55:54 728] tts        599  0  nil  1  
[2024/03/27 15:55:54 729] tts        792  TTS_MSG_GETAUDIO  0  
[2024/03/27 15:55:54 729] tts        557  get audio|use local  
[2024/03/27 15:55:54 729] tts        599  0  nil  1  
[2024/03/27 15:55:54 729] tts        792  TTS_MSG_GETAUDIO  0  
[2024/03/27 15:55:54 729] tts        557  get audio|use local  
[2024/03/27 15:55:54 729] tts        599  0  nil  1  
[2024/03/27 15:55:54 729] tts        792  TTS_MSG_GETAUDIO  0  
[2024/03/27 15:55:54 729] tts        557  get audio|use local  
[2024/03/27 15:55:54 729] tts        599  0  nil  1  
[2024/03/27 15:55:54 729] tts        792  TTS_MSG_GETAUDIO  0  
[2024/03/27 15:55:54 729] tts        557  get audio|use local  
[2024/03/27 15:55:54 729] tts        599  0  nil  1  
[2024/03/27 15:55:54 729] tts        792  TTS_MSG_GETAUDIO  0  
[2024/03/27 15:55:54 729] tts        557  get audio|use local  
[2024/03/27 15:55:54 729] tts        599  0  nil  1  
[2024/03/27 15:55:54 729] tts        792  TTS_MSG_GETAUDIO  0  
[2024/03/27 15:55:54 729] tts        557  get audio|use local  
[2024/03/27 15:55:54 729] tts        599  0  nil  1  
[2024/03/27 15:55:54 729] tts        792  TTS_MSG_GETAUDIO  0  
[2024/03/27 15:55:54 729] tts        557  get audio|use local  
[2024/03/27 15:55:54 729] tts        599  0  nil  1  
[2024/03/27 15:55:54 729] tts        792  TTS_MSG_GETAUDIO  0  
[2024/03/27 15:55:54 729] tts        557  get audio|use local  
[2024/03/27 15:55:54 729] tts        599  0  nil  1  
[2024/03/27 15:55:54 729] tts        792  TTS_MSG_GETAUDIO  0  
[2024/03/27 15:55:54 729] tts        557  get audio|use local  
[2024/03/27 15:55:54 729] tts        599  0  nil  1  
[2024/03/27 15:55:54 729] tts        792  TTS_MSG_GETAUDIO  0  
[2024/03/27 15:55:54 729] tts        557  get audio|use local  
[2024/03/27 15:55:54 729] tts        599  0  nil  1  
[2024/03/27 15:55:54 729] tts        792  TTS_MSG_GETAUDIO  0  
[2024/03/27 15:55:54 729] tts        557  get audio|use local  
[2024/03/27 15:55:54 729] tts        599  0  nil  1  
[2024/03/27 15:55:54 730] tts        792  TTS_MSG_GETAUDIO  0  
[2024/03/27 15:55:54 730] tts        557  get audio|use local  
[2024/03/27 15:55:54 730] tts        599  0  nil  1  
[2024/03/27 15:55:54 730] tts        792  TTS_MSG_GETAUDIO  0  
[2024/03/27 15:55:54 730] tts        557  get audio|use local  
[2024/03/27 15:55:54 730] tts        599  0  nil  1  
[2024/03/27 15:55:54 730] tts        792  TTS_MSG_GETAUDIO  0  
[2024/03/27 15:55:54 730] tts        557  get audio|use local  
[2024/03/27 15:55:54 730] tts        599  0  nil  1  
[2024/03/27 15:55:54 730] tts        792  TTS_MSG_GETAUDIO  0  
[2024/03/27 15:55:54 730] tts        557  get audio|use local  
[2024/03/27 15:55:54 730] tts        599  0  nil  1  
[2024/03/27 15:55:54 730] tts        792  TTS_MSG_GETAUDIO  0  
[2024/03/27 15:55:54 730] tts        557  get audio|use local  
[2024/03/27 15:55:54 730] tts        599  0  nil  1  
[2024/03/27 15:55:54 730] tts        792  TTS_MSG_GETAUDIO  0  
[2024/03/27 15:55:54 730] tts        557  get audio|use local  
[2024/03/27 15:55:54 730] tts        599  0  nil  1  
[2024/03/27 15:55:54 730] tts        792  TTS_MSG_GETAUDIO  0  
[2024/03/27 15:55:54 730] tts        557  get audio|use local  
[2024/03/27 15:55:54 730] tts        599  0  nil  1  
[2024/03/27 15:55:54 730] tts        792  TTS_MSG_GETAUDIO  0  
[2024/03/27 15:55:54 730] tts        557  get audio|use local  
[2024/03/27 15:55:54 730] tts        599  0  nil  1  
[2024/03/27 15:55:54 730] tts        792  TTS_MSG_GETAUDIO  0  
[2024/03/27 15:55:54 730] tts        557  get audio|use local  
[2024/03/27 15:55:54 730] tts        599  0  nil  1  
[2024/03/27 15:55:54 730] tts        792  TTS_MSG_GETAUDIO  0  
[2024/03/27 15:55:54 730] tts        557  get audio|use local  
[2024/03/27 15:55:54 730] tts        599  0  nil  1  
[2024/03/27 15:55:54 730] tts        792  TTS_MSG_GETAUDIO  0  
[2024/03/27 15:55:54 730] tts        557  get audio|use local  
[2024/03/27 15:55:54 730] tts        599  0  nil  1  
[2024/03/27 15:55:54 731] tts        792  TTS_MSG_GETAUDIO  0  
[2024/03/27 15:55:54 731] tts        557  get audio|use local  
[2024/03/27 15:55:54 731] tts        599  0  nil  1  
[2024/03/27 15:55:54 731] tts        792  TTS_MSG_GETAUDIO  0  
[2024/03/27 15:55:54 731] tts        557  get audio|use local  
[2024/03/27 15:55:54 731] tts        599  0  nil  1  
[2024/03/27 15:55:54 731] tts        792  TTS_MSG_GETAUDIO  0  
[2024/03/27 15:55:54 731] tts        557  get audio|use local  
[2024/03/27 15:55:54 731] tts        599  0  nil  1  
[2024/03/27 15:55:54 731] tts        792  TTS_MSG_GETAUDIO  0  
[2024/03/27 15:55:54 731] tts        557  get audio|use local  
[2024/03/27 15:55:54 731] tts        599  0  nil  1  
[2024/03/27 15:55:54 731] tts        792  TTS_MSG_GETAUDIO  0  
[2024/03/27 15:55:54 731] tts        557  get audio|use local  
[2024/03/27 15:55:54 731] tts        599  0  nil  1  
[2024/03/27 15:55:54 731] tts        792  TTS_MSG_GETAUDIO  0  
[2024/03/27 15:55:54 731] tts        557  get audio|use local  
[2024/03/27 15:55:54 731] tts        599  0  nil  1  
[2024/03/27 15:55:54 731] tts        792  TTS_MSG_GETAUDIO  0  
[2024/03/27 15:55:54 731] tts        557  get audio|use local  
[2024/03/27 15:55:54 731] tts        599  0  nil  1  
[2024/03/27 15:55:54 731] tts        792  TTS_MSG_GETAUDIO  0  
[2024/03/27 15:55:54 731] tts        557  get audio|use local  
[2024/03/27 15:55:54 731] tts        599  0  nil  1  
[2024/03/27 15:55:54 731] tts        792  TTS_MSG_GETAUDIO  0  
[2024/03/27 15:55:54 731] tts        557  get audio|use local  
[2024/03/27 15:55:54 731] tts        599  0  nil  1  
[2024/03/27 15:55:54 731] tts        792  TTS_MSG_GETAUDIO  0  
[2024/03/27 15:55:54 731] tts        557  get audio|use local  
[2024/03/27 15:55:54 731] tts        599  0  nil  1  
[2024/03/27 15:55:54 731] tts        792  TTS_MSG_GETAUDIO  0  
[2024/03/27 15:55:54 731] tts        557  get audio|use local  
[2024/03/27 15:55:54 731] tts        599  0  nil  1  
[2024/03/27 15:55:54 732] tts        792  TTS_MSG_GETAUDIO  0  
[2024/03/27 15:55:54 732] tts        557  get audio|use local  
[2024/03/27 15:55:54 732] tts        599  0  nil  1  
[2024/03/27 15:55:54 732] tts        792  TTS_MSG_GETAUDIO  0  
[2024/03/27 15:55:54 732] tts        557  get audio|use local  
[2024/03/27 15:55:54 732] tts        599  0  nil  1  
[2024/03/27 15:55:54 732] tts        792  TTS_MSG_GETAUDIO  0  
[2024/03/27 15:55:54 732] tts        557  get audio|use local  
[2024/03/27 15:55:54 732] tts        599  0  nil  1  
[2024/03/27 15:55:54 732] tts        792  TTS_MSG_GETAUDIO  0  
[2024/03/27 15:55:54 732] tts        557  get audio|use local  
[2024/03/27 15:55:54 732] tts        599  0  nil  1  
[2024/03/27 15:55:54 732] tts        792  TTS_MSG_GETAUDIO  0  
[2024/03/27 15:55:54 732] tts        557  get audio|use local  
[2024/03/27 15:55:54 732] tts        599  0  nil  1  
[2024/03/27 15:55:54 732] tts        792  TTS_MSG_GETAUDIO  0  
[2024/03/27 15:55:54 732] tts        557  get audio|use local  
[2024/03/27 15:55:54 732] tts        599  0  nil  1  
[2024/03/27 15:55:54 732] tts        792  TTS_MSG_GETAUDIO  0  
[2024/03/27 15:55:54 732] tts        557  get audio|use local  
[2024/03/27 15:55:54 732] tts        599  0  nil  1  
[2024/03/27 15:55:54 732] tts        792  TTS_MSG_GETAUDIO  0  
[2024/03/27 15:55:54 732] tts        557  get audio|use local  
[2024/03/27 15:55:54 732] tts        599  0  nil  1  
[2024/03/27 15:55:54 732] tts        792  TTS_MSG_GETAUDIO  0  
[2024/03/27 15:55:54 732] tts        557  get audio|use local  
[2024/03/27 15:55:54 732] tts        599  0  nil  1  
[2024/03/27 15:55:54 732] tts        792  TTS_MSG_GETAUDIO  0  
[2024/03/27 15:55:54 732] tts        557  get audio|use local  
[2024/03/27 15:55:54 732] tts        599  0  nil  1  
[2024/03/27 15:55:54 732] tts        792  TTS_MSG_GETAUDIO  0  
[2024/03/27 15:55:54 732] tts        557  get audio|use local  
[2024/03/27 15:55:54 733] tts        599  0  nil  1  
[2024/03/27 15:55:54 733] tts        792  TTS_MSG_GETAUDIO  0  
[2024/03/27 15:55:54 733] tts        557  get audio|use local  
[2024/03/27 15:55:54 733] tts        599  0  nil  1  
[2024/03/27 15:55:54 733] tts        792  TTS_MSG_GETAUDIO  0  
[2024/03/27 15:55:54 733] tts        557  get audio|use local  
[2024/03/27 15:55:54 733] tts        599  0  nil  1  
[2024/03/27 15:55:54 733] tts        792  TTS_MSG_GETAUDIO  0  
[2024/03/27 15:55:54 733] tts        557  get audio|use local  
[2024/03/27 15:55:54 733] tts        599  0  nil  1  
[2024/03/27 15:55:54 733] tts        792  TTS_MSG_GETAUDIO  0  
[2024/03/27 15:55:54 733] tts        557  get audio|use local  
[2024/03/27 15:55:54 733] tts        599  0  nil  1  
[2024/03/27 15:55:54 733] tts        792  TTS_MSG_GETAUDIO  0  
[2024/03/27 15:55:54 733] tts        557  get audio|use local  
[2024/03/27 15:55:54 733] tts        599  0  nil  1  
[2024/03/27 15:55:54 733] tts        792  TTS_MSG_GETAUDIO  0  
[2024/03/27 15:55:54 733] tts        557  get audio|use local  
[2024/03/27 15:55:54 733] tts        599  0  nil  1  
[2024/03/27 15:55:54 733] tts        792  TTS_MSG_GETAUDIO  0  
[2024/03/27 15:55:54 733] tts        557  get audio|use local  
[2024/03/27 15:55:54 733] tts        599  0  nil  1  
[2024/03/27 15:55:54 733] tts        792  TTS_MSG_GETAUDIO  0  
[2024/03/27 15:55:54 733] tts        557  get audio|use local  
[2024/03/27 15:55:54 733] tts        599  0  nil  1  
[2024/03/27 15:55:54 733] tts        792  TTS_MSG_GETAUDIO  0  
[2024/03/27 15:55:54 733] tts        557  get audio|use local  
[2024/03/27 15:55:54 733] tts        599  0  nil  1  
[2024/03/27 15:55:54 733] tts        792  TTS_MSG_GETAUDIO  0  
[2024/03/27 15:55:54 733] tts        557  get audio|use local  
[2024/03/27 15:55:54 733] tts        599  0  nil  1  
[2024/03/27 15:55:54 733] tts        792  TTS_MSG_GETAUDIO  0  
[2024/03/27 15:55:54 733] tts        557  get audio|use local  
[2024/03/27 15:55:54 734] tts        599  0  nil  1  
[2024/03/27 15:55:54 734] tts        792  TTS_MSG_GETAUDIO  0  
[2024/03/27 15:55:54 734] tts        557  get audio|use local  
[2024/03/27 15:55:54 734] tts        599  0  nil  1  
[2024/03/27 15:55:54 734] tts        792  TTS_MSG_GETAUDIO  0  
[2024/03/27 15:55:54 734] tts        557  get audio|use local  
[2024/03/27 15:55:54 734] tts        599  0  nil  1  
[2024/03/27 15:55:54 734] tts        792  TTS_MSG_GETAUDIO  0  
[2024/03/27 15:55:54 734] tts        557  get audio|use local  
[2024/03/27 15:55:54 734] tts        599  0  nil  1  
[2024/03/27 15:55:54 734] tts        792  TTS_MSG_GETAUDIO  0  
[2024/03/27 15:55:54 734] tts        557  get audio|use local  
[2024/03/27 15:55:54 734] tts        599  0  nil  1  
[2024/03/27 15:55:54 734] tts        792  TTS_MSG_GETAUDIO  0  
[2024/03/27 15:55:54 734] tts        557  get audio|use local  
[2024/03/27 15:55:54 734] tts        599  0  nil  1  
[2024/03/27 15:55:54 734] tts        792  TTS_MSG_GETAUDIO  0  
[2024/03/27 15:55:54 734] tts        557  get audio|use local  
[2024/03/27 15:55:54 734] tts        599  0  nil  1  
[2024/03/27 15:55:54 734] tts        792  TTS_MSG_GETAUDIO  0  
[2024/03/27 15:55:54 734] tts        557  get audio|use local  
[2024/03/27 15:55:54 734] tts        599  0  nil  1  
[2024/03/27 15:55:54 734] tts        792  TTS_MSG_GETAUDIO  0  
[2024/03/27 15:55:54 734] tts        557  get audio|use local  
[2024/03/27 15:55:54 734] tts        599  0  nil  1  
[2024/03/27 15:55:54 734] tts        792  TTS_MSG_GETAUDIO  0  
[2024/03/27 15:55:54 734] tts        557  get audio|use local  
[2024/03/27 15:55:54 734] tts        599  0  nil  1  
[2024/03/27 15:55:54 734] tts        792  TTS_MSG_GETAUDIO  0  
[2024/03/27 15:55:54 734] tts        557  get audio|use local  
[2024/03/27 15:55:54 734] tts        599  0  nil  1  
[2024/03/27 15:55:54 734] tts        792  TTS_MSG_GETAUDIO  0  
[2024/03/27 15:55:54 734] tts        557  get audio|use local  
[2024/03/27 15:55:54 734] tts        599  0  nil  1  
[2024/03/27 15:55:54 735] tts        792  TTS_MSG_GETAUDIO  0  
[2024/03/27 15:55:54 735] tts        557  get audio|use local  
[2024/03/27 15:55:54 735] tts        599  0  nil  1  
[2024/03/27 15:55:54 735] tts        792  TTS_MSG_GETAUDIO  0  
[2024/03/27 15:55:54 735] tts        557  get audio|use local  
[2024/03/27 15:55:54 735] tts        599  0  nil  1  
[2024/03/27 15:55:54 735] tts        792  TTS_MSG_GETAUDIO  0  
[2024/03/27 15:55:54 735] tts        557  get audio|use local  
[2024/03/27 15:55:54 735] tts        599  0  nil  1  
[2024/03/27 15:55:54 735] tts        792  TTS_MSG_GETAUDIO  0  
[2024/03/27 15:55:54 735] tts        557  get audio|use local  
[2024/03/27 15:55:54 735] tts        599  0  nil  1  
[2024/03/27 15:55:54 735] tts        792  TTS_MSG_GETAUDIO  0  
[2024/03/27 15:55:54 735] tts        557  get audio|use local  
[2024/03/27 15:55:54 735] tts        599  0  nil  1  
[2024/03/27 15:55:54 735] tts        792  TTS_MSG_GETAUDIO  0  
[2024/03/27 15:55:54 735] tts        557  get audio|use local  
[2024/03/27 15:55:54 735] tts        599  0  nil  1  
[2024/03/27 15:55:54 735] tts        792  TTS_MSG_GETAUDIO  0  
[2024/03/27 15:55:54 735] tts        557  get audio|use local  
[2024/03/27 15:55:54 735] tts        599  0  nil  1  
[2024/03/27 15:55:54 735] tts        792  TTS_MSG_GETAUDIO  0  
[2024/03/27 15:55:54 735] tts        557  get audio|use local  
[2024/03/27 15:55:54 735] tts        599  0  nil  1  
[2024/03/27 15:55:54 735] tts        792  TTS_MSG_GETAUDIO  0  
[2024/03/27 15:55:54 735] tts        557  get audio|use local  
[2024/03/27 15:55:54 735] tts        599  0  nil  1  
[2024/03/27 15:55:54 735] tts        792  TTS_MSG_GETAUDIO  0  
[2024/03/27 15:55:54 735] tts        557  get audio|use local  
[2024/03/27 15:55:54 735] tts        599  0  nil  1  
[2024/03/27 15:55:54 735] tts        792  TTS_MSG_GETAUDIO  0  
[2024/03/27 15:55:54 735] tts        557  get audio|use local  
[2024/03/27 15:55:54 735] tts        599  0  nil  1  
[2024/03/27 15:55:54 736] tts        792  TTS_MSG_GETAUDIO  0  
[2024/03/27 15:55:54 736] tts        557  get audio|use local  
[2024/03/27 15:55:54 736] tts        599  0  nil  1  
[2024/03/27 15:55:54 736] tts        792  TTS_MSG_GETAUDIO  0  
[2024/03/27 15:55:54 736] tts        557  get audio|use local  
[2024/03/27 15:55:54 736] tts        599  0  nil  1  
[2024/03/27 15:55:54 736] tts        792  TTS_MSG_GETAUDIO  0  
[2024/03/27 15:55:54 736] tts        557  get audio|use local  
[2024/03/27 15:55:54 736] tts        599  0  nil  1  
[2024/03/27 15:55:54 736] tts        792  TTS_MSG_GETAUDIO  0  
[2024/03/27 15:55:54 736] tts        557  get audio|use local  
[2024/03/27 15:55:54 736] tts        599  0  nil  1  
[2024/03/27 15:55:54 736] tts        792  TTS_MSG_GETAUDIO  0  
[2024/03/27 15:55:54 736] tts        557  get audio|use local  
[2024/03/27 15:55:54 736] tts        599  0  nil  1  
[2024/03/27 15:55:54 736] tts        792  TTS_MSG_GETAUDIO  0  
[2024/03/27 15:55:54 736] tts        557  get audio|use local  
[2024/03/27 15:55:54 736] tts        599  0  nil  1  
[2024/03/27 15:55:54 736] tts        792  TTS_MSG_GETAUDIO  0  
[2024/03/27 15:55:54 736] tts        557  get audio|use local  
[2024/03/27 15:55:54 736] tts        599  0  nil  1  
[2024/03/27 15:55:54 736] tts        792  TTS_MSG_GETAUDIO  0  
[2024/03/27 15:55:54 736] tts        557  get audio|use local  
[2024/03/27 15:55:54 736] tts        599  0  nil  1  
[2024/03/27 15:55:54 736] tts        792  TTS_MSG_GETAUDIO  0  
[2024/03/27 15:55:54 736] tts        557  get audio|use local  
[2024/03/27 15:55:54 736] tts        599  0  nil  1  
[2024/03/27 15:55:54 736] tts        792  TTS_MSG_GETAUDIO  0  
[2024/03/27 15:55:54 736] tts        557  get audio|use local  
[2024/03/27 15:55:54 736] tts        599  0  nil  1  
[2024/03/27 15:55:54 737] tts        792  TTS_MSG_GETAUDIO  0  
[2024/03/27 15:55:54 737] tts        557  get audio|use local  
[2024/03/27 15:55:54 737] tts        599  0  nil  1  
[2024/03/27 15:55:54 737] tts        792  TTS_MSG_GETAUDIO  0  
[2024/03/27 15:55:54 737] tts        557  get audio|use local  
[2024/03/27 15:55:54 737] tts        599  0  nil  1  
[2024/03/27 15:55:54 737] tts        792  TTS_MSG_GETAUDIO  0  
[2024/03/27 15:55:54 737] tts        557  get audio|use local  
[2024/03/27 15:55:54 737] tts        599  0  nil  1  
[2024/03/27 15:55:54 737] tts        792  TTS_MSG_GETAUDIO  0  
[2024/03/27 15:55:54 737] tts        557  get audio|use local  
[2024/03/27 15:55:54 737] tts        599  0  nil  1  
[2024/03/27 15:55:54 737] tts        792  TTS_MSG_GETAUDIO  0  
[2024/03/27 15:55:54 737] tts        557  get audio|use local  
[2024/03/27 15:55:54 737] tts        599  0  nil  1  
[2024/03/27 15:55:54 737] tts        792  TTS_MSG_GETAUDIO  0  
[2024/03/27 15:55:54 737] tts        557  get audio|use local  
[2024/03/27 15:55:54 737] tts        599  0  nil  1  
[2024/03/27 15:55:54 737] tts        792  TTS_MSG_GETAUDIO  0  
[2024/03/27 15:55:54 737] tts        557  get audio|use local  
[2024/03/27 15:55:54 737] tts        599  0  nil  1  
[2024/03/27 15:55:54 737] tts        792  TTS_MSG_GETAUDIO  0  
[2024/03/27 15:55:54 737] tts        557  get audio|use local  
[2024/03/27 15:55:54 737] tts        599  0  nil  1  
[2024/03/27 15:55:54 737] tts        792  TTS_MSG_GETAUDIO  0  
[2024/03/27 15:55:54 737] tts        557  get audio|use local  
[2024/03/27 15:55:54 737] tts        599  0  nil  1  
[2024/03/27 15:55:54 737] tts        792  TTS_MSG_GETAUDIO  0  
[2024/03/27 15:55:54 737] tts        557  get audio|use local  
[2024/03/27 15:55:54 737] tts        599  0  nil  1  
[2024/03/27 15:55:54 737] tts        792  TTS_MSG_GETAUDIO  0  
[2024/03/27 15:55:54 737] tts        557  get audio|use local  
[2024/03/27 15:55:54 737] tts        599  0  nil  1  
[2024/03/27 15:55:54 737] tts        792  TTS_MSG_GETAUDIO  0  
[2024/03/27 15:55:54 738] tts        557  get audio|use local  
[2024/03/27 15:55:54 738] tts        599  0  nil  1  
[2024/03/27 15:55:54 738] tts        792  TTS_MSG_GETAUDIO  0  
[2024/03/27 15:55:54 738] tts        557  get audio|use local  
[2024/03/27 15:55:54 738] tts        599  0  nil  1  
[2024/03/27 15:55:54 738] tts        792  TTS_MSG_GETAUDIO  0  
[2024/03/27 15:55:54 738] tts        557  get audio|use local  
[2024/03/27 15:55:54 738] tts        599  0  nil  1  
[2024/03/27 15:55:54 738] tts        792  TTS_MSG_GETAUDIO  0  
[2024/03/27 15:55:54 738] tts        557  get audio|use local  
[2024/03/27 15:55:54 738] tts        599  0  nil  1  
[2024/03/27 15:55:54 738] tts        792  TTS_MSG_GETAUDIO  0  
[2024/03/27 15:55:54 738] tts        557  get audio|use local  
[2024/03/27 15:55:54 738] tts        599  0  nil  1  
[2024/03/27 15:55:54 738] tts        792  TTS_MSG_GETAUDIO  0  
[2024/03/27 15:55:54 738] tts        557  get audio|use local  
[2024/03/27 15:55:54 738] tts        599  0  nil  1  
[2024/03/27 15:55:54 738] tts        792  TTS_MSG_GETAUDIO  0  
[2024/03/27 15:55:54 738] tts        557  get audio|use local  
[2024/03/27 15:55:54 738] tts        599  0  nil  1  
[2024/03/27 15:55:54 738] tts        792  TTS_MSG_GETAUDIO  0  
[2024/03/27 15:55:54 738] tts        557  get audio|use local  
[2024/03/27 15:55:54 738] tts        599  0  nil  1  
[2024/03/27 15:55:54 738] tts        792  TTS_MSG_GETAUDIO  0  
[2024/03/27 15:55:54 738] tts        557  get audio|use local  
[2024/03/27 15:55:54 738] tts        599  0  nil  1  
[2024/03/27 15:55:54 738] tts        792  TTS_MSG_GETAUDIO  0  
[2024/03/27 15:55:54 738] tts        557  get audio|use local  
[2024/03/27 15:55:54 738] tts        599  0  nil  1  
[2024/03/27 15:55:54 738] tts        792  TTS_MSG_GETAUDIO  0  
[2024/03/27 15:55:54 738] tts        557  get audio|use local  
[2024/03/27 15:55:54 738] tts        599  0  nil  1  
[2024/03/27 15:55:54 738] tts        792  TTS_MSG_GETAUDIO  0  
[2024/03/27 15:55:54 738] tts        557  get audio|use local  
[2024/03/27 15:55:54 738] tts        599  0  nil  1  
[2024/03/27 15:55:54 739] tts        792  TTS_MSG_GETAUDIO  0  
[2024/03/27 15:55:54 739] tts        557  get audio|use local  
[2024/03/27 15:55:54 739] tts        599  0  nil  1  
[2024/03/27 15:55:54 739] tts        792  TTS_MSG_GETAUDIO  0  
[2024/03/27 15:55:54 739] tts        557  get audio|use local  
[2024/03/27 15:55:54 739] tts        599  0  nil  1  
[2024/03/27 15:55:54 739] tts        792  TTS_MSG_GETAUDIO  0  
[2024/03/27 15:55:54 739] tts        557  get audio|use local  
[2024/03/27 15:55:54 739] tts        599  0  nil  1  
[2024/03/27 15:55:54 739] tts        792  TTS_MSG_GETAUDIO  0  
[2024/03/27 15:55:54 739] tts        557  get audio|use local  
[2024/03/27 15:55:54 739] tts        599  0  nil  1  
[2024/03/27 15:55:54 739] tts        792  TTS_MSG_GETAUDIO  0  
[2024/03/27 15:55:54 739] tts        557  get audio|use local  
[2024/03/27 15:55:54 739] tts        599  0  nil  1  
[2024/03/27 15:55:54 739] tts        792  TTS_MSG_GETAUDIO  0  
[2024/03/27 15:55:54 739] tts        557  get audio|use local  
[2024/03/27 15:55:54 739] tts        599  0  nil  1  
[2024/03/27 15:55:54 739] tts        792  TTS_MSG_GETAUDIO  0  
[2024/03/27 15:55:54 739] tts        557  get audio|use local  
[2024/03/27 15:55:54 739] tts        599  0  nil  1  
[2024/03/27 15:55:54 739] tts        792  TTS_MSG_GETAUDIO  0  
[2024/03/27 15:55:54 739] tts        557  get audio|use local  
[2024/03/27 15:55:54 739] tts        599  0  nil  1  
[2024/03/27 15:55:54 739] tts        792  TTS_MSG_GETAUDIO  0  
[2024/03/27 15:55:54 739] tts        557  get audio|use local  
[2024/03/27 15:55:54 739] tts        599  0  nil  1  
[2024/03/27 15:55:54 739] tts        792  TTS_MSG_GETAUDIO  0  
[2024/03/27 15:55:54 739] tts        557  get audio|use local  
[2024/03/27 15:55:54 739] tts        599  0  nil  1  
[2024/03/27 15:55:54 739] tts        792  TTS_MSG_GETAUDIO  0  
[2024/03/27 15:55:54 739] tts        557  get audio|use local  
[2024/03/27 15:55:54 739] tts        599  0  nil  1  
[2024/03/27 15:55:54 740] tts        792  TTS_MSG_GETAUDIO  0  
[2024/03/27 15:55:54 740] tts        557  get audio|use local  
[2024/03/27 15:55:54 740] tts        599  0  nil  1  
[2024/03/27 15:55:54 740] tts        792  TTS_MSG_GETAUDIO  0  
[2024/03/27 15:55:54 740] tts        557  get audio|use local  
[2024/03/27 15:55:54 740] tts        599  0  nil  1  
[2024/03/27 15:55:54 740] tts        792  TTS_MSG_GETAUDIO  0  
[2024/03/27 15:55:54 740] tts        557  get audio|use local  
[2024/03/27 15:55:54 740] tts        599  0  nil  1  
[2024/03/27 15:55:54 740] tts        792  TTS_MSG_GETAUDIO  0  
[2024/03/27 15:55:54 740] tts        557  get audio|use local  
[2024/03/27 15:55:54 740] tts        599  0  nil  1  
[2024/03/27 15:55:54 740] tts        792  TTS_MSG_GETAUDIO  0  
[2024/03/27 15:55:54 740] tts        557  get audio|use local  
[2024/03/27 15:55:54 740] tts        599  0  nil  1  
[2024/03/27 15:55:54 740] tts        792  TTS_MSG_GETAUDIO  0  
[2024/03/27 15:55:54 740] tts        557  get audio|use local  
[2024/03/27 15:55:54 740] tts        599  0  nil  1  
[2024/03/27 15:55:54 740] tts        792  TTS_MSG_GETAUDIO  0  
[2024/03/27 15:55:54 740] tts        557  get audio|use local  
[2024/03/27 15:55:54 740] tts        599  0  nil  1  
[2024/03/27 15:55:54 740] tts        792  TTS_MSG_GETAUDIO  0  
[2024/03/27 15:55:54 740] tts        557  get audio|use local  
[2024/03/27 15:55:54 740] tts        599  0  nil  1  
[2024/03/27 15:55:54 740] tts        792  TTS_MSG_GETAUDIO  0  
[2024/03/27 15:55:54 740] tts        557  get audio|use local  
[2024/03/27 15:55:54 740] tts        599  0  nil  1  
[2024/03/27 15:55:54 740] tts        792  TTS_MSG_GETAUDIO  0  
[2024/03/27 15:55:54 740] tts        557  get audio|use local  
[2024/03/27 15:55:54 740] tts        599  0  nil  1  
[2024/03/27 15:55:54 741] tts        792  TTS_MSG_GETAUDIO  0  
[2024/03/27 15:55:54 741] tts        557  get audio|use local  
[2024/03/27 15:55:54 741] tts        599  0  nil  1  
[2024/03/27 15:55:54 741] tts        792  TTS_MSG_GETAUDIO  0  
[2024/03/27 15:55:54 741] tts        557  get audio|use local  
[2024/03/27 15:55:54 741] tts        599  0  nil  1  
[2024/03/27 15:55:54 741] tts        792  TTS_MSG_GETAUDIO  0  
[2024/03/27 15:55:54 741] tts        557  get audio|use local  
[2024/03/27 15:55:54 741] tts        599  0  nil  1  
[2024/03/27 15:55:54 741] tts        792  TTS_MSG_GETAUDIO  0  
[2024/03/27 15:55:54 741] tts        557  get audio|use local  
[2024/03/27 15:55:54 741] tts        599  0  nil  1  
[2024/03/27 15:55:54 741] tts        792  TTS_MSG_GETAUDIO  0  
[2024/03/27 15:55:54 741] tts        557  get audio|use local  
[2024/03/27 15:55:54 741] tts        599  0  nil  1  
[2024/03/27 15:55:54 741] tts        792  TTS_MSG_GETAUDIO  0  
[2024/03/27 15:55:54 741] tts        557  get audio|use local  
[2024/03/27 15:55:54 741] tts        599  0  nil  1  
[2024/03/27 15:55:54 741] tts        792  TTS_MSG_GETAUDIO  0  
[2024/03/27 15:55:54 741] tts        557  get audio|use local  
[2024/03/27 15:55:54 741] tts        599  0  nil  1  
[2024/03/27 15:55:54 741] tts        792  TTS_MSG_GETAUDIO  0  
[2024/03/27 15:55:54 741] tts        557  get audio|use local  
[2024/03/27 15:55:54 741] tts        599  0  nil  1  
[2024/03/27 15:55:54 741] tts        792  TTS_MSG_GETAUDIO  0  
[2024/03/27 15:55:54 741] tts        557  get audio|use local  
[2024/03/27 15:55:54 741] tts        599  0  nil  1  
[2024/03/27 15:55:54 741] tts        792  TTS_MSG_GETAUDIO  0  
[2024/03/27 15:55:54 741] tts        557  get audio|use local  
[2024/03/27 15:55:54 741] tts        599  0  nil  1  
[2024/03/27 15:55:54 741] tts        792  TTS_MSG_GETAUDIO  0  
[2024/03/27 15:55:54 741] tts        557  get audio|use local  
[2024/03/27 15:55:54 742] tts        599  0  nil  1  
[2024/03/27 15:55:54 742] tts        792  TTS_MSG_GETAUDIO  0  
[2024/03/27 15:55:54 742] tts        557  get audio|use local  
[2024/03/27 15:55:54 742] tts        599  0  nil  1  
[2024/03/27 15:55:54 742] tts        301  TTS_LOCAL_CB_BEGIN  
[2024/03/27 15:55:54 742] tts        792  TTS_MSG_GETAUDIO  0  
[2024/03/27 15:55:54 742] tts        557  get audio|use local  
[2024/03/27 15:55:54 742] tts        599  0  nil  1  
[2024/03/27 15:55:54 742] tts        317  TTS_LOCAL_CB_OUTPUT  101  udata(54081cc8) 5  
[2024/03/27 15:55:54 742] tts        321  udata(54081cc8) 5  
[2024/03/27 15:55:54 742] tts        317  TTS_LOCAL_CB_OUTPUT  101  udata(54089fc8) 5  
[2024/03/27 15:55:54 742] tts        321  udata(54089fc8) 5  
[2024/03/27 15:55:54 742] tts        317  TTS_LOCAL_CB_OUTPUT  101  udata(5408a178) 5  
[2024/03/27 15:55:54 742] tts        321  udata(5408a178) 5  
[2024/03/27 15:55:54 743] tts        317  TTS_LOCAL_CB_OUTPUT  101  udata(5408a278) 5  
[2024/03/27 15:55:54 743] tts        321  udata(5408a278) 5  
[2024/03/27 15:55:54 743] tts        317  TTS_LOCAL_CB_OUTPUT  101  udata(5408a378) 5  
[2024/03/27 15:55:54 743] tts        321  udata(5408a378) 5  
[2024/03/27 15:55:54 743] tts        317  TTS_LOCAL_CB_OUTPUT  101  udata(5408a478) 5  
[2024/03/27 15:55:54 743] tts        321  udata(5408a478) 5  
[2024/03/27 15:55:54 743] tts        303  0  0  
[2024/03/27 15:55:54 743] tts        314  TTS_LOCAL_CB_END,  2  
[2024/03/27 15:55:54 743] tts        792  TTS_MSG_GETAUDIO  0  
[2024/03/27 15:55:54 743] tts        557  get audio|use local  
[2024/03/27 15:55:54 743] tts        570  local audiolen:  140  ,ced:  5  
[2024/03/27 15:55:54 743] tts        599  0  udata(54072888) 1  
[2024/03/27 15:55:54 743] tts        792  TTS_MSG_GETAUDIO  0  
[2024/03/27 15:55:54 743] tts        557  get audio|use local  
[2024/03/27 15:55:54 743] tts        570  local audiolen:  7026  ,ced:  5  
[2024/03/27 15:55:54 743] tts        599  0  udata(54081c18) 1  
[2024/03/27 15:55:54 743] tts        792  TTS_MSG_GETAUDIO  0  
[2024/03/27 15:55:54 743] tts        557  get audio|use local  
[2024/03/27 15:55:54 743] tts        570  local audiolen:  8316  ,ced:  5  
[2024/03/27 15:55:54 743] tts        599  0  udata(54072268) 1  
[2024/03/27 15:55:54 743] tts        792  TTS_MSG_GETAUDIO  0  
[2024/03/27 15:55:54 743] tts        557  get audio|use local  
[2024/03/27 15:55:54 743] tts        570  local audiolen:  8922  ,ced:  5  
[2024/03/27 15:55:54 743] tts        599  0  udata(5408a018) 1  
[2024/03/27 15:55:54 743] tts        792  TTS_MSG_GETAUDIO  0  
[2024/03/27 15:55:54 743] tts        557  get audio|use local  
[2024/03/27 15:55:54 743] tts        570  local audiolen:  7148  ,ced:  5  
[2024/03/27 15:55:54 743] tts        599  0  udata(5408a068) 1  
[2024/03/27 15:55:54 743] tts        792  TTS_MSG_GETAUDIO  0  
[2024/03/27 15:55:54 743] tts        557  get audio|use local  
[2024/03/27 15:55:54 743] tts        570  local audiolen:  5648  ,ced:  5  
[2024/03/27 15:55:54 743] tts        599  0  udata(540819d8) 2  
[2024/03/27 15:55:54 744] tts        795  TTS_MSG_SSE  
[2024/03/27 15:55:54 744] tts        693  sse|use local  
[2024/03/27 15:55:54 744] tts        711  tts exit  
