============================================================
Time  2024/03/27 17:00:20 701 
============================================================
[2024/03/27 17:00:20 701] tts        811  SYS_MSG_REGCB param0 =  msp_status_cb  param1 =  func(64016790) 
[2024/03/27 17:00:20 704] config     43   use general cloud  
[2024/03/27 17:00:20 706] tts_cloud  1438 SYS_MSG_REGCB_CLOUD param0 =   msp_status_cb  param1 =  func(64016790) 
[2024/03/27 17:00:20 706] tts        782  TTS_MSG_SSB  
[2024/03/27 17:00:20 706] tts        434  params =  engine_type = local,voice_name=xiaoyan, text_encoding = UTF8, tts_res_path = fo|res/tts/xiaoyan.jet;fo|res/tts/common.jet, sample_rate = 16000, speed = 50, volume = 50, pitch = 50, rdn = 2  
[2024/03/27 17:00:20 706] tts        273  auf=audio/L16;rate=16000  
[2024/03/27 17:00:20 706] tts        273  auf=audio/L16;rate=16000  
[2024/03/27 17:00:20 706] tts        471  ssb|use local  
[2024/03/27 17:00:20 706] tts        385  local_session_begin  
[2024/03/27 17:00:20 707] tts        789  TTS_MSG_SYN  0  
[2024/03/27 17:00:20 707] tts        514  synth|use local  
[2024/03/27 17:00:20 707] tts        792  TTS_MSG_GETAUDIO  0  
[2024/03/27 17:00:20 707] tts        557  get audio|use local  
[2024/03/27 17:00:20 707] tts        599  0  nil  1  
[2024/03/27 17:00:20 707] tts        792  TTS_MSG_GETAUDIO  0  
[2024/03/27 17:00:20 707] tts        557  get audio|use local  
[2024/03/27 17:00:20 707] tts        599  0  nil  1  
[2024/03/27 17:00:20 707] tts        792  TTS_MSG_GETAUDIO  0  
[2024/03/27 17:00:20 707] tts        557  get audio|use local  
[2024/03/27 17:00:20 707] tts        599  0  nil  1  
[2024/03/27 17:00:20 707] tts        792  TTS_MSG_GETAUDIO  0  
[2024/03/27 17:00:20 707] tts        557  get audio|use local  
[2024/03/27 17:00:20 707] tts        599  0  nil  1  
[2024/03/27 17:00:20 708] tts        792  TTS_MSG_GETAUDIO  0  
[2024/03/27 17:00:20 708] tts        557  get audio|use local  
[2024/03/27 17:00:20 708] tts        599  0  nil  1  
[2024/03/27 17:00:20 708] tts        792  TTS_MSG_GETAUDIO  0  
[2024/03/27 17:00:20 708] tts        557  get audio|use local  
[2024/03/27 17:00:20 708] tts        599  0  nil  1  
[2024/03/27 17:00:20 708] tts        792  TTS_MSG_GETAUDIO  0  
[2024/03/27 17:00:20 708] tts        557  get audio|use local  
[2024/03/27 17:00:20 708] tts        599  0  nil  1  
[2024/03/27 17:00:20 708] tts        792  TTS_MSG_GETAUDIO  0  
[2024/03/27 17:00:20 708] tts        557  get audio|use local  
[2024/03/27 17:00:20 708] tts        599  0  nil  1  
[2024/03/27 17:00:20 709] tts        792  TTS_MSG_GETAUDIO  0  
[2024/03/27 17:00:20 709] tts        557  get audio|use local  
[2024/03/27 17:00:20 709] tts        599  0  nil  1  
[2024/03/27 17:00:20 709] tts        792  TTS_MSG_GETAUDIO  0  
[2024/03/27 17:00:20 709] tts        557  get audio|use local  
[2024/03/27 17:00:20 709] tts        599  0  nil  1  
[2024/03/27 17:00:20 709] tts        792  TTS_MSG_GETAUDIO  0  
[2024/03/27 17:00:20 709] tts        557  get audio|use local  
[2024/03/27 17:00:20 709] tts        599  0  nil  1  
[2024/03/27 17:00:20 709] tts        792  TTS_MSG_GETAUDIO  0  
[2024/03/27 17:00:20 709] tts        557  get audio|use local  
[2024/03/27 17:00:20 709] tts        599  0  nil  1  
[2024/03/27 17:00:20 709] tts        792  TTS_MSG_GETAUDIO  0  
[2024/03/27 17:00:20 709] tts        557  get audio|use local  
[2024/03/27 17:00:20 710] tts        599  0  nil  1  
[2024/03/27 17:00:20 710] tts        792  TTS_MSG_GETAUDIO  0  
[2024/03/27 17:00:20 710] tts        557  get audio|use local  
[2024/03/27 17:00:20 710] tts        599  0  nil  1  
[2024/03/27 17:00:20 710] tts        792  TTS_MSG_GETAUDIO  0  
[2024/03/27 17:00:20 710] tts        557  get audio|use local  
[2024/03/27 17:00:20 710] tts        599  0  nil  1  
[2024/03/27 17:00:20 710] tts        792  TTS_MSG_GETAUDIO  0  
[2024/03/27 17:00:20 710] tts        557  get audio|use local  
[2024/03/27 17:00:20 710] tts        599  0  nil  1  
[2024/03/27 17:00:20 710] tts        792  TTS_MSG_GETAUDIO  0  
[2024/03/27 17:00:20 710] tts        557  get audio|use local  
[2024/03/27 17:00:20 710] tts        599  0  nil  1  
[2024/03/27 17:00:20 710] tts        792  TTS_MSG_GETAUDIO  0  
[2024/03/27 17:00:20 710] tts        557  get audio|use local  
[2024/03/27 17:00:20 710] tts        599  0  nil  1  
[2024/03/27 17:00:20 711] tts        792  TTS_MSG_GETAUDIO  0  
[2024/03/27 17:00:20 711] tts        557  get audio|use local  
[2024/03/27 17:00:20 711] tts        599  0  nil  1  
[2024/03/27 17:00:20 711] tts        792  TTS_MSG_GETAUDIO  0  
[2024/03/27 17:00:20 711] tts        557  get audio|use local  
[2024/03/27 17:00:20 711] tts        599  0  nil  1  
[2024/03/27 17:00:20 711] tts        792  TTS_MSG_GETAUDIO  0  
[2024/03/27 17:00:20 711] tts        557  get audio|use local  
[2024/03/27 17:00:20 711] tts        599  0  nil  1  
[2024/03/27 17:00:20 711] tts        792  TTS_MSG_GETAUDIO  0  
[2024/03/27 17:00:20 711] tts        557  get audio|use local  
[2024/03/27 17:00:20 711] tts        599  0  nil  1  
[2024/03/27 17:00:20 711] tts        792  TTS_MSG_GETAUDIO  0  
[2024/03/27 17:00:20 711] tts        557  get audio|use local  
[2024/03/27 17:00:20 711] tts        599  0  nil  1  
[2024/03/27 17:00:20 711] tts        792  TTS_MSG_GETAUDIO  0  
[2024/03/27 17:00:20 711] tts        557  get audio|use local  
[2024/03/27 17:00:20 711] tts        599  0  nil  1  
[2024/03/27 17:00:20 712] tts        792  TTS_MSG_GETAUDIO  0  
[2024/03/27 17:00:20 712] tts        557  get audio|use local  
[2024/03/27 17:00:20 712] tts        599  0  nil  1  
[2024/03/27 17:00:20 712] tts        792  TTS_MSG_GETAUDIO  0  
[2024/03/27 17:00:20 712] tts        557  get audio|use local  
[2024/03/27 17:00:20 712] tts        599  0  nil  1  
[2024/03/27 17:00:20 712] tts        792  TTS_MSG_GETAUDIO  0  
[2024/03/27 17:00:20 712] tts        557  get audio|use local  
[2024/03/27 17:00:20 712] tts        599  0  nil  1  
[2024/03/27 17:00:20 712] tts        792  TTS_MSG_GETAUDIO  0  
[2024/03/27 17:00:20 712] tts        557  get audio|use local  
[2024/03/27 17:00:20 712] tts        599  0  nil  1  
[2024/03/27 17:00:20 712] tts        792  TTS_MSG_GETAUDIO  0  
[2024/03/27 17:00:20 712] tts        557  get audio|use local  
[2024/03/27 17:00:20 712] tts        599  0  nil  1  
[2024/03/27 17:00:20 712] tts        792  TTS_MSG_GETAUDIO  0  
[2024/03/27 17:00:20 712] tts        557  get audio|use local  
[2024/03/27 17:00:20 712] tts        599  0  nil  1  
[2024/03/27 17:00:20 712] tts        792  TTS_MSG_GETAUDIO  0  
[2024/03/27 17:00:20 712] tts        557  get audio|use local  
[2024/03/27 17:00:20 712] tts        599  0  nil  1  
[2024/03/27 17:00:20 712] tts        792  TTS_MSG_GETAUDIO  0  
[2024/03/27 17:00:20 712] tts        557  get audio|use local  
[2024/03/27 17:00:20 712] tts        599  0  nil  1  
[2024/03/27 17:00:20 712] tts        792  TTS_MSG_GETAUDIO  0  
[2024/03/27 17:00:20 712] tts        557  get audio|use local  
[2024/03/27 17:00:20 713] tts        599  0  nil  1  
[2024/03/27 17:00:20 713] tts        792  TTS_MSG_GETAUDIO  0  
[2024/03/27 17:00:20 713] tts        557  get audio|use local  
[2024/03/27 17:00:20 713] tts        599  0  nil  1  
[2024/03/27 17:00:20 713] tts        792  TTS_MSG_GETAUDIO  0  
[2024/03/27 17:00:20 713] tts        557  get audio|use local  
[2024/03/27 17:00:20 713] tts        599  0  nil  1  
[2024/03/27 17:00:20 713] tts        792  TTS_MSG_GETAUDIO  0  
[2024/03/27 17:00:20 713] tts        557  get audio|use local  
[2024/03/27 17:00:20 713] tts        599  0  nil  1  
[2024/03/27 17:00:20 713] tts        792  TTS_MSG_GETAUDIO  0  
[2024/03/27 17:00:20 713] tts        557  get audio|use local  
[2024/03/27 17:00:20 713] tts        599  0  nil  1  
[2024/03/27 17:00:20 713] tts        792  TTS_MSG_GETAUDIO  0  
[2024/03/27 17:00:20 713] tts        557  get audio|use local  
[2024/03/27 17:00:20 713] tts        599  0  nil  1  
[2024/03/27 17:00:20 714] tts        792  TTS_MSG_GETAUDIO  0  
[2024/03/27 17:00:20 714] tts        557  get audio|use local  
[2024/03/27 17:00:20 714] tts        599  0  nil  1  
[2024/03/27 17:00:20 714] tts        792  TTS_MSG_GETAUDIO  0  
[2024/03/27 17:00:20 714] tts        557  get audio|use local  
[2024/03/27 17:00:20 714] tts        599  0  nil  1  
[2024/03/27 17:00:20 714] tts        792  TTS_MSG_GETAUDIO  0  
[2024/03/27 17:00:20 714] tts        557  get audio|use local  
[2024/03/27 17:00:20 714] tts        599  0  nil  1  
[2024/03/27 17:00:20 715] tts        792  TTS_MSG_GETAUDIO  0  
[2024/03/27 17:00:20 715] tts        557  get audio|use local  
[2024/03/27 17:00:20 715] tts        599  0  nil  1  
[2024/03/27 17:00:20 715] tts        792  TTS_MSG_GETAUDIO  0  
[2024/03/27 17:00:20 715] tts        557  get audio|use local  
[2024/03/27 17:00:20 715] tts        599  0  nil  1  
[2024/03/27 17:00:20 715] tts        792  TTS_MSG_GETAUDIO  0  
[2024/03/27 17:00:20 715] tts        557  get audio|use local  
[2024/03/27 17:00:20 715] tts        599  0  nil  1  
[2024/03/27 17:00:20 715] tts        792  TTS_MSG_GETAUDIO  0  
[2024/03/27 17:00:20 715] tts        557  get audio|use local  
[2024/03/27 17:00:20 715] tts        599  0  nil  1  
[2024/03/27 17:00:20 716] tts        792  TTS_MSG_GETAUDIO  0  
[2024/03/27 17:00:20 716] tts        557  get audio|use local  
[2024/03/27 17:00:20 716] tts        599  0  nil  1  
[2024/03/27 17:00:20 716] tts        792  TTS_MSG_GETAUDIO  0  
[2024/03/27 17:00:20 716] tts        557  get audio|use local  
[2024/03/27 17:00:20 716] tts        599  0  nil  1  
[2024/03/27 17:00:20 716] tts        301  TTS_LOCAL_CB_BEGIN  
[2024/03/27 17:00:20 717] tts        317  TTS_LOCAL_CB_OUTPUT  101  udata(64072eb8) 15  
[2024/03/27 17:00:20 717] tts        321  udata(64072eb8) 15  
[2024/03/27 17:00:20 717] tts        792  TTS_MSG_GETAUDIO  0  
[2024/03/27 17:00:20 717] tts        557  get audio|use local  
[2024/03/27 17:00:20 717] tts        570  local audiolen:  140  ,ced:  15  
[2024/03/27 17:00:20 717] tts        599  0  udata(640730b8) 1  
[2024/03/27 17:00:20 717] tts        792  TTS_MSG_GETAUDIO  0  
[2024/03/27 17:00:20 717] tts        557  get audio|use local  
[2024/03/27 17:00:20 717] tts        599  0  nil  1  
[2024/03/27 17:00:20 717] tts        317  TTS_LOCAL_CB_OUTPUT  101  udata(64073108) 15  
[2024/03/27 17:00:20 717] tts        321  udata(64073108) 15  
[2024/03/27 17:00:20 717] tts        792  TTS_MSG_GETAUDIO  0  
[2024/03/27 17:00:20 717] tts        557  get audio|use local  
[2024/03/27 17:00:20 717] tts        570  local audiolen:  11146  ,ced:  15  
[2024/03/27 17:00:20 717] tts        599  0  udata(64071d28) 1  
[2024/03/27 17:00:20 717] tts        317  TTS_LOCAL_CB_OUTPUT  101  udata(64072908) 15  
[2024/03/27 17:00:20 717] tts        321  udata(64072908) 15  
[2024/03/27 17:00:20 717] tts        792  TTS_MSG_GETAUDIO  0  
[2024/03/27 17:00:20 717] tts        557  get audio|use local  
[2024/03/27 17:00:20 717] tts        570  local audiolen:  5398  ,ced:  15  
[2024/03/27 17:00:20 717] tts        599  0  udata(640731a8) 1  
[2024/03/27 17:00:20 718] tts        792  TTS_MSG_GETAUDIO  0  
[2024/03/27 17:00:20 718] tts        557  get audio|use local  
[2024/03/27 17:00:20 718] tts        599  0  nil  1  
[2024/03/27 17:00:20 718] tts        792  TTS_MSG_GETAUDIO  0  
[2024/03/27 17:00:20 718] tts        557  get audio|use local  
[2024/03/27 17:00:20 718] tts        599  0  nil  1  
[2024/03/27 17:00:20 718] tts        317  TTS_LOCAL_CB_OUTPUT  101  udata(640731f8) 15  
[2024/03/27 17:00:20 718] tts        321  udata(640731f8) 15  
[2024/03/27 17:00:20 718] tts        792  TTS_MSG_GETAUDIO  0  
[2024/03/27 17:00:20 718] tts        557  get audio|use local  
[2024/03/27 17:00:20 718] tts        570  local audiolen:  7644  ,ced:  15  
[2024/03/27 17:00:20 718] tts        599  0  udata(64073348) 1  
[2024/03/27 17:00:20 718] tts        792  TTS_MSG_GETAUDIO  0  
[2024/03/27 17:00:20 718] tts        557  get audio|use local  
[2024/03/27 17:00:20 718] tts        599  0  nil  1  
[2024/03/27 17:00:20 718] tts        317  TTS_LOCAL_CB_OUTPUT  101  udata(64072108) 15  
[2024/03/27 17:00:20 719] tts        321  udata(64072108) 15  
[2024/03/27 17:00:20 719] tts        317  TTS_LOCAL_CB_OUTPUT  101  udata(640721a8) 15  
[2024/03/27 17:00:20 719] tts        321  udata(640721a8) 15  
[2024/03/27 17:00:20 719] tts        317  TTS_LOCAL_CB_OUTPUT  101  udata(64073298) 15  
[2024/03/27 17:00:20 719] tts        321  udata(64073298) 15  
[2024/03/27 17:00:20 719] tts        317  TTS_LOCAL_CB_OUTPUT  101  udata(640723e8) 15  
[2024/03/27 17:00:20 719] tts        321  udata(640723e8) 15  
[2024/03/27 17:00:20 719] tts        317  TTS_LOCAL_CB_OUTPUT  101  udata(640724e8) 15  
[2024/03/27 17:00:20 719] tts        321  udata(640724e8) 15  
[2024/03/27 17:00:20 720] tts        317  TTS_LOCAL_CB_OUTPUT  101  udata(640725e8) 15  
[2024/03/27 17:00:20 720] tts        321  udata(640725e8) 15  
[2024/03/27 17:00:20 720] tts        317  TTS_LOCAL_CB_OUTPUT  101  udata(6407ef78) 15  
[2024/03/27 17:00:20 720] tts        321  udata(6407ef78) 15  
[2024/03/27 17:00:20 720] tts        317  TTS_LOCAL_CB_OUTPUT  101  udata(6407f078) 15  
[2024/03/27 17:00:20 720] tts        321  udata(6407f078) 15  
[2024/03/27 17:00:20 720] tts        317  TTS_LOCAL_CB_OUTPUT  101  udata(6407f178) 15  
[2024/03/27 17:00:20 720] tts        321  udata(6407f178) 15  
[2024/03/27 17:00:20 720] tts        317  TTS_LOCAL_CB_OUTPUT  101  udata(6407f278) 15  
[2024/03/27 17:00:20 720] tts        321  udata(6407f278) 15  
[2024/03/27 17:00:20 720] tts        317  TTS_LOCAL_CB_OUTPUT  101  udata(6407f378) 15  
[2024/03/27 17:00:20 720] tts        321  udata(6407f378) 15  
[2024/03/27 17:00:20 720] tts        317  TTS_LOCAL_CB_OUTPUT  101  udata(6407f478) 15  
[2024/03/27 17:00:20 720] tts        321  udata(6407f478) 15  
[2024/03/27 17:00:20 720] tts        317  TTS_LOCAL_CB_OUTPUT  101  udata(6407f578) 15  
[2024/03/27 17:00:20 720] tts        321  udata(6407f578) 15  
[2024/03/27 17:00:20 720] tts        317  TTS_LOCAL_CB_OUTPUT  101  udata(6407f678) 15  
[2024/03/27 17:00:20 720] tts        321  udata(6407f678) 15  
[2024/03/27 17:00:20 720] tts        317  TTS_LOCAL_CB_OUTPUT  101  udata(6407f988) 15  
[2024/03/27 17:00:20 720] tts        321  udata(6407f988) 15  
[2024/03/27 17:00:20 720] tts        317  TTS_LOCAL_CB_OUTPUT  101  udata(6407fa88) 15  
[2024/03/27 17:00:20 721] tts        321  udata(6407fa88) 15  
[2024/03/27 17:00:20 721] tts        317  TTS_LOCAL_CB_OUTPUT  101  udata(6407fb88) 15  
[2024/03/27 17:00:20 721] tts        321  udata(6407fb88) 15  
[2024/03/27 17:00:20 721] tts        317  TTS_LOCAL_CB_OUTPUT  101  udata(6407fc88) 15  
[2024/03/27 17:00:20 721] tts        321  udata(6407fc88) 15  
[2024/03/27 17:00:20 721] tts        317  TTS_LOCAL_CB_OUTPUT  101  udata(6407fd88) 15  
[2024/03/27 17:00:20 721] tts        321  udata(6407fd88) 15  
[2024/03/27 17:00:20 721] tts        317  TTS_LOCAL_CB_OUTPUT  101  udata(6407fe88) 15  
[2024/03/27 17:00:20 721] tts        321  udata(6407fe88) 15  
[2024/03/27 17:00:20 721] tts        317  TTS_LOCAL_CB_OUTPUT  101  udata(6407ff88) 48  
[2024/03/27 17:00:20 721] tts        321  udata(6407ff88) 48  
[2024/03/27 17:00:20 721] tts        317  TTS_LOCAL_CB_OUTPUT  101  udata(64080088) 48  
[2024/03/27 17:00:20 721] tts        321  udata(64080088) 48  
[2024/03/27 17:00:20 721] tts        317  TTS_LOCAL_CB_OUTPUT  101  udata(64080188) 48  
[2024/03/27 17:00:20 721] tts        321  udata(64080188) 48  
[2024/03/27 17:00:20 721] tts        792  TTS_MSG_GETAUDIO  0  
[2024/03/27 17:00:20 721] tts        557  get audio|use local  
[2024/03/27 17:00:20 721] tts        570  local audiolen:  8220  ,ced:  15  
[2024/03/27 17:00:20 721] tts        599  0  udata(64082318) 1  
[2024/03/27 17:00:20 721] tts        317  TTS_LOCAL_CB_OUTPUT  101  udata(64082368) 48  
[2024/03/27 17:00:20 721] tts        321  udata(64082368) 48  
[2024/03/27 17:00:20 721] tts        792  TTS_MSG_GETAUDIO  0  
[2024/03/27 17:00:20 721] tts        557  get audio|use local  
[2024/03/27 17:00:20 721] tts        570  local audiolen:  512  ,ced:  15  
[2024/03/27 17:00:20 721] tts        599  0  udata(64082678) 1  
[2024/03/27 17:00:20 721] tts        792  TTS_MSG_GETAUDIO  0  
[2024/03/27 17:00:20 721] tts        557  get audio|use local  
[2024/03/27 17:00:20 721] tts        570  local audiolen:  512  ,ced:  15  
[2024/03/27 17:00:20 721] tts        599  0  udata(640826c8) 1  
[2024/03/27 17:00:20 722] tts        792  TTS_MSG_GETAUDIO  0  
[2024/03/27 17:00:20 722] tts        557  get audio|use local  
[2024/03/27 17:00:20 722] tts        570  local audiolen:  512  ,ced:  15  
[2024/03/27 17:00:20 722] tts        599  0  udata(64082718) 1  
[2024/03/27 17:00:20 722] tts        317  TTS_LOCAL_CB_OUTPUT  101  udata(64082768) 48  
[2024/03/27 17:00:20 722] tts        321  udata(64082768) 48  
[2024/03/27 17:00:20 722] tts        792  TTS_MSG_GETAUDIO  0  
[2024/03/27 17:00:20 722] tts        557  get audio|use local  
[2024/03/27 17:00:20 722] tts        570  local audiolen:  512  ,ced:  15  
[2024/03/27 17:00:20 722] tts        599  0  udata(64082868) 1  
[2024/03/27 17:00:20 722] tts        792  TTS_MSG_GETAUDIO  0  
[2024/03/27 17:00:20 722] tts        557  get audio|use local  
[2024/03/27 17:00:20 722] tts        570  local audiolen:  512  ,ced:  15  
[2024/03/27 17:00:20 722] tts        599  0  udata(640828b8) 1  
[2024/03/27 17:00:20 722] tts        317  TTS_LOCAL_CB_OUTPUT  101  udata(64082908) 48  
[2024/03/27 17:00:20 722] tts        321  udata(64082908) 48  
[2024/03/27 17:00:20 722] tts        792  TTS_MSG_GETAUDIO  0  
[2024/03/27 17:00:20 722] tts        557  get audio|use local  
[2024/03/27 17:00:20 722] tts        570  local audiolen:  512  ,ced:  15  
[2024/03/27 17:00:20 722] tts        599  0  udata(64082a08) 1  
[2024/03/27 17:00:20 722] tts        792  TTS_MSG_GETAUDIO  0  
[2024/03/27 17:00:20 722] tts        557  get audio|use local  
[2024/03/27 17:00:20 722] tts        570  local audiolen:  512  ,ced:  15  
[2024/03/27 17:00:20 722] tts        599  0  udata(64082a58) 1  
[2024/03/27 17:00:20 722] tts        792  TTS_MSG_GETAUDIO  0  
[2024/03/27 17:00:20 722] tts        557  get audio|use local  
[2024/03/27 17:00:20 722] tts        570  local audiolen:  512  ,ced:  15  
[2024/03/27 17:00:20 723] tts        599  0  udata(64082aa8) 1  
[2024/03/27 17:00:20 723] tts        317  TTS_LOCAL_CB_OUTPUT  101  udata(64082af8) 48  
[2024/03/27 17:00:20 723] tts        321  udata(64082af8) 48  
[2024/03/27 17:00:20 723] tts        792  TTS_MSG_GETAUDIO  0  
[2024/03/27 17:00:20 723] tts        557  get audio|use local  
[2024/03/27 17:00:20 723] tts        570  local audiolen:  512  ,ced:  15  
[2024/03/27 17:00:20 723] tts        599  0  udata(64082bf8) 1  
[2024/03/27 17:00:20 723] tts        792  TTS_MSG_GETAUDIO  0  
[2024/03/27 17:00:20 723] tts        557  get audio|use local  
[2024/03/27 17:00:20 723] tts        570  local audiolen:  512  ,ced:  15  
[2024/03/27 17:00:20 723] tts        599  0  udata(64082c48) 1  
[2024/03/27 17:00:20 723] tts        317  TTS_LOCAL_CB_OUTPUT  101  udata(64082c98) 48  
[2024/03/27 17:00:20 723] tts        321  udata(64082c98) 48  
[2024/03/27 17:00:20 723] tts        792  TTS_MSG_GETAUDIO  0  
[2024/03/27 17:00:20 723] tts        557  get audio|use local  
[2024/03/27 17:00:20 723] tts        570  local audiolen:  512  ,ced:  15  
[2024/03/27 17:00:20 723] tts        599  0  udata(64082d98) 1  
[2024/03/27 17:00:20 723] tts        792  TTS_MSG_GETAUDIO  0  
[2024/03/27 17:00:20 723] tts        557  get audio|use local  
[2024/03/27 17:00:20 723] tts        570  local audiolen:  512  ,ced:  15  
[2024/03/27 17:00:20 723] tts        599  0  udata(64082de8) 1  
[2024/03/27 17:00:20 723] tts        792  TTS_MSG_GETAUDIO  0  
[2024/03/27 17:00:20 723] tts        557  get audio|use local  
[2024/03/27 17:00:20 723] tts        570  local audiolen:  512  ,ced:  15  
[2024/03/27 17:00:20 723] tts        599  0  udata(64082e38) 1  
[2024/03/27 17:00:20 723] tts        317  TTS_LOCAL_CB_OUTPUT  101  udata(64082e88) 48  
[2024/03/27 17:00:20 724] tts        321  udata(64082e88) 48  
[2024/03/27 17:00:20 724] tts        792  TTS_MSG_GETAUDIO  0  
[2024/03/27 17:00:20 724] tts        557  get audio|use local  
[2024/03/27 17:00:20 724] tts        570  local audiolen:  512  ,ced:  15  
[2024/03/27 17:00:20 724] tts        599  0  udata(640802e8) 1  
[2024/03/27 17:00:20 724] tts        792  TTS_MSG_GETAUDIO  0  
[2024/03/27 17:00:20 724] tts        557  get audio|use local  
[2024/03/27 17:00:20 724] tts        570  local audiolen:  512  ,ced:  15  
[2024/03/27 17:00:20 724] tts        599  0  udata(64080338) 1  
[2024/03/27 17:00:20 724] tts        792  TTS_MSG_GETAUDIO  0  
[2024/03/27 17:00:20 724] tts        557  get audio|use local  
[2024/03/27 17:00:20 724] tts        570  local audiolen:  512  ,ced:  15  
[2024/03/27 17:00:20 724] tts        599  0  udata(64080388) 1  
[2024/03/27 17:00:20 724] tts        792  TTS_MSG_GETAUDIO  0  
[2024/03/27 17:00:20 724] tts        557  get audio|use local  
[2024/03/27 17:00:20 724] tts        570  local audiolen:  512  ,ced:  15  
[2024/03/27 17:00:20 724] tts        599  0  udata(640803d8) 1  
[2024/03/27 17:00:20 724] tts        317  TTS_LOCAL_CB_OUTPUT  101  udata(64080428) 48  
[2024/03/27 17:00:20 724] tts        321  udata(64080428) 48  
[2024/03/27 17:00:20 724] tts        792  TTS_MSG_GETAUDIO  0  
[2024/03/27 17:00:20 724] tts        557  get audio|use local  
[2024/03/27 17:00:20 724] tts        570  local audiolen:  512  ,ced:  15  
[2024/03/27 17:00:20 724] tts        599  0  udata(64080938) 1  
[2024/03/27 17:00:20 724] tts        317  TTS_LOCAL_CB_OUTPUT  101  udata(64080988) 48  
[2024/03/27 17:00:20 724] tts        321  udata(64080988) 48  
[2024/03/27 17:00:20 725] tts        792  TTS_MSG_GETAUDIO  0  
[2024/03/27 17:00:20 725] tts        557  get audio|use local  
[2024/03/27 17:00:20 725] tts        570  local audiolen:  160  ,ced:  15  
[2024/03/27 17:00:20 725] tts        599  0  udata(64080b38) 1  
[2024/03/27 17:00:20 725] tts        317  TTS_LOCAL_CB_OUTPUT  101  udata(64080b88) 48  
[2024/03/27 17:00:20 725] tts        321  udata(64080b88) 48  
[2024/03/27 17:00:20 725] tts        303  0  0  
[2024/03/27 17:00:20 725] tts        314  TTS_LOCAL_CB_END,  2  
[2024/03/27 17:00:20 725] tts        792  TTS_MSG_GETAUDIO  0  
[2024/03/27 17:00:20 725] tts        557  get audio|use local  
[2024/03/27 17:00:20 725] tts        570  local audiolen:  210  ,ced:  48  
[2024/03/27 17:00:20 725] tts        599  0  udata(64080f18) 1  
[2024/03/27 17:00:20 725] tts        792  TTS_MSG_GETAUDIO  0  
[2024/03/27 17:00:20 725] tts        557  get audio|use local  
[2024/03/27 17:00:20 725] tts        570  local audiolen:  11734  ,ced:  48  
[2024/03/27 17:00:20 725] tts        599  0  udata(64080f68) 1  
[2024/03/27 17:00:20 725] tts        792  TTS_MSG_GETAUDIO  0  
[2024/03/27 17:00:20 725] tts        557  get audio|use local  
[2024/03/27 17:00:20 725] tts        570  local audiolen:  7130  ,ced:  48  
[2024/03/27 17:00:20 725] tts        599  0  udata(64080fb8) 1  
[2024/03/27 17:00:20 725] tts        792  TTS_MSG_GETAUDIO  0  
[2024/03/27 17:00:20 725] tts        557  get audio|use local  
[2024/03/27 17:00:20 725] tts        570  local audiolen:  7230  ,ced:  48  
[2024/03/27 17:00:20 725] tts        599  0  udata(64081008) 1  
[2024/03/27 17:00:20 725] tts        792  TTS_MSG_GETAUDIO  0  
[2024/03/27 17:00:20 725] tts        557  get audio|use local  
[2024/03/27 17:00:20 725] tts        570  local audiolen:  7032  ,ced:  48  
[2024/03/27 17:00:20 725] tts        599  0  udata(64081058) 1  
[2024/03/27 17:00:20 726] tts        792  TTS_MSG_GETAUDIO  0  
[2024/03/27 17:00:20 726] tts        557  get audio|use local  
[2024/03/27 17:00:20 726] tts        570  local audiolen:  6986  ,ced:  48  
[2024/03/27 17:00:20 726] tts        599  0  udata(640810a8) 1  
[2024/03/27 17:00:20 726] tts        792  TTS_MSG_GETAUDIO  0  
[2024/03/27 17:00:20 726] tts        557  get audio|use local  
[2024/03/27 17:00:20 726] tts        570  local audiolen:  8086  ,ced:  48  
[2024/03/27 17:00:20 726] tts        599  0  udata(640810f8) 1  
[2024/03/27 17:00:20 726] tts        792  TTS_MSG_GETAUDIO  0  
[2024/03/27 17:00:20 726] tts        557  get audio|use local  
[2024/03/27 17:00:20 726] tts        570  local audiolen:  7500  ,ced:  48  
[2024/03/27 17:00:20 726] tts        599  0  udata(64081148) 1  
[2024/03/27 17:00:20 726] tts        792  TTS_MSG_GETAUDIO  0  
[2024/03/27 17:00:20 726] tts        557  get audio|use local  
[2024/03/27 17:00:20 726] tts        570  local audiolen:  8150  ,ced:  48  
[2024/03/27 17:00:20 726] tts        599  0  udata(64081198) 1  
[2024/03/27 17:00:20 726] tts        792  TTS_MSG_GETAUDIO  0  
[2024/03/27 17:00:20 726] tts        557  get audio|use local  
[2024/03/27 17:00:20 726] tts        570  local audiolen:  7860  ,ced:  48  
[2024/03/27 17:00:20 726] tts        599  0  udata(640811e8) 1  
[2024/03/27 17:00:20 726] tts        792  TTS_MSG_GETAUDIO  0  
[2024/03/27 17:00:20 726] tts        557  get audio|use local  
[2024/03/27 17:00:20 726] tts        570  local audiolen:  7156  ,ced:  48  
[2024/03/27 17:00:20 726] tts        599  0  udata(64081238) 1  
[2024/03/27 17:00:20 726] tts        792  TTS_MSG_GETAUDIO  0  
[2024/03/27 17:00:20 726] tts        557  get audio|use local  
[2024/03/27 17:00:20 726] tts        570  local audiolen:  6050  ,ced:  48  
[2024/03/27 17:00:20 726] tts        599  0  udata(64081288) 2  
[2024/03/27 17:00:20 726] tts        795  TTS_MSG_SSE  
[2024/03/27 17:00:20 727] tts        693  sse|use local  
[2024/03/27 17:00:20 727] tts        711  tts exit  
