============================================================
Time  2024/03/18 12:51:57 879 
============================================================
[2024/03/18 12:51:57 879] lgi        684  SYS_MSG_LOAD  
[2024/03/18 12:51:57 879] lgi        706  SYS_MSG_REGCB  msp_status_cb  func(b80139a0) 
[2024/03/18 12:51:57 879] lgi        298  LGI_MSG_INIT  
[2024/03/18 12:51:57 879] lgi        305  lgi  lgi_  268436457  1573451739  
[2024/03/18 12:51:57 879] lgi        347  work_dir  .  
[2024/03/18 12:51:57 879] lgi        403  token:  nil  
[2024/03/18 12:51:57 880] lgi        476  msc cver : 5.0.44.1288  
[2024/03/18 12:51:57 880] lgi        519  ns_enable=  1  
[2024/03/18 12:51:57 880] lgi        531  prot_ver=1  
[2024/03/18 12:51:57 880] lgi        542  prot_type=tcp  
[2024/03/18 12:51:57 880] lgi        693  SYS_MSG_UNLOAD  go bg!  
[2024/03/18 12:52:06 119] lgi        697  SYS_MSG_SHUTDOWN  
============================================================
Time  2024/03/19 01:05:24 159 
============================================================
[2024/03/19 01:05:24 159] lgi        684  SYS_MSG_LOAD  
[2024/03/19 01:05:24 159] lgi        706  SYS_MSG_REGCB  msp_status_cb  func(6c0139a0) 
[2024/03/19 01:05:24 159] lgi        298  LGI_MSG_INIT  
[2024/03/19 01:05:24 159] lgi        305  lgi  lgi_  268436457  1573451739  
[2024/03/19 01:05:24 159] lgi        403  token:  nil  
[2024/03/19 01:05:24 159] lgi        476  msc cver : 5.0.44.1288  
[2024/03/19 01:05:24 160] lgi        519  ns_enable=  1  
[2024/03/19 01:05:24 160] lgi        531  prot_ver=1  
[2024/03/19 01:05:24 160] lgi        542  prot_type=tcp  
[2024/03/19 01:05:24 160] lgi        693  SYS_MSG_UNLOAD  go bg!  
============================================================
Time  2024/03/19 01:08:48 594 
============================================================
[2024/03/19 01:08:48 594] lgi        684  SYS_MSG_LOAD  
[2024/03/19 01:08:48 594] lgi        706  SYS_MSG_REGCB  msp_status_cb  func(dc0139a0) 
[2024/03/19 01:08:48 594] lgi        298  LGI_MSG_INIT  
[2024/03/19 01:08:48 594] lgi        305  lgi  lgi_  268436457  1573451739  
[2024/03/19 01:08:48 594] lgi        347  work_dir  .  
[2024/03/19 01:08:48 594] lgi        403  token:  nil  
[2024/03/19 01:08:48 594] lgi        476  msc cver : 5.0.44.1288  
[2024/03/19 01:08:48 594] lgi        519  ns_enable=  1  
[2024/03/19 01:08:48 594] lgi        531  prot_ver=1  
[2024/03/19 01:08:48 594] lgi        542  prot_type=tcp  
[2024/03/19 01:08:48 594] lgi        693  SYS_MSG_UNLOAD  go bg!  
[2024/03/19 01:09:28 321] lgi        697  SYS_MSG_SHUTDOWN  
============================================================
Time  2024/03/19 01:09:35 946 
============================================================
[2024/03/19 01:09:35 946] lgi        684  SYS_MSG_LOAD  
[2024/03/19 01:09:35 947] lgi        706  SYS_MSG_REGCB  msp_status_cb  func(a0053590) 
[2024/03/19 01:09:35 947] lgi        298  LGI_MSG_INIT  
[2024/03/19 01:09:35 947] lgi        305  lgi  lgi_  268436457  1573451739  
[2024/03/19 01:09:35 947] lgi        347  work_dir  .  
[2024/03/19 01:09:35 947] lgi        403  token:  nil  
[2024/03/19 01:09:35 947] lgi        476  msc cver : 5.0.44.1288  
[2024/03/19 01:09:35 947] lgi        519  ns_enable=  1  
[2024/03/19 01:09:35 947] lgi        531  prot_ver=1  
[2024/03/19 01:09:35 947] lgi        542  prot_type=tcp  
[2024/03/19 01:09:35 947] lgi        693  SYS_MSG_UNLOAD  go bg!  
[2024/03/19 01:10:28 961] lgi        697  SYS_MSG_SHUTDOWN  
============================================================
Time  2024/03/19 01:10:35 925 
============================================================
[2024/03/19 01:10:35 925] lgi        684  SYS_MSG_LOAD  
[2024/03/19 01:10:35 926] lgi        706  SYS_MSG_REGCB  msp_status_cb  func(100537a0) 
[2024/03/19 01:10:35 926] lgi        298  LGI_MSG_INIT  
[2024/03/19 01:10:35 926] lgi        305  lgi  lgi_  268436457  1573451739  
[2024/03/19 01:10:35 926] lgi        347  work_dir  .  
[2024/03/19 01:10:35 926] lgi        403  token:  nil  
[2024/03/19 01:10:35 926] lgi        476  msc cver : 5.0.44.1288  
[2024/03/19 01:10:35 926] lgi        519  ns_enable=  1  
[2024/03/19 01:10:35 926] lgi        531  prot_ver=1  
[2024/03/19 01:10:35 926] lgi        542  prot_type=tcp  
[2024/03/19 01:10:35 926] lgi        693  SYS_MSG_UNLOAD  go bg!  
[2024/03/19 01:10:39 835] lgi        697  SYS_MSG_SHUTDOWN  
============================================================
Time  2024/03/19 01:11:06 923 
============================================================
[2024/03/19 01:11:06 923] lgi        684  SYS_MSG_LOAD  
[2024/03/19 01:11:06 923] lgi        706  SYS_MSG_REGCB  msp_status_cb  func(94013790) 
[2024/03/19 01:11:06 923] lgi        298  LGI_MSG_INIT  
[2024/03/19 01:11:06 923] lgi        305  lgi  lgi_  268436457  1573451739  
[2024/03/19 01:11:06 923] lgi        347  work_dir  .  
[2024/03/19 01:11:06 923] lgi        403  token:  nil  
[2024/03/19 01:11:06 923] lgi        476  msc cver : 5.0.44.1288  
[2024/03/19 01:11:06 923] lgi        519  ns_enable=  1  
[2024/03/19 01:11:06 923] lgi        531  prot_ver=1  
[2024/03/19 01:11:06 923] lgi        542  prot_type=tcp  
[2024/03/19 01:11:06 923] lgi        693  SYS_MSG_UNLOAD  go bg!  
[2024/03/19 01:11:43 631] lgi        697  SYS_MSG_SHUTDOWN  
============================================================
Time  2024/03/19 01:11:51 293 
============================================================
[2024/03/19 01:11:51 293] lgi        684  SYS_MSG_LOAD  
[2024/03/19 01:11:51 295] lgi        706  SYS_MSG_REGCB  msp_status_cb  func(e00139a0) 
[2024/03/19 01:11:51 295] lgi        298  LGI_MSG_INIT  
[2024/03/19 01:11:51 295] lgi        305  lgi  lgi_  268436457  1573451739  
[2024/03/19 01:11:51 295] lgi        347  work_dir  .  
[2024/03/19 01:11:51 295] lgi        403  token:  nil  
[2024/03/19 01:11:51 296] lgi        476  msc cver : 5.0.44.1288  
[2024/03/19 01:11:51 296] lgi        519  ns_enable=  1  
[2024/03/19 01:11:51 296] lgi        531  prot_ver=1  
[2024/03/19 01:11:51 296] lgi        542  prot_type=tcp  
[2024/03/19 01:11:51 296] lgi        693  SYS_MSG_UNLOAD  go bg!  
[2024/03/19 01:36:02 235] lgi        697  SYS_MSG_SHUTDOWN  
============================================================
Time  2024/03/19 01:40:00 566 
============================================================
[2024/03/19 01:40:00 566] lgi        684  SYS_MSG_LOAD  
[2024/03/19 01:40:00 566] lgi        706  SYS_MSG_REGCB  msp_status_cb  func(580139a0) 
[2024/03/19 01:40:00 566] lgi        298  LGI_MSG_INIT  
[2024/03/19 01:40:00 566] lgi        305  lgi  lgi_  268436457  1573451739  
[2024/03/19 01:40:00 566] lgi        347  work_dir  .  
[2024/03/19 01:40:00 566] lgi        403  token:  nil  
[2024/03/19 01:40:00 566] lgi        476  msc cver : 5.0.44.1288  
[2024/03/19 01:40:00 566] lgi        519  ns_enable=  1  
[2024/03/19 01:40:00 566] lgi        531  prot_ver=1  
[2024/03/19 01:40:00 566] lgi        542  prot_type=tcp  
[2024/03/19 01:40:00 567] lgi        693  SYS_MSG_UNLOAD  go bg!  
[2024/03/19 01:40:04 443] lgi        697  SYS_MSG_SHUTDOWN  
============================================================
Time  2024/03/19 02:42:21 140 
============================================================
[2024/03/19 02:42:21 140] lgi        684  SYS_MSG_LOAD  
[2024/03/19 02:42:21 142] lgi        706  SYS_MSG_REGCB  msp_status_cb  func(10013790) 
[2024/03/19 02:42:21 142] lgi        298  LGI_MSG_INIT  
[2024/03/19 02:42:21 142] lgi        305  lgi  lgi_  268436457  1573451739  
[2024/03/19 02:42:21 143] lgi        403  token:  nil  
[2024/03/19 02:42:21 143] lgi        476  msc cver : 5.0.44.1288  
[2024/03/19 02:42:21 143] lgi        519  ns_enable=  1  
[2024/03/19 02:42:21 143] lgi        531  prot_ver=1  
[2024/03/19 02:42:21 143] lgi        542  prot_type=tcp  
[2024/03/19 02:42:21 143] lgi        693  SYS_MSG_UNLOAD  go bg!  
============================================================
Time  2024/03/19 02:43:15 855 
============================================================
[2024/03/19 02:43:15 855] lgi        684  SYS_MSG_LOAD  
[2024/03/19 02:43:15 857] lgi        706  SYS_MSG_REGCB  msp_status_cb  func(3c0139a0) 
[2024/03/19 02:43:15 857] lgi        298  LGI_MSG_INIT  
[2024/03/19 02:43:15 857] lgi        305  lgi  lgi_  268436457  1573451739  
[2024/03/19 02:43:15 857] lgi        403  token:  nil  
[2024/03/19 02:43:15 858] lgi        476  msc cver : 5.0.44.1288  
[2024/03/19 02:43:15 858] lgi        519  ns_enable=  1  
[2024/03/19 02:43:15 858] lgi        531  prot_ver=1  
[2024/03/19 02:43:15 858] lgi        542  prot_type=tcp  
[2024/03/19 02:43:15 858] lgi        693  SYS_MSG_UNLOAD  go bg!  
============================================================
Time  2024/03/19 02:43:41 374 
============================================================
[2024/03/19 02:43:41 374] lgi        684  SYS_MSG_LOAD  
[2024/03/19 02:43:41 374] lgi        706  SYS_MSG_REGCB  msp_status_cb  func(7c0139a0) 
[2024/03/19 02:43:41 374] lgi        298  LGI_MSG_INIT  
[2024/03/19 02:43:41 374] lgi        305  lgi  lgi_  268436457  1573451739  
[2024/03/19 02:43:41 374] lgi        403  token:  nil  
[2024/03/19 02:43:41 374] lgi        476  msc cver : 5.0.44.1288  
[2024/03/19 02:43:41 374] lgi        519  ns_enable=  1  
[2024/03/19 02:43:41 374] lgi        531  prot_ver=1  
[2024/03/19 02:43:41 374] lgi        542  prot_type=tcp  
[2024/03/19 02:43:41 374] lgi        693  SYS_MSG_UNLOAD  go bg!  
============================================================
Time  2024/03/19 02:56:20 079 
============================================================
[2024/03/19 02:56:20 079] lgi        684  SYS_MSG_LOAD  
[2024/03/19 02:56:20 081] lgi        706  SYS_MSG_REGCB  msp_status_cb  func(139a0) 
[2024/03/19 02:56:20 081] lgi        298  LGI_MSG_INIT  
[2024/03/19 02:56:20 081] lgi        305  lgi  lgi_  268436457  1573451739  
[2024/03/19 02:56:20 081] lgi        403  token:  nil  
[2024/03/19 02:56:20 081] lgi        476  msc cver : 5.0.44.1288  
[2024/03/19 02:56:20 082] lgi        519  ns_enable=  1  
[2024/03/19 02:56:20 082] lgi        531  prot_ver=1  
[2024/03/19 02:56:20 082] lgi        542  prot_type=tcp  
[2024/03/19 02:56:20 082] lgi        693  SYS_MSG_UNLOAD  go bg!  
[2024/03/19 02:56:53 814] lgi        697  SYS_MSG_SHUTDOWN  
============================================================
Time  2024/03/19 02:57:36 471 
============================================================
[2024/03/19 02:57:36 471] lgi        684  SYS_MSG_LOAD  
[2024/03/19 02:57:36 471] lgi        706  SYS_MSG_REGCB  msp_status_cb  func(780139a0) 
[2024/03/19 02:57:36 471] lgi        298  LGI_MSG_INIT  
[2024/03/19 02:57:36 471] lgi        305  lgi  lgi_  268436457  1573451739  
[2024/03/19 02:57:36 471] lgi        403  token:  nil  
[2024/03/19 02:57:36 471] lgi        476  msc cver : 5.0.44.1288  
[2024/03/19 02:57:36 471] lgi        519  ns_enable=  1  
[2024/03/19 02:57:36 471] lgi        531  prot_ver=1  
[2024/03/19 02:57:36 471] lgi        542  prot_type=tcp  
[2024/03/19 02:57:36 471] lgi        693  SYS_MSG_UNLOAD  go bg!  
[2024/03/19 02:57:54 860] lgi        697  SYS_MSG_SHUTDOWN  
============================================================
Time  2024/03/19 03:31:06 991 
============================================================
[2024/03/19 03:31:06 992] lgi        684  SYS_MSG_LOAD  
[2024/03/19 03:31:06 993] lgi        706  SYS_MSG_REGCB  msp_status_cb  func(84013790) 
[2024/03/19 03:31:06 994] lgi        298  LGI_MSG_INIT  
[2024/03/19 03:31:06 994] lgi        305  lgi  lgi_  268436457  1573451739  
[2024/03/19 03:31:06 994] lgi        403  token:  nil  
[2024/03/19 03:31:06 994] lgi        476  msc cver : 5.0.44.1288  
[2024/03/19 03:31:06 994] lgi        519  ns_enable=  1  
[2024/03/19 03:31:06 994] lgi        531  prot_ver=1  
[2024/03/19 03:31:06 994] lgi        542  prot_type=tcp  
[2024/03/19 03:31:06 995] lgi        693  SYS_MSG_UNLOAD  go bg!  
[2024/03/19 03:31:25 418] lgi        697  SYS_MSG_SHUTDOWN  
============================================================
Time  2024/03/19 03:39:27 978 
============================================================
[2024/03/19 03:39:27 978] lgi        684  SYS_MSG_LOAD  
[2024/03/19 03:39:27 978] lgi        706  SYS_MSG_REGCB  msp_status_cb  func(c0053590) 
[2024/03/19 03:39:27 978] lgi        298  LGI_MSG_INIT  
[2024/03/19 03:39:27 978] lgi        305  lgi  lgi_  268436457  1573451739  
[2024/03/19 03:39:27 978] lgi        403  token:  nil  
[2024/03/19 03:39:27 978] lgi        476  msc cver : 5.0.44.1288  
[2024/03/19 03:39:27 978] lgi        519  ns_enable=  1  
[2024/03/19 03:39:27 978] lgi        531  prot_ver=1  
[2024/03/19 03:39:27 978] lgi        542  prot_type=tcp  
[2024/03/19 03:39:27 979] lgi        693  SYS_MSG_UNLOAD  go bg!  
[2024/03/19 03:39:46 370] lgi        697  SYS_MSG_SHUTDOWN  
============================================================
Time  2024/03/19 03:40:27 912 
============================================================
[2024/03/19 03:40:27 912] lgi        684  SYS_MSG_LOAD  
[2024/03/19 03:40:27 913] lgi        706  SYS_MSG_REGCB  msp_status_cb  func(300139a0) 
[2024/03/19 03:40:27 913] lgi        298  LGI_MSG_INIT  
[2024/03/19 03:40:27 913] lgi        305  lgi  lgi_  268436457  1573451739  
[2024/03/19 03:40:27 913] lgi        403  token:  nil  
[2024/03/19 03:40:27 913] lgi        476  msc cver : 5.0.44.1288  
[2024/03/19 03:40:27 913] lgi        519  ns_enable=  1  
[2024/03/19 03:40:27 913] lgi        531  prot_ver=1  
[2024/03/19 03:40:27 913] lgi        542  prot_type=tcp  
[2024/03/19 03:40:27 913] lgi        693  SYS_MSG_UNLOAD  go bg!  
[2024/03/19 03:40:46 339] lgi        697  SYS_MSG_SHUTDOWN  
============================================================
Time  2024/03/19 03:54:31 422 
============================================================
[2024/03/19 03:54:31 422] lgi        684  SYS_MSG_LOAD  
[2024/03/19 03:54:31 422] lgi        706  SYS_MSG_REGCB  msp_status_cb  func(580139a0) 
[2024/03/19 03:54:31 422] lgi        298  LGI_MSG_INIT  
[2024/03/19 03:54:31 422] lgi        305  lgi  lgi_  268436457  1573451739  
[2024/03/19 03:54:31 422] lgi        403  token:  nil  
[2024/03/19 03:54:31 422] lgi        476  msc cver : 5.0.44.1288  
[2024/03/19 03:54:31 422] lgi        519  ns_enable=  1  
[2024/03/19 03:54:31 422] lgi        531  prot_ver=1  
[2024/03/19 03:54:31 422] lgi        542  prot_type=tcp  
[2024/03/19 03:54:31 423] lgi        693  SYS_MSG_UNLOAD  go bg!  
============================================================
Time  2024/03/19 03:55:18 428 
============================================================
[2024/03/19 03:55:18 428] lgi        684  SYS_MSG_LOAD  
[2024/03/19 03:55:18 428] lgi        706  SYS_MSG_REGCB  msp_status_cb  func(400139a0) 
[2024/03/19 03:55:18 428] lgi        298  LGI_MSG_INIT  
[2024/03/19 03:55:18 428] lgi        305  lgi  lgi_  268436457  1573451739  
[2024/03/19 03:55:18 428] lgi        403  token:  nil  
[2024/03/19 03:55:18 428] lgi        476  msc cver : 5.0.44.1288  
[2024/03/19 03:55:18 428] lgi        519  ns_enable=  1  
[2024/03/19 03:55:18 428] lgi        531  prot_ver=1  
[2024/03/19 03:55:18 428] lgi        542  prot_type=tcp  
[2024/03/19 03:55:18 428] lgi        693  SYS_MSG_UNLOAD  go bg!  
============================================================
Time  2024/03/19 03:57:05 148 
============================================================
[2024/03/19 03:57:05 148] lgi        684  SYS_MSG_LOAD  
[2024/03/19 03:57:05 149] lgi        706  SYS_MSG_REGCB  msp_status_cb  func(180139a0) 
[2024/03/19 03:57:05 149] lgi        298  LGI_MSG_INIT  
[2024/03/19 03:57:05 149] lgi        305  lgi  lgi_  268436457  1573451739  
[2024/03/19 03:57:05 149] lgi        403  token:  nil  
[2024/03/19 03:57:05 149] lgi        476  msc cver : 5.0.44.1288  
[2024/03/19 03:57:05 149] lgi        519  ns_enable=  1  
[2024/03/19 03:57:05 149] lgi        531  prot_ver=1  
[2024/03/19 03:57:05 149] lgi        542  prot_type=tcp  
[2024/03/19 03:57:05 149] lgi        693  SYS_MSG_UNLOAD  go bg!  
============================================================
Time  2024/03/19 03:58:30 188 
============================================================
[2024/03/19 03:58:30 188] lgi        684  SYS_MSG_LOAD  
[2024/03/19 03:58:30 188] lgi        706  SYS_MSG_REGCB  msp_status_cb  func(440537a0) 
[2024/03/19 03:58:30 188] lgi        298  LGI_MSG_INIT  
[2024/03/19 03:58:30 189] lgi        305  lgi  lgi_  268436457  1573451739  
[2024/03/19 03:58:30 189] lgi        403  token:  nil  
[2024/03/19 03:58:30 189] lgi        476  msc cver : 5.0.44.1288  
[2024/03/19 03:58:30 189] lgi        519  ns_enable=  1  
[2024/03/19 03:58:30 189] lgi        531  prot_ver=1  
[2024/03/19 03:58:30 189] lgi        542  prot_type=tcp  
[2024/03/19 03:58:30 189] lgi        693  SYS_MSG_UNLOAD  go bg!  
[2024/03/19 03:58:48 587] lgi        697  SYS_MSG_SHUTDOWN  
============================================================
Time  2024/03/19 03:59:09 459 
============================================================
[2024/03/19 03:59:09 459] lgi        684  SYS_MSG_LOAD  
[2024/03/19 03:59:09 459] lgi        706  SYS_MSG_REGCB  msp_status_cb  func(f80139a0) 
[2024/03/19 03:59:09 459] lgi        298  LGI_MSG_INIT  
[2024/03/19 03:59:09 459] lgi        305  lgi  lgi_  268436457  1573451739  
[2024/03/19 03:59:09 459] lgi        403  token:  nil  
[2024/03/19 03:59:09 459] lgi        476  msc cver : 5.0.44.1288  
[2024/03/19 03:59:09 459] lgi        519  ns_enable=  1  
[2024/03/19 03:59:09 459] lgi        531  prot_ver=1  
[2024/03/19 03:59:09 459] lgi        542  prot_type=tcp  
[2024/03/19 03:59:09 459] lgi        693  SYS_MSG_UNLOAD  go bg!  
[2024/03/19 03:59:27 888] lgi        697  SYS_MSG_SHUTDOWN  
============================================================
Time  2024/03/19 04:00:50 510 
============================================================
[2024/03/19 04:00:50 510] lgi        684  SYS_MSG_LOAD  
[2024/03/19 04:00:50 510] lgi        706  SYS_MSG_REGCB  msp_status_cb  func(c80139a0) 
[2024/03/19 04:00:50 510] lgi        298  LGI_MSG_INIT  
[2024/03/19 04:00:50 510] lgi        305  lgi  lgi_  268436457  1573451739  
[2024/03/19 04:00:50 511] lgi        403  token:  nil  
[2024/03/19 04:00:50 511] lgi        476  msc cver : 5.0.44.1288  
[2024/03/19 04:00:50 511] lgi        519  ns_enable=  1  
[2024/03/19 04:00:50 511] lgi        531  prot_ver=1  
[2024/03/19 04:00:50 511] lgi        542  prot_type=tcp  
[2024/03/19 04:00:50 511] lgi        693  SYS_MSG_UNLOAD  go bg!  
[2024/03/19 04:01:08 912] lgi        697  SYS_MSG_SHUTDOWN  
============================================================
Time  2024/03/19 04:02:49 013 
============================================================
[2024/03/19 04:02:49 013] lgi        684  SYS_MSG_LOAD  
[2024/03/19 04:02:49 013] lgi        706  SYS_MSG_REGCB  msp_status_cb  func(140139a0) 
[2024/03/19 04:02:49 013] lgi        298  LGI_MSG_INIT  
[2024/03/19 04:02:49 013] lgi        305  lgi  lgi_  268436457  1573451739  
[2024/03/19 04:02:49 013] lgi        403  token:  nil  
[2024/03/19 04:02:49 013] lgi        476  msc cver : 5.0.44.1288  
[2024/03/19 04:02:49 013] lgi        519  ns_enable=  1  
[2024/03/19 04:02:49 013] lgi        531  prot_ver=1  
[2024/03/19 04:02:49 013] lgi        542  prot_type=tcp  
[2024/03/19 04:02:49 013] lgi        693  SYS_MSG_UNLOAD  go bg!  
[2024/03/19 04:03:07 402] lgi        697  SYS_MSG_SHUTDOWN  
============================================================
Time  2024/03/19 04:46:40 841 
============================================================
[2024/03/19 04:46:40 841] lgi        684  SYS_MSG_LOAD  
[2024/03/19 04:46:40 841] lgi        706  SYS_MSG_REGCB  msp_status_cb  func(c0139a0) 
[2024/03/19 04:46:40 841] lgi        298  LGI_MSG_INIT  
[2024/03/19 04:46:40 841] lgi        305  lgi  lgi_  268436457  1573451739  
[2024/03/19 04:46:40 841] lgi        403  token:  nil  
[2024/03/19 04:46:40 841] lgi        476  msc cver : 5.0.44.1288  
[2024/03/19 04:46:40 841] lgi        519  ns_enable=  1  
[2024/03/19 04:46:40 841] lgi        531  prot_ver=1  
[2024/03/19 04:46:40 841] lgi        542  prot_type=tcp  
[2024/03/19 04:46:40 842] lgi        693  SYS_MSG_UNLOAD  go bg!  
[2024/03/19 04:46:59 267] lgi        697  SYS_MSG_SHUTDOWN  
============================================================
Time  2024/03/19 04:47:29 944 
============================================================
[2024/03/19 04:47:29 944] lgi        684  SYS_MSG_LOAD  
[2024/03/19 04:47:29 945] lgi        706  SYS_MSG_REGCB  msp_status_cb  func(380139a0) 
[2024/03/19 04:47:29 945] lgi        298  LGI_MSG_INIT  
[2024/03/19 04:47:29 945] lgi        305  lgi  lgi_  268436457  1573451739  
[2024/03/19 04:47:29 945] lgi        403  token:  nil  
[2024/03/19 04:47:29 945] lgi        476  msc cver : 5.0.44.1288  
[2024/03/19 04:47:29 945] lgi        519  ns_enable=  1  
[2024/03/19 04:47:29 945] lgi        531  prot_ver=1  
[2024/03/19 04:47:29 945] lgi        542  prot_type=tcp  
[2024/03/19 04:47:29 945] lgi        693  SYS_MSG_UNLOAD  go bg!  
[2024/03/19 04:47:48 327] lgi        697  SYS_MSG_SHUTDOWN  
============================================================
Time  2024/03/19 04:48:45 467 
============================================================
[2024/03/19 04:48:45 467] lgi        684  SYS_MSG_LOAD  
[2024/03/19 04:48:45 468] lgi        706  SYS_MSG_REGCB  msp_status_cb  func(70013960) 
[2024/03/19 04:48:45 468] lgi        298  LGI_MSG_INIT  
[2024/03/19 04:48:45 468] lgi        305  lgi  lgi_  268436457  1573451739  
[2024/03/19 04:48:45 468] lgi        403  token:  nil  
[2024/03/19 04:48:45 468] lgi        476  msc cver : 5.0.44.1288  
[2024/03/19 04:48:45 468] lgi        519  ns_enable=  1  
[2024/03/19 04:48:45 468] lgi        531  prot_ver=1  
[2024/03/19 04:48:45 468] lgi        542  prot_type=tcp  
[2024/03/19 04:48:45 469] lgi        693  SYS_MSG_UNLOAD  go bg!  
[2024/03/19 04:49:03 855] lgi        697  SYS_MSG_SHUTDOWN  
============================================================
Time  2024/03/19 04:49:53 920 
============================================================
[2024/03/19 04:49:53 920] lgi        684  SYS_MSG_LOAD  
[2024/03/19 04:49:53 920] lgi        706  SYS_MSG_REGCB  msp_status_cb  func(a00139a0) 
[2024/03/19 04:49:53 920] lgi        298  LGI_MSG_INIT  
[2024/03/19 04:49:53 920] lgi        305  lgi  lgi_  268436457  1573451739  
[2024/03/19 04:49:53 920] lgi        403  token:  nil  
[2024/03/19 04:49:53 920] lgi        476  msc cver : 5.0.44.1288  
[2024/03/19 04:49:53 920] lgi        519  ns_enable=  1  
[2024/03/19 04:49:53 920] lgi        531  prot_ver=1  
[2024/03/19 04:49:53 920] lgi        542  prot_type=tcp  
[2024/03/19 04:49:53 921] lgi        693  SYS_MSG_UNLOAD  go bg!  
[2024/03/19 04:50:12 343] lgi        697  SYS_MSG_SHUTDOWN  
============================================================
Time  2024/03/19 04:51:40 280 
============================================================
[2024/03/19 04:51:40 280] lgi        684  SYS_MSG_LOAD  
[2024/03/19 04:51:40 281] lgi        706  SYS_MSG_REGCB  msp_status_cb  func(300139a0) 
[2024/03/19 04:51:40 281] lgi        298  LGI_MSG_INIT  
[2024/03/19 04:51:40 281] lgi        305  lgi  lgi_  268436457  1573451739  
[2024/03/19 04:51:40 281] lgi        403  token:  nil  
[2024/03/19 04:51:40 281] lgi        476  msc cver : 5.0.44.1288  
[2024/03/19 04:51:40 281] lgi        519  ns_enable=  1  
[2024/03/19 04:51:40 281] lgi        531  prot_ver=1  
[2024/03/19 04:51:40 281] lgi        542  prot_type=tcp  
[2024/03/19 04:51:40 281] lgi        693  SYS_MSG_UNLOAD  go bg!  
============================================================
Time  2024/03/19 04:51:58 147 
============================================================
[2024/03/19 04:51:58 147] lgi        684  SYS_MSG_LOAD  
[2024/03/19 04:51:58 147] lgi        706  SYS_MSG_REGCB  msp_status_cb  func(9c0139a0) 
[2024/03/19 04:51:58 147] lgi        298  LGI_MSG_INIT  
[2024/03/19 04:51:58 148] lgi        305  lgi  lgi_  268436457  1573451739  
[2024/03/19 04:51:58 148] lgi        403  token:  nil  
[2024/03/19 04:51:58 148] lgi        476  msc cver : 5.0.44.1288  
[2024/03/19 04:51:58 148] lgi        519  ns_enable=  1  
[2024/03/19 04:51:58 148] lgi        531  prot_ver=1  
[2024/03/19 04:51:58 148] lgi        542  prot_type=tcp  
[2024/03/19 04:51:58 148] lgi        693  SYS_MSG_UNLOAD  go bg!  
[2024/03/19 04:52:16 536] lgi        697  SYS_MSG_SHUTDOWN  
============================================================
Time  2024/03/19 04:54:02 509 
============================================================
[2024/03/19 04:54:02 509] lgi        684  SYS_MSG_LOAD  
[2024/03/19 04:54:02 510] lgi        706  SYS_MSG_REGCB  msp_status_cb  func(300139a0) 
[2024/03/19 04:54:02 510] lgi        298  LGI_MSG_INIT  
[2024/03/19 04:54:02 510] lgi        305  lgi  lgi_  268436457  1573451739  
[2024/03/19 04:54:02 510] lgi        403  token:  nil  
[2024/03/19 04:54:02 510] lgi        476  msc cver : 5.0.44.1288  
[2024/03/19 04:54:02 510] lgi        519  ns_enable=  1  
[2024/03/19 04:54:02 510] lgi        531  prot_ver=1  
[2024/03/19 04:54:02 510] lgi        542  prot_type=tcp  
[2024/03/19 04:54:02 510] lgi        693  SYS_MSG_UNLOAD  go bg!  
============================================================
Time  2024/03/19 04:55:39 527 
============================================================
[2024/03/19 04:55:39 527] lgi        684  SYS_MSG_LOAD  
[2024/03/19 04:55:39 527] lgi        706  SYS_MSG_REGCB  msp_status_cb  func(a00139a0) 
[2024/03/19 04:55:39 527] lgi        298  LGI_MSG_INIT  
[2024/03/19 04:55:39 527] lgi        305  lgi  lgi_  268436457  1573451739  
[2024/03/19 04:55:39 527] lgi        403  token:  nil  
[2024/03/19 04:55:39 527] lgi        476  msc cver : 5.0.44.1288  
[2024/03/19 04:55:39 527] lgi        519  ns_enable=  1  
[2024/03/19 04:55:39 527] lgi        531  prot_ver=1  
[2024/03/19 04:55:39 527] lgi        542  prot_type=tcp  
[2024/03/19 04:55:39 527] lgi        693  SYS_MSG_UNLOAD  go bg!  
============================================================
Time  2024/03/19 04:56:50 808 
============================================================
[2024/03/19 04:56:50 808] lgi        684  SYS_MSG_LOAD  
[2024/03/19 04:56:50 809] lgi        706  SYS_MSG_REGCB  msp_status_cb  func(f40139a0) 
[2024/03/19 04:56:50 809] lgi        298  LGI_MSG_INIT  
[2024/03/19 04:56:50 809] lgi        305  lgi  lgi_  268436457  1573451739  
[2024/03/19 04:56:50 809] lgi        403  token:  nil  
[2024/03/19 04:56:50 809] lgi        476  msc cver : 5.0.44.1288  
[2024/03/19 04:56:50 809] lgi        519  ns_enable=  1  
[2024/03/19 04:56:50 809] lgi        531  prot_ver=1  
[2024/03/19 04:56:50 809] lgi        542  prot_type=tcp  
[2024/03/19 04:56:50 809] lgi        693  SYS_MSG_UNLOAD  go bg!  
[2024/03/19 04:57:09 827] lgi        697  SYS_MSG_SHUTDOWN  
============================================================
Time  2024/03/19 04:58:19 395 
============================================================
[2024/03/19 04:58:19 395] lgi        684  SYS_MSG_LOAD  
[2024/03/19 04:58:19 395] lgi        706  SYS_MSG_REGCB  msp_status_cb  func(980139a0) 
[2024/03/19 04:58:19 396] lgi        298  LGI_MSG_INIT  
[2024/03/19 04:58:19 396] lgi        305  lgi  lgi_  268436457  1573451739  
[2024/03/19 04:58:19 396] lgi        403  token:  nil  
[2024/03/19 04:58:19 396] lgi        476  msc cver : 5.0.44.1288  
[2024/03/19 04:58:19 396] lgi        519  ns_enable=  1  
[2024/03/19 04:58:19 396] lgi        531  prot_ver=1  
[2024/03/19 04:58:19 396] lgi        542  prot_type=tcp  
[2024/03/19 04:58:19 396] lgi        693  SYS_MSG_UNLOAD  go bg!  
[2024/03/19 04:58:41 922] lgi        697  SYS_MSG_SHUTDOWN  
============================================================
Time  2024/03/19 04:58:50 265 
============================================================
[2024/03/19 04:58:50 265] lgi        684  SYS_MSG_LOAD  
[2024/03/19 04:58:50 266] lgi        706  SYS_MSG_REGCB  msp_status_cb  func(340139a0) 
[2024/03/19 04:58:50 266] lgi        298  LGI_MSG_INIT  
[2024/03/19 04:58:50 266] lgi        305  lgi  lgi_  268436457  1573451739  
[2024/03/19 04:58:50 266] lgi        403  token:  nil  
[2024/03/19 04:58:50 266] lgi        476  msc cver : 5.0.44.1288  
[2024/03/19 04:58:50 266] lgi        519  ns_enable=  1  
[2024/03/19 04:58:50 266] lgi        531  prot_ver=1  
[2024/03/19 04:58:50 266] lgi        542  prot_type=tcp  
[2024/03/19 04:58:50 266] lgi        693  SYS_MSG_UNLOAD  go bg!  
============================================================
Time  2024/03/19 04:59:02 766 
============================================================
[2024/03/19 04:59:02 766] lgi        684  SYS_MSG_LOAD  
[2024/03/19 04:59:02 766] lgi        706  SYS_MSG_REGCB  msp_status_cb  func(3c0139a0) 
[2024/03/19 04:59:02 766] lgi        298  LGI_MSG_INIT  
[2024/03/19 04:59:02 766] lgi        305  lgi  lgi_  268436457  1573451739  
[2024/03/19 04:59:02 766] lgi        403  token:  nil  
[2024/03/19 04:59:02 766] lgi        476  msc cver : 5.0.44.1288  
[2024/03/19 04:59:02 767] lgi        519  ns_enable=  1  
[2024/03/19 04:59:02 767] lgi        531  prot_ver=1  
[2024/03/19 04:59:02 767] lgi        542  prot_type=tcp  
[2024/03/19 04:59:02 767] lgi        693  SYS_MSG_UNLOAD  go bg!  
[2024/03/19 04:59:22 261] lgi        697  SYS_MSG_SHUTDOWN  
============================================================
Time  2024/03/19 05:02:44 475 
============================================================
[2024/03/19 05:02:44 475] lgi        684  SYS_MSG_LOAD  
[2024/03/19 05:02:44 477] lgi        706  SYS_MSG_REGCB  msp_status_cb  func(3c0537a0) 
[2024/03/19 05:02:44 477] lgi        298  LGI_MSG_INIT  
[2024/03/19 05:02:44 478] lgi        305  lgi  lgi_  268436457  1573451739  
[2024/03/19 05:02:44 478] lgi        403  token:  nil  
[2024/03/19 05:02:44 478] lgi        476  msc cver : 5.0.44.1288  
[2024/03/19 05:02:44 478] lgi        519  ns_enable=  1  
[2024/03/19 05:02:44 478] lgi        531  prot_ver=1  
[2024/03/19 05:02:44 478] lgi        542  prot_type=tcp  
[2024/03/19 05:02:44 479] lgi        693  SYS_MSG_UNLOAD  go bg!  
[2024/03/19 05:02:59 889] lgi        697  SYS_MSG_SHUTDOWN  
============================================================
Time  2024/03/19 05:09:17 480 
============================================================
[2024/03/19 05:09:17 480] lgi        684  SYS_MSG_LOAD  
[2024/03/19 05:09:17 480] lgi        706  SYS_MSG_REGCB  msp_status_cb  func(80139a0) 
[2024/03/19 05:09:17 481] lgi        298  LGI_MSG_INIT  
[2024/03/19 05:09:17 481] lgi        305  lgi  lgi_  268436457  1573451739  
[2024/03/19 05:09:17 481] lgi        403  token:  nil  
[2024/03/19 05:09:17 481] lgi        476  msc cver : 5.0.44.1288  
[2024/03/19 05:09:17 481] lgi        519  ns_enable=  1  
[2024/03/19 05:09:17 481] lgi        531  prot_ver=1  
[2024/03/19 05:09:17 481] lgi        542  prot_type=tcp  
[2024/03/19 05:09:17 481] lgi        693  SYS_MSG_UNLOAD  go bg!  
[2024/03/19 05:09:32 898] lgi        697  SYS_MSG_SHUTDOWN  
============================================================
Time  2024/03/19 05:52:05 436 
============================================================
[2024/03/19 05:52:05 436] lgi        684  SYS_MSG_LOAD  
[2024/03/19 05:52:05 436] lgi        706  SYS_MSG_REGCB  msp_status_cb  func(139a0) 
[2024/03/19 05:52:05 436] lgi        298  LGI_MSG_INIT  
[2024/03/19 05:52:05 436] lgi        305  lgi  lgi_  268436457  1573451739  
[2024/03/19 05:52:05 436] lgi        403  token:  nil  
[2024/03/19 05:52:05 436] lgi        476  msc cver : 5.0.44.1288  
[2024/03/19 05:52:05 436] lgi        519  ns_enable=  1  
[2024/03/19 05:52:05 436] lgi        531  prot_ver=1  
[2024/03/19 05:52:05 436] lgi        542  prot_type=tcp  
[2024/03/19 05:52:05 436] lgi        693  SYS_MSG_UNLOAD  go bg!  
[2024/03/19 05:52:25 162] lgi        697  SYS_MSG_SHUTDOWN  
============================================================
Time  2024/03/19 05:53:23 237 
============================================================
[2024/03/19 05:53:23 237] lgi        684  SYS_MSG_LOAD  
[2024/03/19 05:53:23 237] lgi        706  SYS_MSG_REGCB  msp_status_cb  func(d4013960) 
[2024/03/19 05:53:23 238] lgi        298  LGI_MSG_INIT  
[2024/03/19 05:53:23 238] lgi        305  lgi  lgi_  268436457  1573451739  
[2024/03/19 05:53:23 238] lgi        403  token:  nil  
[2024/03/19 05:53:23 238] lgi        476  msc cver : 5.0.44.1288  
[2024/03/19 05:53:23 238] lgi        519  ns_enable=  1  
[2024/03/19 05:53:23 238] lgi        531  prot_ver=1  
[2024/03/19 05:53:23 238] lgi        542  prot_type=tcp  
[2024/03/19 05:53:23 238] lgi        693  SYS_MSG_UNLOAD  go bg!  
[2024/03/19 05:53:38 660] lgi        697  SYS_MSG_SHUTDOWN  
============================================================
Time  2024/03/19 06:01:53 299 
============================================================
[2024/03/19 06:01:53 299] lgi        684  SYS_MSG_LOAD  
[2024/03/19 06:01:53 299] lgi        706  SYS_MSG_REGCB  msp_status_cb  func(9c0139a0) 
[2024/03/19 06:01:53 299] lgi        298  LGI_MSG_INIT  
[2024/03/19 06:01:53 299] lgi        305  lgi  lgi_  268436457  1573451739  
[2024/03/19 06:01:53 299] lgi        403  token:  nil  
[2024/03/19 06:01:53 299] lgi        476  msc cver : 5.0.44.1288  
[2024/03/19 06:01:53 299] lgi        519  ns_enable=  1  
[2024/03/19 06:01:53 299] lgi        531  prot_ver=1  
[2024/03/19 06:01:53 299] lgi        542  prot_type=tcp  
[2024/03/19 06:01:53 299] lgi        693  SYS_MSG_UNLOAD  go bg!  
[2024/03/19 06:02:08 708] lgi        697  SYS_MSG_SHUTDOWN  
============================================================
Time  2024/03/19 06:02:38 532 
============================================================
[2024/03/19 06:02:38 532] lgi        684  SYS_MSG_LOAD  
[2024/03/19 06:02:38 532] lgi        706  SYS_MSG_REGCB  msp_status_cb  func(580537a0) 
[2024/03/19 06:02:38 532] lgi        298  LGI_MSG_INIT  
[2024/03/19 06:02:38 532] lgi        305  lgi  lgi_  268436457  1573451739  
[2024/03/19 06:02:38 532] lgi        403  token:  nil  
[2024/03/19 06:02:38 532] lgi        476  msc cver : 5.0.44.1288  
[2024/03/19 06:02:38 532] lgi        519  ns_enable=  1  
[2024/03/19 06:02:38 532] lgi        531  prot_ver=1  
[2024/03/19 06:02:38 532] lgi        542  prot_type=tcp  
[2024/03/19 06:02:38 532] lgi        693  SYS_MSG_UNLOAD  go bg!  
[2024/03/19 06:02:41 549] lgi        697  SYS_MSG_SHUTDOWN  
============================================================
Time  2024/03/19 06:02:50 909 
============================================================
[2024/03/19 06:02:50 909] lgi        684  SYS_MSG_LOAD  
[2024/03/19 06:02:50 909] lgi        706  SYS_MSG_REGCB  msp_status_cb  func(6c013960) 
[2024/03/19 06:02:50 909] lgi        298  LGI_MSG_INIT  
[2024/03/19 06:02:50 910] lgi        305  lgi  lgi_  268436457  1573451739  
[2024/03/19 06:02:50 910] lgi        403  token:  nil  
[2024/03/19 06:02:50 910] lgi        476  msc cver : 5.0.44.1288  
[2024/03/19 06:02:50 910] lgi        519  ns_enable=  1  
[2024/03/19 06:02:50 910] lgi        531  prot_ver=1  
[2024/03/19 06:02:50 910] lgi        542  prot_type=tcp  
[2024/03/19 06:02:50 910] lgi        693  SYS_MSG_UNLOAD  go bg!  
[2024/03/19 06:02:55 377] lgi        697  SYS_MSG_SHUTDOWN  
============================================================
Time  2024/03/19 06:04:42 684 
============================================================
[2024/03/19 06:04:42 684] lgi        684  SYS_MSG_LOAD  
[2024/03/19 06:04:42 685] lgi        706  SYS_MSG_REGCB  msp_status_cb  func(b40139a0) 
[2024/03/19 06:04:42 685] lgi        298  LGI_MSG_INIT  
[2024/03/19 06:04:42 685] lgi        305  lgi  lgi_  268436457  1573451739  
[2024/03/19 06:04:42 685] lgi        403  token:  nil  
[2024/03/19 06:04:42 685] lgi        476  msc cver : 5.0.44.1288  
[2024/03/19 06:04:42 685] lgi        519  ns_enable=  1  
[2024/03/19 06:04:42 685] lgi        531  prot_ver=1  
[2024/03/19 06:04:42 685] lgi        542  prot_type=tcp  
[2024/03/19 06:04:42 685] lgi        693  SYS_MSG_UNLOAD  go bg!  
[2024/03/19 06:04:44 581] lgi        697  SYS_MSG_SHUTDOWN  
============================================================
Time  2024/03/19 06:05:09 258 
============================================================
[2024/03/19 06:05:09 258] lgi        684  SYS_MSG_LOAD  
[2024/03/19 06:05:09 258] lgi        706  SYS_MSG_REGCB  msp_status_cb  func(f40139a0) 
[2024/03/19 06:05:09 258] lgi        298  LGI_MSG_INIT  
[2024/03/19 06:05:09 258] lgi        305  lgi  lgi_  268436457  1573451739  
[2024/03/19 06:05:09 258] lgi        403  token:  nil  
[2024/03/19 06:05:09 258] lgi        476  msc cver : 5.0.44.1288  
[2024/03/19 06:05:09 258] lgi        519  ns_enable=  1  
[2024/03/19 06:05:09 258] lgi        531  prot_ver=1  
[2024/03/19 06:05:09 258] lgi        542  prot_type=tcp  
[2024/03/19 06:05:09 258] lgi        693  SYS_MSG_UNLOAD  go bg!  
============================================================
Time  2024/03/19 06:05:22 719 
============================================================
[2024/03/19 06:05:22 719] lgi        684  SYS_MSG_LOAD  
[2024/03/19 06:05:22 719] lgi        706  SYS_MSG_REGCB  msp_status_cb  func(100537a0) 
[2024/03/19 06:05:22 719] lgi        298  LGI_MSG_INIT  
[2024/03/19 06:05:22 719] lgi        305  lgi  lgi_  268436457  1573451739  
[2024/03/19 06:05:22 719] lgi        403  token:  nil  
[2024/03/19 06:05:22 719] lgi        476  msc cver : 5.0.44.1288  
[2024/03/19 06:05:22 720] lgi        519  ns_enable=  1  
[2024/03/19 06:05:22 720] lgi        531  prot_ver=1  
[2024/03/19 06:05:22 720] lgi        542  prot_type=tcp  
[2024/03/19 06:05:22 720] lgi        693  SYS_MSG_UNLOAD  go bg!  
[2024/03/19 06:05:40 045] lgi        697  SYS_MSG_SHUTDOWN  
============================================================
Time  2024/03/19 06:06:09 199 
============================================================
[2024/03/19 06:06:09 199] lgi        684  SYS_MSG_LOAD  
[2024/03/19 06:06:09 199] lgi        706  SYS_MSG_REGCB  msp_status_cb  func(3c0139a0) 
[2024/03/19 06:06:09 199] lgi        298  LGI_MSG_INIT  
[2024/03/19 06:06:09 199] lgi        305  lgi  lgi_  268436457  1573451739  
[2024/03/19 06:06:09 199] lgi        403  token:  nil  
[2024/03/19 06:06:09 200] lgi        476  msc cver : 5.0.44.1288  
[2024/03/19 06:06:09 200] lgi        519  ns_enable=  1  
[2024/03/19 06:06:09 200] lgi        531  prot_ver=1  
[2024/03/19 06:06:09 200] lgi        542  prot_type=tcp  
[2024/03/19 06:06:09 200] lgi        693  SYS_MSG_UNLOAD  go bg!  
[2024/03/19 06:06:11 153] lgi        697  SYS_MSG_SHUTDOWN  
============================================================
Time  2024/03/19 06:06:28 227 
============================================================
[2024/03/19 06:06:28 227] lgi        684  SYS_MSG_LOAD  
[2024/03/19 06:06:28 227] lgi        706  SYS_MSG_REGCB  msp_status_cb  func(440537b0) 
[2024/03/19 06:06:28 227] lgi        298  LGI_MSG_INIT  
[2024/03/19 06:06:28 227] lgi        305  lgi  lgi_  268436457  1573451739  
[2024/03/19 06:06:28 227] lgi        403  token:  nil  
[2024/03/19 06:06:28 227] lgi        476  msc cver : 5.0.44.1288  
[2024/03/19 06:06:28 227] lgi        519  ns_enable=  1  
[2024/03/19 06:06:28 227] lgi        531  prot_ver=1  
[2024/03/19 06:06:28 227] lgi        542  prot_type=tcp  
[2024/03/19 06:06:28 227] lgi        693  SYS_MSG_UNLOAD  go bg!  
[2024/03/19 06:06:43 641] lgi        697  SYS_MSG_SHUTDOWN  
============================================================
Time  2024/03/19 06:08:03 443 
============================================================
[2024/03/19 06:08:03 443] lgi        684  SYS_MSG_LOAD  
[2024/03/19 06:08:03 443] lgi        706  SYS_MSG_REGCB  msp_status_cb  func(c40139a0) 
[2024/03/19 06:08:03 443] lgi        298  LGI_MSG_INIT  
[2024/03/19 06:08:03 443] lgi        305  lgi  lgi_  268436457  1573451739  
[2024/03/19 06:08:03 443] lgi        403  token:  nil  
[2024/03/19 06:08:03 443] lgi        476  msc cver : 5.0.44.1288  
[2024/03/19 06:08:03 443] lgi        519  ns_enable=  1  
[2024/03/19 06:08:03 443] lgi        531  prot_ver=1  
[2024/03/19 06:08:03 443] lgi        542  prot_type=tcp  
[2024/03/19 06:08:03 443] lgi        693  SYS_MSG_UNLOAD  go bg!  
[2024/03/19 06:08:18 844] lgi        697  SYS_MSG_SHUTDOWN  
============================================================
Time  2024/03/19 06:10:00 828 
============================================================
[2024/03/19 06:10:00 828] lgi        684  SYS_MSG_LOAD  
[2024/03/19 06:10:00 828] lgi        706  SYS_MSG_REGCB  msp_status_cb  func(4013960) 
[2024/03/19 06:10:00 828] lgi        298  LGI_MSG_INIT  
[2024/03/19 06:10:00 828] lgi        305  lgi  lgi_  268436457  1573451739  
[2024/03/19 06:10:00 828] lgi        403  token:  nil  
[2024/03/19 06:10:00 828] lgi        476  msc cver : 5.0.44.1288  
[2024/03/19 06:10:00 828] lgi        519  ns_enable=  1  
[2024/03/19 06:10:00 828] lgi        531  prot_ver=1  
[2024/03/19 06:10:00 828] lgi        542  prot_type=tcp  
[2024/03/19 06:10:00 829] lgi        693  SYS_MSG_UNLOAD  go bg!  
============================================================
Time  2024/03/19 06:10:15 508 
============================================================
[2024/03/19 06:10:15 508] lgi        684  SYS_MSG_LOAD  
[2024/03/19 06:10:15 509] lgi        706  SYS_MSG_REGCB  msp_status_cb  func(139a0) 
[2024/03/19 06:10:15 509] lgi        298  LGI_MSG_INIT  
[2024/03/19 06:10:15 509] lgi        305  lgi  lgi_  268436457  1573451739  
[2024/03/19 06:10:15 509] lgi        403  token:  nil  
[2024/03/19 06:10:15 509] lgi        476  msc cver : 5.0.44.1288  
[2024/03/19 06:10:15 509] lgi        519  ns_enable=  1  
[2024/03/19 06:10:15 509] lgi        531  prot_ver=1  
[2024/03/19 06:10:15 509] lgi        542  prot_type=tcp  
[2024/03/19 06:10:15 509] lgi        693  SYS_MSG_UNLOAD  go bg!  
[2024/03/19 06:10:35 038] lgi        697  SYS_MSG_SHUTDOWN  
============================================================
Time  2024/03/19 06:10:55 099 
============================================================
[2024/03/19 06:10:55 099] lgi        684  SYS_MSG_LOAD  
[2024/03/19 06:10:55 099] lgi        706  SYS_MSG_REGCB  msp_status_cb  func(80139a0) 
[2024/03/19 06:10:55 099] lgi        298  LGI_MSG_INIT  
[2024/03/19 06:10:55 099] lgi        305  lgi  lgi_  268436457  1573451739  
[2024/03/19 06:10:55 100] lgi        403  token:  nil  
[2024/03/19 06:10:55 100] lgi        476  msc cver : 5.0.44.1288  
[2024/03/19 06:10:55 100] lgi        519  ns_enable=  1  
[2024/03/19 06:10:55 100] lgi        531  prot_ver=1  
[2024/03/19 06:10:55 100] lgi        542  prot_type=tcp  
[2024/03/19 06:10:55 100] lgi        693  SYS_MSG_UNLOAD  go bg!  
============================================================
Time  2024/03/19 06:11:00 849 
============================================================
[2024/03/19 06:11:00 849] lgi        684  SYS_MSG_LOAD  
[2024/03/19 06:11:00 851] lgi        706  SYS_MSG_REGCB  msp_status_cb  func(780537b0) 
[2024/03/19 06:11:00 851] lgi        298  LGI_MSG_INIT  
[2024/03/19 06:11:00 851] lgi        305  lgi  lgi_  268436457  1573451739  
[2024/03/19 06:11:00 851] lgi        403  token:  nil  
[2024/03/19 06:11:00 851] lgi        476  msc cver : 5.0.44.1288  
[2024/03/19 06:11:00 851] lgi        519  ns_enable=  1  
[2024/03/19 06:11:00 851] lgi        531  prot_ver=1  
[2024/03/19 06:11:00 851] lgi        542  prot_type=tcp  
[2024/03/19 06:11:00 852] lgi        693  SYS_MSG_UNLOAD  go bg!  
============================================================
Time  2024/03/19 06:29:12 449 
============================================================
[2024/03/19 06:29:12 449] lgi        684  SYS_MSG_LOAD  
[2024/03/19 06:29:12 449] lgi        706  SYS_MSG_REGCB  msp_status_cb  func(8c0537a0) 
[2024/03/19 06:29:12 449] lgi        298  LGI_MSG_INIT  
[2024/03/19 06:29:12 450] lgi        305  lgi  lgi_  268436457  1573451739  
[2024/03/19 06:29:12 450] lgi        403  token:  nil  
[2024/03/19 06:29:12 450] lgi        476  msc cver : 5.0.44.1288  
[2024/03/19 06:29:12 450] lgi        519  ns_enable=  1  
[2024/03/19 06:29:12 450] lgi        531  prot_ver=1  
[2024/03/19 06:29:12 450] lgi        542  prot_type=tcp  
[2024/03/19 06:29:12 450] lgi        693  SYS_MSG_UNLOAD  go bg!  
[2024/03/19 06:29:27 832] lgi        697  SYS_MSG_SHUTDOWN  
============================================================
Time  2024/03/19 06:31:59 929 
============================================================
[2024/03/19 06:31:59 929] lgi        684  SYS_MSG_LOAD  
[2024/03/19 06:31:59 929] lgi        706  SYS_MSG_REGCB  msp_status_cb  func(580139a0) 
[2024/03/19 06:31:59 929] lgi        298  LGI_MSG_INIT  
[2024/03/19 06:31:59 929] lgi        305  lgi  lgi_  268436457  1573451739  
[2024/03/19 06:31:59 929] lgi        403  token:  nil  
[2024/03/19 06:31:59 929] lgi        476  msc cver : 5.0.44.1288  
[2024/03/19 06:31:59 929] lgi        519  ns_enable=  1  
[2024/03/19 06:31:59 929] lgi        531  prot_ver=1  
[2024/03/19 06:31:59 929] lgi        542  prot_type=tcp  
[2024/03/19 06:31:59 929] lgi        693  SYS_MSG_UNLOAD  go bg!  
[2024/03/19 06:32:17 403] lgi        697  SYS_MSG_SHUTDOWN  
============================================================
Time  2024/03/19 06:32:54 013 
============================================================
[2024/03/19 06:32:54 014] lgi        684  SYS_MSG_LOAD  
[2024/03/19 06:32:54 014] lgi        706  SYS_MSG_REGCB  msp_status_cb  func(ec0139a0) 
[2024/03/19 06:32:54 014] lgi        298  LGI_MSG_INIT  
[2024/03/19 06:32:54 014] lgi        305  lgi  lgi_  268436457  1573451739  
[2024/03/19 06:32:54 014] lgi        403  token:  nil  
[2024/03/19 06:32:54 014] lgi        476  msc cver : 5.0.44.1288  
[2024/03/19 06:32:54 014] lgi        519  ns_enable=  1  
[2024/03/19 06:32:54 014] lgi        531  prot_ver=1  
[2024/03/19 06:32:54 014] lgi        542  prot_type=tcp  
[2024/03/19 06:32:54 014] lgi        693  SYS_MSG_UNLOAD  go bg!  
[2024/03/19 06:33:09 433] lgi        697  SYS_MSG_SHUTDOWN  
============================================================
Time  2024/03/19 06:33:46 734 
============================================================
[2024/03/19 06:33:46 734] lgi        684  SYS_MSG_LOAD  
[2024/03/19 06:33:46 734] lgi        706  SYS_MSG_REGCB  msp_status_cb  func(ec0139a0) 
[2024/03/19 06:33:46 734] lgi        298  LGI_MSG_INIT  
[2024/03/19 06:33:46 735] lgi        305  lgi  lgi_  268436457  1573451739  
[2024/03/19 06:33:46 735] lgi        403  token:  nil  
[2024/03/19 06:33:46 735] lgi        476  msc cver : 5.0.44.1288  
[2024/03/19 06:33:46 735] lgi        519  ns_enable=  1  
[2024/03/19 06:33:46 735] lgi        531  prot_ver=1  
[2024/03/19 06:33:46 735] lgi        542  prot_type=tcp  
[2024/03/19 06:33:46 735] lgi        693  SYS_MSG_UNLOAD  go bg!  
[2024/03/19 06:34:02 119] lgi        697  SYS_MSG_SHUTDOWN  
============================================================
Time  2024/03/19 06:34:28 104 
============================================================
[2024/03/19 06:34:28 104] lgi        684  SYS_MSG_LOAD  
[2024/03/19 06:34:28 104] lgi        706  SYS_MSG_REGCB  msp_status_cb  func(740139a0) 
[2024/03/19 06:34:28 104] lgi        298  LGI_MSG_INIT  
[2024/03/19 06:34:28 104] lgi        305  lgi  lgi_  268436457  1573451739  
[2024/03/19 06:34:28 104] lgi        403  token:  nil  
[2024/03/19 06:34:28 104] lgi        476  msc cver : 5.0.44.1288  
[2024/03/19 06:34:28 104] lgi        519  ns_enable=  1  
[2024/03/19 06:34:28 104] lgi        531  prot_ver=1  
[2024/03/19 06:34:28 104] lgi        542  prot_type=tcp  
[2024/03/19 06:34:28 104] lgi        693  SYS_MSG_UNLOAD  go bg!  
============================================================
Time  2024/03/19 06:34:43 224 
============================================================
[2024/03/19 06:34:43 224] lgi        684  SYS_MSG_LOAD  
[2024/03/19 06:34:43 224] lgi        706  SYS_MSG_REGCB  msp_status_cb  func(540139a0) 
[2024/03/19 06:34:43 225] lgi        298  LGI_MSG_INIT  
[2024/03/19 06:34:43 225] lgi        305  lgi  lgi_  268436457  1573451739  
[2024/03/19 06:34:43 225] lgi        403  token:  nil  
[2024/03/19 06:34:43 225] lgi        476  msc cver : 5.0.44.1288  
[2024/03/19 06:34:43 225] lgi        519  ns_enable=  1  
[2024/03/19 06:34:43 225] lgi        531  prot_ver=1  
[2024/03/19 06:34:43 225] lgi        542  prot_type=tcp  
[2024/03/19 06:34:43 225] lgi        693  SYS_MSG_UNLOAD  go bg!  
[2024/03/19 06:35:01 241] lgi        697  SYS_MSG_SHUTDOWN  
============================================================
Time  2024/03/19 06:46:56 254 
============================================================
[2024/03/19 06:46:56 254] lgi        684  SYS_MSG_LOAD  
[2024/03/19 06:46:56 255] lgi        706  SYS_MSG_REGCB  msp_status_cb  func(b00139a0) 
[2024/03/19 06:46:56 255] lgi        298  LGI_MSG_INIT  
[2024/03/19 06:46:56 255] lgi        305  lgi  lgi_  268436457  1573451739  
[2024/03/19 06:46:56 255] lgi        403  token:  nil  
[2024/03/19 06:46:56 255] lgi        476  msc cver : 5.0.44.1288  
[2024/03/19 06:46:56 255] lgi        519  ns_enable=  1  
[2024/03/19 06:46:56 255] lgi        531  prot_ver=1  
[2024/03/19 06:46:56 255] lgi        542  prot_type=tcp  
[2024/03/19 06:46:56 255] lgi        693  SYS_MSG_UNLOAD  go bg!  
============================================================
Time  2024/03/19 06:47:00 799 
============================================================
[2024/03/19 06:47:00 799] lgi        684  SYS_MSG_LOAD  
[2024/03/19 06:47:00 800] lgi        706  SYS_MSG_REGCB  msp_status_cb  func(840537b0) 
[2024/03/19 06:47:00 800] lgi        298  LGI_MSG_INIT  
[2024/03/19 06:47:00 800] lgi        305  lgi  lgi_  268436457  1573451739  
[2024/03/19 06:47:00 800] lgi        403  token:  nil  
[2024/03/19 06:47:00 800] lgi        476  msc cver : 5.0.44.1288  
[2024/03/19 06:47:00 800] lgi        519  ns_enable=  1  
[2024/03/19 06:47:00 800] lgi        531  prot_ver=1  
[2024/03/19 06:47:00 800] lgi        542  prot_type=tcp  
[2024/03/19 06:47:00 800] lgi        693  SYS_MSG_UNLOAD  go bg!  
============================================================
Time  2024/03/19 06:47:27 981 
============================================================
[2024/03/19 06:47:27 981] lgi        684  SYS_MSG_LOAD  
[2024/03/19 06:47:27 981] lgi        706  SYS_MSG_REGCB  msp_status_cb  func(8c0139a0) 
[2024/03/19 06:47:27 981] lgi        298  LGI_MSG_INIT  
[2024/03/19 06:47:27 981] lgi        305  lgi  lgi_  268436457  1573451739  
[2024/03/19 06:47:27 982] lgi        403  token:  nil  
[2024/03/19 06:47:27 982] lgi        476  msc cver : 5.0.44.1288  
[2024/03/19 06:47:27 982] lgi        519  ns_enable=  1  
[2024/03/19 06:47:27 982] lgi        531  prot_ver=1  
[2024/03/19 06:47:27 982] lgi        542  prot_type=tcp  
[2024/03/19 06:47:27 982] lgi        693  SYS_MSG_UNLOAD  go bg!  
============================================================
Time  2024/03/19 06:47:32 816 
============================================================
[2024/03/19 06:47:32 816] lgi        684  SYS_MSG_LOAD  
[2024/03/19 06:47:32 816] lgi        706  SYS_MSG_REGCB  msp_status_cb  func(80139a0) 
[2024/03/19 06:47:32 816] lgi        298  LGI_MSG_INIT  
[2024/03/19 06:47:32 817] lgi        305  lgi  lgi_  268436457  1573451739  
[2024/03/19 06:47:32 817] lgi        403  token:  nil  
[2024/03/19 06:47:32 817] lgi        476  msc cver : 5.0.44.1288  
[2024/03/19 06:47:32 817] lgi        519  ns_enable=  1  
[2024/03/19 06:47:32 817] lgi        531  prot_ver=1  
[2024/03/19 06:47:32 817] lgi        542  prot_type=tcp  
[2024/03/19 06:47:32 817] lgi        693  SYS_MSG_UNLOAD  go bg!  
============================================================
Time  2024/03/19 06:51:51 637 
============================================================
[2024/03/19 06:51:51 637] lgi        684  SYS_MSG_LOAD  
[2024/03/19 06:51:51 637] lgi        706  SYS_MSG_REGCB  msp_status_cb  func(780139a0) 
[2024/03/19 06:51:51 637] lgi        298  LGI_MSG_INIT  
[2024/03/19 06:51:51 637] lgi        305  lgi  lgi_  268436457  1573451739  
[2024/03/19 06:51:51 637] lgi        403  token:  nil  
[2024/03/19 06:51:51 637] lgi        476  msc cver : 5.0.44.1288  
[2024/03/19 06:51:51 637] lgi        519  ns_enable=  1  
[2024/03/19 06:51:51 637] lgi        531  prot_ver=1  
[2024/03/19 06:51:51 638] lgi        542  prot_type=tcp  
[2024/03/19 06:51:51 638] lgi        693  SYS_MSG_UNLOAD  go bg!  
============================================================
Time  2024/03/19 06:51:55 485 
============================================================
[2024/03/19 06:51:55 485] lgi        684  SYS_MSG_LOAD  
[2024/03/19 06:51:55 485] lgi        706  SYS_MSG_REGCB  msp_status_cb  func(dc0139a0) 
[2024/03/19 06:51:55 485] lgi        298  LGI_MSG_INIT  
[2024/03/19 06:51:55 485] lgi        305  lgi  lgi_  268436457  1573451739  
[2024/03/19 06:51:55 485] lgi        403  token:  nil  
[2024/03/19 06:51:55 485] lgi        476  msc cver : 5.0.44.1288  
[2024/03/19 06:51:55 485] lgi        519  ns_enable=  1  
[2024/03/19 06:51:55 485] lgi        531  prot_ver=1  
[2024/03/19 06:51:55 485] lgi        542  prot_type=tcp  
[2024/03/19 06:51:55 486] lgi        693  SYS_MSG_UNLOAD  go bg!  
[2024/03/19 06:52:13 382] lgi        697  SYS_MSG_SHUTDOWN  
============================================================
Time  2024/03/20 02:24:20 436 
============================================================
[2024/03/20 02:24:20 436] lgi        684  SYS_MSG_LOAD  
[2024/03/20 02:24:20 437] lgi        706  SYS_MSG_REGCB  msp_status_cb  func(380139a0) 
[2024/03/20 02:24:20 437] lgi        298  LGI_MSG_INIT  
[2024/03/20 02:24:20 437] lgi        305  lgi  lgi_  268436457  1573451739  
[2024/03/20 02:24:20 437] lgi        403  token:  nil  
[2024/03/20 02:24:20 437] lgi        476  msc cver : 5.0.44.1288  
[2024/03/20 02:24:20 437] lgi        519  ns_enable=  1  
[2024/03/20 02:24:20 437] lgi        531  prot_ver=1  
[2024/03/20 02:24:20 437] lgi        542  prot_type=tcp  
[2024/03/20 02:24:20 437] lgi        693  SYS_MSG_UNLOAD  go bg!  
[2024/03/20 02:24:20 437] lgi        697  SYS_MSG_SHUTDOWN  
============================================================
Time  2024/03/20 02:24:25 734 
============================================================
[2024/03/20 02:24:25 734] lgi        684  SYS_MSG_LOAD  
[2024/03/20 02:24:25 734] lgi        706  SYS_MSG_REGCB  msp_status_cb  func(7c0139a0) 
[2024/03/20 02:24:25 734] lgi        298  LGI_MSG_INIT  
[2024/03/20 02:24:25 734] lgi        305  lgi  lgi_  268436457  1573451739  
[2024/03/20 02:24:25 734] lgi        403  token:  nil  
[2024/03/20 02:24:25 734] lgi        476  msc cver : 5.0.44.1288  
[2024/03/20 02:24:25 734] lgi        519  ns_enable=  1  
[2024/03/20 02:24:25 734] lgi        531  prot_ver=1  
[2024/03/20 02:24:25 734] lgi        542  prot_type=tcp  
[2024/03/20 02:24:25 734] lgi        693  SYS_MSG_UNLOAD  go bg!  
[2024/03/20 02:24:25 735] lgi        697  SYS_MSG_SHUTDOWN  
============================================================
Time  2024/03/20 02:42:39 630 
============================================================
[2024/03/20 02:42:39 630] lgi        684  SYS_MSG_LOAD  
[2024/03/20 02:42:39 632] lgi        706  SYS_MSG_REGCB  msp_status_cb  func(d00139a0) 
[2024/03/20 02:42:39 632] lgi        298  LGI_MSG_INIT  
[2024/03/20 02:42:39 632] lgi        305  lgi  lgi_  268436457  1573451739  
[2024/03/20 02:42:39 632] lgi        403  token:  nil  
[2024/03/20 02:42:39 632] lgi        476  msc cver : 5.0.44.1288  
[2024/03/20 02:42:39 632] lgi        519  ns_enable=  1  
[2024/03/20 02:42:39 632] lgi        531  prot_ver=1  
[2024/03/20 02:42:39 633] lgi        542  prot_type=tcp  
[2024/03/20 02:42:39 633] lgi        693  SYS_MSG_UNLOAD  go bg!  
============================================================
Time  2024/03/20 02:42:54 739 
============================================================
[2024/03/20 02:42:54 739] lgi        684  SYS_MSG_LOAD  
[2024/03/20 02:42:54 740] lgi        706  SYS_MSG_REGCB  msp_status_cb  func(e40139a0) 
[2024/03/20 02:42:54 740] lgi        298  LGI_MSG_INIT  
[2024/03/20 02:42:54 740] lgi        305  lgi  lgi_  268436457  1573451739  
[2024/03/20 02:42:54 740] lgi        403  token:  nil  
[2024/03/20 02:42:54 740] lgi        476  msc cver : 5.0.44.1288  
[2024/03/20 02:42:54 740] lgi        519  ns_enable=  1  
[2024/03/20 02:42:54 740] lgi        531  prot_ver=1  
[2024/03/20 02:42:54 740] lgi        542  prot_type=tcp  
[2024/03/20 02:42:54 740] lgi        693  SYS_MSG_UNLOAD  go bg!  
[2024/03/20 02:42:54 740] lgi        697  SYS_MSG_SHUTDOWN  
============================================================
Time  2024/03/20 02:56:44 362 
============================================================
[2024/03/20 02:56:44 362] lgi        684  SYS_MSG_LOAD  
[2024/03/20 02:56:44 362] lgi        706  SYS_MSG_REGCB  msp_status_cb  func(f40139a0) 
[2024/03/20 02:56:44 362] lgi        298  LGI_MSG_INIT  
[2024/03/20 02:56:44 362] lgi        305  lgi  lgi_  268436457  1573451739  
[2024/03/20 02:56:44 362] lgi        403  token:  nil  
[2024/03/20 02:56:44 362] lgi        476  msc cver : 5.0.44.1288  
[2024/03/20 02:56:44 362] lgi        519  ns_enable=  1  
[2024/03/20 02:56:44 362] lgi        531  prot_ver=1  
[2024/03/20 02:56:44 362] lgi        542  prot_type=tcp  
[2024/03/20 02:56:44 362] lgi        693  SYS_MSG_UNLOAD  go bg!  
============================================================
Time  2024/03/20 02:58:25 141 
============================================================
[2024/03/20 02:58:25 141] lgi        684  SYS_MSG_LOAD  
[2024/03/20 02:58:25 141] lgi        706  SYS_MSG_REGCB  msp_status_cb  func(640537b0) 
[2024/03/20 02:58:25 141] lgi        298  LGI_MSG_INIT  
[2024/03/20 02:58:25 141] lgi        305  lgi  lgi_  268436457  1573451739  
[2024/03/20 02:58:25 141] lgi        403  token:  nil  
[2024/03/20 02:58:25 141] lgi        476  msc cver : 5.0.44.1288  
[2024/03/20 02:58:25 141] lgi        519  ns_enable=  1  
[2024/03/20 02:58:25 141] lgi        531  prot_ver=1  
[2024/03/20 02:58:25 141] lgi        542  prot_type=tcp  
[2024/03/20 02:58:25 141] lgi        693  SYS_MSG_UNLOAD  go bg!  
============================================================
Time  2024/03/20 03:03:30 373 
============================================================
[2024/03/20 03:03:30 373] lgi        684  SYS_MSG_LOAD  
[2024/03/20 03:03:30 373] lgi        706  SYS_MSG_REGCB  msp_status_cb  func(2c0139a0) 
[2024/03/20 03:03:30 373] lgi        298  LGI_MSG_INIT  
[2024/03/20 03:03:30 373] lgi        305  lgi  lgi_  268436457  1573451739  
[2024/03/20 03:03:30 373] lgi        403  token:  nil  
[2024/03/20 03:03:30 373] lgi        476  msc cver : 5.0.44.1288  
[2024/03/20 03:03:30 373] lgi        519  ns_enable=  1  
[2024/03/20 03:03:30 373] lgi        531  prot_ver=1  
[2024/03/20 03:03:30 373] lgi        542  prot_type=tcp  
[2024/03/20 03:03:30 373] lgi        693  SYS_MSG_UNLOAD  go bg!  
============================================================
Time  2024/03/20 03:23:37 373 
============================================================
[2024/03/20 03:23:37 373] lgi        684  SYS_MSG_LOAD  
[2024/03/20 03:23:37 374] lgi        706  SYS_MSG_REGCB  msp_status_cb  func(58013790) 
[2024/03/20 03:23:37 374] lgi        298  LGI_MSG_INIT  
[2024/03/20 03:23:37 374] lgi        305  lgi  lgi_  268436457  1573451739  
[2024/03/20 03:23:37 374] lgi        403  token:  nil  
[2024/03/20 03:23:37 374] lgi        476  msc cver : 5.0.44.1288  
[2024/03/20 03:23:37 374] lgi        519  ns_enable=  1  
[2024/03/20 03:23:37 374] lgi        531  prot_ver=1  
[2024/03/20 03:23:37 374] lgi        542  prot_type=tcp  
[2024/03/20 03:23:37 374] lgi        693  SYS_MSG_UNLOAD  go bg!  
============================================================
Time  2024/03/20 03:27:07 409 
============================================================
[2024/03/20 03:27:07 409] lgi        684  SYS_MSG_LOAD  
[2024/03/20 03:27:07 409] lgi        706  SYS_MSG_REGCB  msp_status_cb  func(2c0537a0) 
[2024/03/20 03:27:07 409] lgi        298  LGI_MSG_INIT  
[2024/03/20 03:27:07 409] lgi        305  lgi  lgi_  268436457  1573451739  
[2024/03/20 03:27:07 409] lgi        403  token:  nil  
[2024/03/20 03:27:07 409] lgi        476  msc cver : 5.0.44.1288  
[2024/03/20 03:27:07 409] lgi        519  ns_enable=  1  
[2024/03/20 03:27:07 409] lgi        531  prot_ver=1  
[2024/03/20 03:27:07 409] lgi        542  prot_type=tcp  
[2024/03/20 03:27:07 409] lgi        693  SYS_MSG_UNLOAD  go bg!  
============================================================
Time  2024/03/20 03:28:36 967 
============================================================
[2024/03/20 03:28:36 967] lgi        684  SYS_MSG_LOAD  
[2024/03/20 03:28:36 968] lgi        706  SYS_MSG_REGCB  msp_status_cb  func(200139a0) 
[2024/03/20 03:28:36 968] lgi        298  LGI_MSG_INIT  
[2024/03/20 03:28:36 968] lgi        305  lgi  lgi_  268436457  1573451739  
[2024/03/20 03:28:36 968] lgi        403  token:  nil  
[2024/03/20 03:28:36 968] lgi        476  msc cver : 5.0.44.1288  
[2024/03/20 03:28:36 968] lgi        519  ns_enable=  1  
[2024/03/20 03:28:36 968] lgi        531  prot_ver=1  
[2024/03/20 03:28:36 968] lgi        542  prot_type=tcp  
[2024/03/20 03:28:36 968] lgi        693  SYS_MSG_UNLOAD  go bg!  
============================================================
Time  2024/03/20 03:30:54 231 
============================================================
[2024/03/20 03:30:54 231] lgi        684  SYS_MSG_LOAD  
[2024/03/20 03:30:54 231] lgi        706  SYS_MSG_REGCB  msp_status_cb  func(600139a0) 
[2024/03/20 03:30:54 231] lgi        298  LGI_MSG_INIT  
[2024/03/20 03:30:54 231] lgi        305  lgi  lgi_  268436457  1573451739  
[2024/03/20 03:30:54 231] lgi        403  token:  nil  
[2024/03/20 03:30:54 231] lgi        476  msc cver : 5.0.44.1288  
[2024/03/20 03:30:54 231] lgi        519  ns_enable=  1  
[2024/03/20 03:30:54 231] lgi        531  prot_ver=1  
[2024/03/20 03:30:54 231] lgi        542  prot_type=tcp  
[2024/03/20 03:30:54 231] lgi        693  SYS_MSG_UNLOAD  go bg!  
============================================================
Time  2024/03/20 03:31:52 211 
============================================================
[2024/03/20 03:31:52 212] lgi        684  SYS_MSG_LOAD  
[2024/03/20 03:31:52 213] lgi        706  SYS_MSG_REGCB  msp_status_cb  func(480139a0) 
[2024/03/20 03:31:52 214] lgi        298  LGI_MSG_INIT  
[2024/03/20 03:31:52 214] lgi        305  lgi  lgi_  268436457  1573451739  
[2024/03/20 03:31:52 214] lgi        403  token:  nil  
[2024/03/20 03:31:52 214] lgi        476  msc cver : 5.0.44.1288  
[2024/03/20 03:31:52 214] lgi        519  ns_enable=  1  
[2024/03/20 03:31:52 214] lgi        531  prot_ver=1  
[2024/03/20 03:31:52 214] lgi        542  prot_type=tcp  
[2024/03/20 03:31:52 215] lgi        693  SYS_MSG_UNLOAD  go bg!  
============================================================
Time  2024/03/20 03:33:32 141 
============================================================
[2024/03/20 03:33:32 141] lgi        684  SYS_MSG_LOAD  
[2024/03/20 03:33:32 141] lgi        706  SYS_MSG_REGCB  msp_status_cb  func(ec0139a0) 
[2024/03/20 03:33:32 141] lgi        298  LGI_MSG_INIT  
[2024/03/20 03:33:32 141] lgi        305  lgi  lgi_  268436457  1573451739  
[2024/03/20 03:33:32 141] lgi        403  token:  nil  
[2024/03/20 03:33:32 141] lgi        476  msc cver : 5.0.44.1288  
[2024/03/20 03:33:32 141] lgi        519  ns_enable=  1  
[2024/03/20 03:33:32 141] lgi        531  prot_ver=1  
[2024/03/20 03:33:32 141] lgi        542  prot_type=tcp  
[2024/03/20 03:33:32 141] lgi        693  SYS_MSG_UNLOAD  go bg!  
============================================================
Time  2024/03/20 03:36:11 468 
============================================================
[2024/03/20 03:36:11 468] lgi        684  SYS_MSG_LOAD  
[2024/03/20 03:36:11 469] lgi        706  SYS_MSG_REGCB  msp_status_cb  func(4c013960) 
[2024/03/20 03:36:11 469] lgi        298  LGI_MSG_INIT  
[2024/03/20 03:36:11 469] lgi        305  lgi  lgi_  268436457  1573451739  
[2024/03/20 03:36:11 469] lgi        403  token:  nil  
[2024/03/20 03:36:11 469] lgi        476  msc cver : 5.0.44.1288  
[2024/03/20 03:36:11 469] lgi        519  ns_enable=  1  
[2024/03/20 03:36:11 469] lgi        531  prot_ver=1  
[2024/03/20 03:36:11 469] lgi        542  prot_type=tcp  
[2024/03/20 03:36:11 469] lgi        693  SYS_MSG_UNLOAD  go bg!  
============================================================
Time  2024/03/20 05:30:47 991 
============================================================
[2024/03/20 05:30:47 991] lgi        684  SYS_MSG_LOAD  
[2024/03/20 05:30:47 993] lgi        706  SYS_MSG_REGCB  msp_status_cb  func(bc0139a0) 
[2024/03/20 05:30:47 994] lgi        298  LGI_MSG_INIT  
[2024/03/20 05:30:47 994] lgi        305  lgi  lgi_  268436457  1573451739  
[2024/03/20 05:30:47 994] lgi        403  token:  nil  
[2024/03/20 05:30:47 994] lgi        476  msc cver : 5.0.44.1288  
[2024/03/20 05:30:47 994] lgi        519  ns_enable=  1  
[2024/03/20 05:30:47 994] lgi        531  prot_ver=1  
[2024/03/20 05:30:47 994] lgi        542  prot_type=tcp  
[2024/03/20 05:30:47 995] lgi        693  SYS_MSG_UNLOAD  go bg!  
[2024/03/20 05:31:15 028] lgi        697  SYS_MSG_SHUTDOWN  
============================================================
Time  2024/03/20 05:33:10 750 
============================================================
[2024/03/20 05:33:10 750] lgi        684  SYS_MSG_LOAD  
[2024/03/20 05:33:10 752] lgi        706  SYS_MSG_REGCB  msp_status_cb  func(340139a0) 
[2024/03/20 05:33:10 752] lgi        298  LGI_MSG_INIT  
[2024/03/20 05:33:10 752] lgi        305  lgi  lgi_  268436457  1573451739  
[2024/03/20 05:33:10 752] lgi        403  token:  nil  
[2024/03/20 05:33:10 752] lgi        476  msc cver : 5.0.44.1288  
[2024/03/20 05:33:10 752] lgi        519  ns_enable=  1  
[2024/03/20 05:33:10 753] lgi        531  prot_ver=1  
[2024/03/20 05:33:10 753] lgi        542  prot_type=tcp  
[2024/03/20 05:33:10 753] lgi        693  SYS_MSG_UNLOAD  go bg!  
[2024/03/20 05:33:32 917] lgi        697  SYS_MSG_SHUTDOWN  
